[run.sh] Running home with 16 threads, 256 connections, and 60 seconds
[run.sh] Deleting all services
service "cart" deleted
deployment.apps "cart" deleted
service "checkout" deleted
deployment.apps "checkout" deleted
service "currency" deleted
deployment.apps "currency" deleted
service "email" deleted
deployment.apps "email" deleted
service "frontend" deleted
deployment.apps "frontend" deleted
service "payment" deleted
deployment.apps "payment" deleted
service "productcatalog" deleted
deployment.apps "productcatalog" deleted
service "recommendations" deleted
deployment.apps "recommendations" deleted
service "shipping" deleted
deployment.apps "shipping" deleted
[run.sh] Waiting for all pods to be deleted
ubuntu-client-6c977c85d8-t9fbh   1/1     Running   0          30m
[run.sh] Waiting for client to be ready
[run.sh] Client is ready
[run.sh] Deploying all services
service/cart created
deployment.apps/cart created
service/checkout created
deployment.apps/checkout created
service/currency created
deployment.apps/currency created
service/email created
deployment.apps/email created
service/frontend created
deployment.apps/frontend created
service/payment created
deployment.apps/payment created
service/productcatalog created
deployment.apps/productcatalog created
service/recommendations created
deployment.apps/recommendations created
service/shipping created
deployment.apps/shipping created
[run.sh] Waiting for all pods to be running
[run.sh] Waiting for all pods to be ready
cart-776c6f6f79-qftbm checkout-744bff58d5-ftxxj currency-77cf85dd45-m6n7v email-5469cfc7d5-8q9tz frontend-5596756fb5-pq9l5 payment-85bbf9fb97-gqrzf productcatalog-745b7cb86d-sg2xk recommendations-59b954559-d6g55 shipping-8665fcc4f9-pl9f4
[run.sh] All pods are ready
[run.sh] Checking heartbeat for all services
[run.sh] All services are ready
[run.sh] Running warmup test
Running 3s test @ http://frontend:80
  16 threads and 256 connections
  Thread Stats   Avg      Stdev     Max   +/- Stdev
    Latency   369.29ms  147.88ms 925.08ms   67.17%
    Req/Sec    43.68     20.88   111.00     65.08%
  Latency Distribution
     50%  366.68ms
     75%  473.00ms
     90%  585.40ms
     99%  795.24ms
  1991 requests in 3.10s, 7.21MB read
Requests/sec:    642.74
Transfer/sec:      2.33MB
[run.sh] /wrk/wrk -t16 -c256 -d60s -L -s /wrk/scripts/online-boutique/home.lua http://frontend:80
[run.sh] Checking the resource usage
NAME                              CPU(cores)   MEMORY(bytes)   
cart-776c6f6f79-qftbm             59m          12Mi            
checkout-744bff58d5-ftxxj         1m           3Mi             
currency-77cf85dd45-m6n7v         1m           13Mi            
email-5469cfc7d5-8q9tz            0m           3Mi             
frontend-5596756fb5-pq9l5         1m           37Mi            
payment-85bbf9fb97-gqrzf          1m           3Mi             
productcatalog-745b7cb86d-sg2xk   54m          12Mi            
recommendations-59b954559-d6g55   1m           3Mi             
shipping-8665fcc4f9-pl9f4         1m           3Mi             
ubuntu-client-6c977c85d8-t9fbh    6m           1214Mi          
Running 1m test @ http://frontend:80
  16 threads and 256 connections
  Thread Stats   Avg      Stdev     Max   +/- Stdev
    Latency   359.54ms  150.99ms   1.30s    68.60%
    Req/Sec    45.03     20.84   232.00     65.56%
  Latency Distribution
     50%  315.17ms
     75%  419.72ms
     90%  577.74ms
     99%  802.53ms
  42866 requests in 1.00m, 155.26MB read
Requests/sec:    713.63
Transfer/sec:      2.58MB
