[run.sh] Running home with 16 threads, 128 connections, and 60 seconds
[run.sh] Deleting all services
service "cart" deleted
deployment.apps "cart" deleted
service "checkout" deleted
deployment.apps "checkout" deleted
service "currency" deleted
deployment.apps "currency" deleted
service "email" deleted
deployment.apps "email" deleted
service "frontend" deleted
deployment.apps "frontend" deleted
service "payment" deleted
deployment.apps "payment" deleted
service "productcatalog" deleted
deployment.apps "productcatalog" deleted
service "recommendations" deleted
deployment.apps "recommendations" deleted
service "shipping" deleted
deployment.apps "shipping" deleted
[run.sh] Waiting for all pods to be deleted
ubuntu-client-6c977c85d8-t9fbh   1/1     Running   0          22m
[run.sh] Waiting for client to be ready
[run.sh] Client is ready
[run.sh] Deploying all services
service/cart created
deployment.apps/cart created
service/checkout created
deployment.apps/checkout created
service/currency created
deployment.apps/currency created
service/email created
deployment.apps/email created
service/frontend created
deployment.apps/frontend created
service/payment created
deployment.apps/payment created
service/productcatalog created
deployment.apps/productcatalog created
service/recommendations created
deployment.apps/recommendations created
service/shipping created
deployment.apps/shipping created
[run.sh] Waiting for all pods to be running
[run.sh] Waiting for all pods to be ready
cart-776c6f6f79-npmfc checkout-744bff58d5-wf444 currency-77cf85dd45-9nbbn email-5469cfc7d5-twss6 frontend-5596756fb5-c4pc2 payment-85bbf9fb97-z4fbv productcatalog-745b7cb86d-z24tt recommendations-59b954559-b5s2k shipping-8665fcc4f9-447sc
[run.sh] All pods are ready
[run.sh] Checking heartbeat for all services
[run.sh] All services are ready
[run.sh] Running warmup test
Running 3s test @ http://frontend:80
  16 threads and 128 connections
  Thread Stats   Avg      Stdev     Max   +/- Stdev
    Latency   186.40ms   70.72ms 584.18ms   65.74%
    Req/Sec    42.72     16.71    80.00     60.51%
  Latency Distribution
     50%  193.84ms
     75%  221.50ms
     90%  290.89ms
     99%  393.38ms
  2058 requests in 3.09s, 7.45MB read
Requests/sec:    666.44
Transfer/sec:      2.41MB
[run.sh] /wrk/wrk -t16 -c128 -d60s -L -s /wrk/scripts/online-boutique/home.lua http://frontend:80
[run.sh] Checking the resource usage
NAME                              CPU(cores)   MEMORY(bytes)   
cart-776c6f6f79-npmfc             796m         12Mi            
checkout-744bff58d5-wf444         0m           3Mi             
currency-77cf85dd45-9nbbn         782m         14Mi            
email-5469cfc7d5-twss6            0m           3Mi             
frontend-5596756fb5-c4pc2         999m         29Mi            
payment-85bbf9fb97-z4fbv          0m           3Mi             
productcatalog-745b7cb86d-z24tt   820m         12Mi            
recommendations-59b954559-b5s2k   0m           3Mi             
shipping-8665fcc4f9-447sc         0m           3Mi             
ubuntu-client-6c977c85d8-t9fbh    42m          1224Mi          
Running 1m test @ http://frontend:80
  16 threads and 128 connections
  Thread Stats   Avg      Stdev     Max   +/- Stdev
    Latency   181.51ms   81.28ms 700.02ms   70.48%
    Req/Sec    44.55     17.01   190.00     75.79%
  Latency Distribution
     50%  193.03ms
     75%  207.73ms
     90%  296.06ms
     99%  404.53ms
  42649 requests in 1.00m, 154.48MB read
Requests/sec:    709.67
Transfer/sec:      2.57MB
