[run.sh] Running home with 16 threads, 256 connections, and 60 seconds
[run.sh] Deleting all services
service "cart" deleted
deployment.apps "cart" deleted
service "checkout" deleted
deployment.apps "checkout" deleted
service "currency" deleted
deployment.apps "currency" deleted
service "email" deleted
deployment.apps "email" deleted
service "frontend" deleted
deployment.apps "frontend" deleted
service "payment" deleted
deployment.apps "payment" deleted
service "productcatalog" deleted
deployment.apps "productcatalog" deleted
service "recommendations" deleted
deployment.apps "recommendations" deleted
service "shipping" deleted
deployment.apps "shipping" deleted
[run.sh] Waiting for all pods to be deleted
ubuntu-client-6c977c85d8-t9fbh   1/1     Running   0          26m
[run.sh] Waiting for client to be ready
[run.sh] Client is ready
[run.sh] Deploying all services
service/cart created
deployment.apps/cart created
service/checkout created
deployment.apps/checkout created
service/currency created
deployment.apps/currency created
service/email created
deployment.apps/email created
service/frontend created
deployment.apps/frontend created
service/payment created
deployment.apps/payment created
service/productcatalog created
deployment.apps/productcatalog created
service/recommendations created
deployment.apps/recommendations created
service/shipping created
deployment.apps/shipping created
[run.sh] Waiting for all pods to be running
[run.sh] Waiting for all pods to be ready
cart-776c6f6f79-xqwn9 checkout-744bff58d5-pkgnp currency-77cf85dd45-jlrgb email-5469cfc7d5-ddpzb frontend-5596756fb5-dh4w8 payment-85bbf9fb97-l85dq productcatalog-745b7cb86d-qgjq9 recommendations-59b954559-mjwcm shipping-8665fcc4f9-hwh42
[run.sh] All pods are ready
[run.sh] Checking heartbeat for all services
[run.sh] All services are ready
[run.sh] Running warmup test
Running 3s test @ http://frontend:80
  16 threads and 256 connections
  Thread Stats   Avg      Stdev     Max   +/- Stdev
    Latency   374.58ms  113.90ms 876.66ms   70.71%
    Req/Sec    42.93     20.85   130.00     66.90%
  Latency Distribution
     50%  374.43ms
     75%  423.78ms
     90%  507.88ms
     99%  701.72ms
  1970 requests in 3.10s, 7.14MB read
Requests/sec:    635.33
Transfer/sec:      2.30MB
[run.sh] /wrk/wrk -t16 -c256 -d60s -L -s /wrk/scripts/online-boutique/home.lua http://frontend:80
[run.sh] Checking the resource usage
NAME                              CPU(cores)   MEMORY(bytes)   
cart-776c6f6f79-xqwn9             246m         14Mi            
checkout-744bff58d5-pkgnp         0m           3Mi             
currency-77cf85dd45-jlrgb         251m         13Mi            
email-5469cfc7d5-ddpzb            0m           3Mi             
frontend-5596756fb5-dh4w8         332m         39Mi            
payment-85bbf9fb97-l85dq          0m           3Mi             
productcatalog-745b7cb86d-qgjq9   254m         14Mi            
recommendations-59b954559-mjwcm   0m           3Mi             
shipping-8665fcc4f9-hwh42         0m           3Mi             
ubuntu-client-6c977c85d8-t9fbh    16m          1225Mi          
Running 1m test @ http://frontend:80
  16 threads and 256 connections
  Thread Stats   Avg      Stdev     Max   +/- Stdev
    Latency   366.51ms  152.07ms   1.48s    69.57%
    Req/Sec    44.25     20.58   270.00     66.14%
  Latency Distribution
     50%  352.94ms
     75%  436.07ms
     90%  577.17ms
     99%  804.95ms
  42095 requests in 1.00m, 152.47MB read
Requests/sec:    700.45
Transfer/sec:      2.54MB
