[run.sh] Running home with 16 threads, 128 connections, and 60 seconds
[run.sh] Deleting all services
service "cart" deleted
deployment.apps "cart" deleted
service "checkout" deleted
deployment.apps "checkout" deleted
service "currency" deleted
deployment.apps "currency" deleted
service "email" deleted
deployment.apps "email" deleted
service "frontend" deleted
deployment.apps "frontend" deleted
service "payment" deleted
deployment.apps "payment" deleted
service "productcatalog" deleted
deployment.apps "productcatalog" deleted
service "recommendations" deleted
deployment.apps "recommendations" deleted
service "shipping" deleted
deployment.apps "shipping" deleted
[run.sh] Waiting for all pods to be deleted
ubuntu-client-6c977c85d8-t9fbh   1/1     Running   0          24m
[run.sh] Waiting for client to be ready
[run.sh] Client is ready
[run.sh] Deploying all services
service/cart created
deployment.apps/cart created
service/checkout created
deployment.apps/checkout created
service/currency created
deployment.apps/currency created
service/email created
deployment.apps/email created
service/frontend created
deployment.apps/frontend created
service/payment created
deployment.apps/payment created
service/productcatalog created
deployment.apps/productcatalog created
service/recommendations created
deployment.apps/recommendations created
service/shipping created
deployment.apps/shipping created
[run.sh] Waiting for all pods to be running
[run.sh] Waiting for all pods to be ready
cart-776c6f6f79-mjrk5 checkout-744bff58d5-vnkd2 currency-77cf85dd45-5nznc email-5469cfc7d5-fjzwh frontend-5596756fb5-6wbvg payment-85bbf9fb97-mg24k productcatalog-745b7cb86d-lb654 recommendations-59b954559-7qxr4 shipping-8665fcc4f9-rbpch
[run.sh] All pods are ready
[run.sh] Checking heartbeat for all services
[run.sh] All services are ready
[run.sh] Running warmup test
Running 3s test @ http://frontend:80
  16 threads and 128 connections
  Thread Stats   Avg      Stdev     Max   +/- Stdev
    Latency   187.70ms   77.08ms 505.53ms   64.82%
    Req/Sec    42.06     17.22    90.00     60.64%
  Latency Distribution
     50%  193.53ms
     75%  232.48ms
     90%  297.32ms
     99%  403.35ms
  2026 requests in 3.09s, 7.34MB read
Requests/sec:    655.17
Transfer/sec:      2.37MB
[run.sh] /wrk/wrk -t16 -c128 -d60s -L -s /wrk/scripts/online-boutique/home.lua http://frontend:80
[run.sh] Checking the resource usage
NAME                              CPU(cores)   MEMORY(bytes)   
cart-776c6f6f79-mjrk5             503m         12Mi            
checkout-744bff58d5-vnkd2         1m           3Mi             
currency-77cf85dd45-5nznc         607m         13Mi            
email-5469cfc7d5-fjzwh            1m           3Mi             
frontend-5596756fb5-6wbvg         810m         28Mi            
payment-85bbf9fb97-mg24k          1m           3Mi             
productcatalog-745b7cb86d-lb654   512m         12Mi            
recommendations-59b954559-7qxr4   1m           3Mi             
shipping-8665fcc4f9-rbpch         1m           3Mi             
ubuntu-client-6c977c85d8-t9fbh    30m          1224Mi          
Running 1m test @ http://frontend:80
  16 threads and 128 connections
  Thread Stats   Avg      Stdev     Max   +/- Stdev
    Latency   184.76ms   80.31ms 703.72ms   64.20%
    Req/Sec    43.75     16.97   141.00     75.33%
  Latency Distribution
     50%  191.82ms
     75%  231.66ms
     90%  297.14ms
     99%  403.80ms
  41845 requests in 1.00m, 151.56MB read
Requests/sec:    696.27
Transfer/sec:      2.52MB
