[run.sh] Running home with 16 threads, 64 connections, and 60 seconds
[run.sh] Deleting all services
service "cart" deleted
deployment.apps "cart" deleted
service "checkout" deleted
deployment.apps "checkout" deleted
service "currency" deleted
deployment.apps "currency" deleted
service "email" deleted
deployment.apps "email" deleted
service "frontend" deleted
deployment.apps "frontend" deleted
service "payment" deleted
deployment.apps "payment" deleted
service "productcatalog" deleted
deployment.apps "productcatalog" deleted
service "recommendations" deleted
deployment.apps "recommendations" deleted
service "shipping" deleted
deployment.apps "shipping" deleted
[run.sh] Waiting for all pods to be deleted
ubuntu-client-6c977c85d8-t9fbh   1/1     Running   0          45m
[run.sh] Waiting for client to be ready
[run.sh] Client is ready
[run.sh] Deploying all services
service/cart created
deployment.apps/cart created
service/checkout created
deployment.apps/checkout created
service/currency created
deployment.apps/currency created
service/email created
deployment.apps/email created
service/frontend created
deployment.apps/frontend created
service/payment created
deployment.apps/payment created
service/productcatalog created
deployment.apps/productcatalog created
service/recommendations created
deployment.apps/recommendations created
service/shipping created
deployment.apps/shipping created
[run.sh] Waiting for all pods to be running
[run.sh] Waiting for all pods to be ready
cart-776c6f6f79-t7n8g checkout-744bff58d5-zf8cm currency-77cf85dd45-7b7xf email-5469cfc7d5-xwxlj frontend-5596756fb5-pt8nn payment-85bbf9fb97-rcw9c productcatalog-745b7cb86d-tj99l recommendations-59b954559-mp55p shipping-8665fcc4f9-5hg79
[run.sh] All pods are ready
[run.sh] Checking heartbeat for all services
[run.sh] All services are ready
[run.sh] Running warmup test
Running 3s test @ http://frontend:80
  16 threads and 64 connections
  Thread Stats   Avg      Stdev     Max   +/- Stdev
    Latency    90.28ms   36.17ms 265.31ms   69.21%
    Req/Sec    43.97     13.00    70.00     56.91%
  Latency Distribution
     50%   96.52ms
     75%  102.70ms
     90%  138.95ms
     99%  196.41ms
  2166 requests in 3.10s, 7.85MB read
Requests/sec:    698.76
Transfer/sec:      2.53MB
[run.sh] /wrk/wrk -t16 -c64 -d60s -L -s /wrk/scripts/online-boutique/home.lua http://frontend:80
[run.sh] Checking the resource usage
NAME                              CPU(cores)   MEMORY(bytes)   
cart-776c6f6f79-t7n8g             789m         10Mi            
checkout-744bff58d5-zf8cm         0m           3Mi             
currency-77cf85dd45-7b7xf         785m         12Mi            
email-5469cfc7d5-xwxlj            0m           3Mi             
frontend-5596756fb5-pt8nn         997m         21Mi            
payment-85bbf9fb97-rcw9c          1m           3Mi             
productcatalog-745b7cb86d-tj99l   812m         11Mi            
recommendations-59b954559-mp55p   1m           3Mi             
shipping-8665fcc4f9-5hg79         1m           3Mi             
ubuntu-client-6c977c85d8-t9fbh    47m          1222Mi          
Running 1m test @ http://frontend:80
  16 threads and 64 connections
  Thread Stats   Avg      Stdev     Max   +/- Stdev
    Latency    90.66ms   43.07ms 306.24ms   67.83%
    Req/Sec    44.42     13.52    90.00     56.40%
  Latency Distribution
     50%   97.29ms
     75%  102.74ms
     90%  145.76ms
     99%  195.52ms
  42614 requests in 1.00m, 154.35MB read
Requests/sec:    709.68
Transfer/sec:      2.57MB
