[run.sh] Running home with 16 threads, 128 connections, and 60 seconds
[run.sh] Deleting all services
service "cart" deleted
deployment.apps "cart" deleted
service "checkout" deleted
deployment.apps "checkout" deleted
service "currency" deleted
deployment.apps "currency" deleted
service "email" deleted
deployment.apps "email" deleted
service "frontend" deleted
deployment.apps "frontend" deleted
service "payment" deleted
deployment.apps "payment" deleted
service "productcatalog" deleted
deployment.apps "productcatalog" deleted
service "recommendations" deleted
deployment.apps "recommendations" deleted
service "shipping" deleted
deployment.apps "shipping" deleted
[run.sh] Waiting for all pods to be deleted
ubuntu-client-6c977c85d8-t9fbh   1/1     Running   0          20m
[run.sh] Waiting for client to be ready
[run.sh] Client is ready
[run.sh] Deploying all services
service/cart created
deployment.apps/cart created
service/checkout created
deployment.apps/checkout created
service/currency created
deployment.apps/currency created
service/email created
deployment.apps/email created
service/frontend created
deployment.apps/frontend created
service/payment created
deployment.apps/payment created
service/productcatalog created
deployment.apps/productcatalog created
service/recommendations created
deployment.apps/recommendations created
service/shipping created
deployment.apps/shipping created
[run.sh] Waiting for all pods to be running
[run.sh] Waiting for all pods to be ready
cart-776c6f6f79-q4m5z checkout-744bff58d5-fprhd currency-77cf85dd45-rqkz5 email-5469cfc7d5-zs7kv frontend-5596756fb5-thkmr payment-85bbf9fb97-zdh7l productcatalog-745b7cb86d-h6tkv recommendations-59b954559-j78dk shipping-8665fcc4f9-qwpq9
[run.sh] All pods are ready
[run.sh] Checking heartbeat for all services
[run.sh] All services are ready
[run.sh] Running warmup test
Running 3s test @ http://frontend:80
  16 threads and 128 connections
  Thread Stats   Avg      Stdev     Max   +/- Stdev
    Latency   188.61ms   78.36ms 506.01ms   55.86%
    Req/Sec    42.77     17.48   101.00     73.26%
  Latency Distribution
     50%  195.49ms
     75%  209.01ms
     90%  296.50ms
     99%  400.48ms
  2059 requests in 3.09s, 7.46MB read
Requests/sec:    665.89
Transfer/sec:      2.41MB
[run.sh] /wrk/wrk -t16 -c128 -d60s -L -s /wrk/scripts/online-boutique/home.lua http://frontend:80
[run.sh] Checking the resource usage
NAME                              CPU(cores)   MEMORY(bytes)   
cart-776c6f6f79-q4m5z             781m         13Mi            
checkout-744bff58d5-fprhd         1m           3Mi             
currency-77cf85dd45-rqkz5         768m         14Mi            
email-5469cfc7d5-zs7kv            0m           3Mi             
frontend-5596756fb5-thkmr         1006m        30Mi            
payment-85bbf9fb97-zdh7l          1m           3Mi             
productcatalog-745b7cb86d-h6tkv   800m         12Mi            
recommendations-59b954559-j78dk   1m           3Mi             
shipping-8665fcc4f9-qwpq9         1m           3Mi             
ubuntu-client-6c977c85d8-t9fbh    41m          1224Mi          
Running 1m test @ http://frontend:80
  16 threads and 128 connections
  Thread Stats   Avg      Stdev     Max   +/- Stdev
    Latency   185.12ms   79.59ms 640.11ms   62.87%
    Req/Sec    43.53     17.19   161.00     74.76%
  Latency Distribution
     50%  194.46ms
     75%  211.36ms
     90%  296.57ms
     99%  401.94ms
  41690 requests in 1.00m, 151.00MB read
Requests/sec:    693.70
Transfer/sec:      2.51MB
