[run.sh] Running home with 16 threads, 64 connections, and 60 seconds
[run.sh] Deleting all services
service "cart" deleted
deployment.apps "cart" deleted
service "checkout" deleted
deployment.apps "checkout" deleted
service "currency" deleted
deployment.apps "currency" deleted
service "email" deleted
deployment.apps "email" deleted
service "frontend" deleted
deployment.apps "frontend" deleted
service "payment" deleted
deployment.apps "payment" deleted
service "productcatalog" deleted
deployment.apps "productcatalog" deleted
service "recommendations" deleted
deployment.apps "recommendations" deleted
service "shipping" deleted
deployment.apps "shipping" deleted
[run.sh] Waiting for all pods to be deleted
ubuntu-client-6c977c85d8-t9fbh   1/1     Running   0          41m
[run.sh] Waiting for client to be ready
[run.sh] Client is ready
[run.sh] Deploying all services
service/cart created
deployment.apps/cart created
service/checkout created
deployment.apps/checkout created
service/currency created
deployment.apps/currency created
service/email created
deployment.apps/email created
service/frontend created
deployment.apps/frontend created
service/payment created
deployment.apps/payment created
service/productcatalog created
deployment.apps/productcatalog created
service/recommendations created
deployment.apps/recommendations created
service/shipping created
deployment.apps/shipping created
[run.sh] Waiting for all pods to be running
[run.sh] Waiting for all pods to be ready
cart-776c6f6f79-qvgnq checkout-744bff58d5-kbbgs currency-77cf85dd45-hgg2c email-5469cfc7d5-fptd2 frontend-5596756fb5-tq8vk payment-85bbf9fb97-prc97 productcatalog-745b7cb86d-sdchn recommendations-59b954559-v2z5m shipping-8665fcc4f9-xqtdb
[run.sh] All pods are ready
[run.sh] Checking heartbeat for all services
[run.sh] All services are ready
[run.sh] Running warmup test
Running 3s test @ http://frontend:80
  16 threads and 64 connections
  Thread Stats   Avg      Stdev     Max   +/- Stdev
    Latency    90.96ms   37.02ms 247.88ms   58.74%
    Req/Sec    43.54     13.75    90.00     71.57%
  Latency Distribution
     50%   97.15ms
     75%  102.78ms
     90%  147.36ms
     99%  196.26ms
  2138 requests in 3.10s, 7.74MB read
Requests/sec:    689.51
Transfer/sec:      2.50MB
[run.sh] /wrk/wrk -t16 -c64 -d60s -L -s /wrk/scripts/online-boutique/home.lua http://frontend:80
[run.sh] Checking the resource usage
NAME                              CPU(cores)   MEMORY(bytes)   
cart-776c6f6f79-qvgnq             740m         11Mi            
checkout-744bff58d5-kbbgs         1m           3Mi             
currency-77cf85dd45-hgg2c         779m         11Mi            
email-5469cfc7d5-fptd2            1m           3Mi             
frontend-5596756fb5-tq8vk         997m         21Mi            
payment-85bbf9fb97-prc97          1m           3Mi             
productcatalog-745b7cb86d-sdchn   761m         10Mi            
recommendations-59b954559-v2z5m   1m           3Mi             
shipping-8665fcc4f9-xqtdb         1m           3Mi             
ubuntu-client-6c977c85d8-t9fbh    43m          1221Mi          
Running 1m test @ http://frontend:80
  16 threads and 64 connections
  Thread Stats   Avg      Stdev     Max   +/- Stdev
    Latency    90.28ms   38.45ms 302.86ms   64.36%
    Req/Sec    44.51     12.98   101.00     58.33%
  Latency Distribution
     50%   96.82ms
     75%  103.26ms
     90%  147.14ms
     99%  196.61ms
  42714 requests in 1.00m, 154.71MB read
Requests/sec:    711.42
Transfer/sec:      2.58MB
