[run.sh] Running home with 4 threads, 4 connections, and 60 seconds
[run.sh] Deleting all services
service "cart" deleted
deployment.apps "cart" deleted
service "checkout" deleted
deployment.apps "checkout" deleted
service "currency" deleted
deployment.apps "currency" deleted
service "email" deleted
deployment.apps "email" deleted
service "frontend" deleted
deployment.apps "frontend" deleted
service "payment" deleted
deployment.apps "payment" deleted
service "productcatalog" deleted
deployment.apps "productcatalog" deleted
service "recommendations" deleted
deployment.apps "recommendations" deleted
service "shipping" deleted
deployment.apps "shipping" deleted
[run.sh] Waiting for all pods to be deleted
ubuntu-client-6c977c85d8-t9fbh   1/1     Running   0          55m
[run.sh] Waiting for client to be ready
[run.sh] Client is ready
[run.sh] Deploying all services
service/cart created
deployment.apps/cart created
service/checkout created
deployment.apps/checkout created
service/currency created
deployment.apps/currency created
service/email created
deployment.apps/email created
service/frontend created
deployment.apps/frontend created
service/payment created
deployment.apps/payment created
service/productcatalog created
deployment.apps/productcatalog created
service/recommendations created
deployment.apps/recommendations created
service/shipping created
deployment.apps/shipping created
[run.sh] Waiting for all pods to be running
[run.sh] Waiting for all pods to be ready
cart-776c6f6f79-6xphh checkout-744bff58d5-n5sd6 currency-77cf85dd45-6hwqt email-5469cfc7d5-p8lbm frontend-5596756fb5-cflbp payment-85bbf9fb97-h6s48 productcatalog-745b7cb86d-chb4h recommendations-59b954559-gvtzj shipping-8665fcc4f9-wkfht
[run.sh] All pods are ready
[run.sh] Checking heartbeat for all services
[run.sh] All services are ready
[run.sh] Running warmup test
Running 3s test @ http://frontend:80
  4 threads and 4 connections
    Req/Sec       -nan      -nan   0.00      0.00%
  Latency Distribution (HdrHistogram - Recorded Latency)
 50.000%  276.48ms
 75.000%  411.14ms
 90.000%  483.84ms
 99.000%  550.40ms
 99.900%  576.51ms
 99.990%  576.51ms
 99.999%  576.51ms
100.000%  576.51ms

  Detailed Percentile spectrum:
       Value   Percentile   TotalCount 1/(1-Percentile)

      21.791     0.000000            1         1.00
      63.327     0.100000          185         1.11
     127.999     0.200000          369         1.25
     178.047     0.300000          554         1.43
     234.751     0.400000          738         1.67
     276.479     0.500000          925         2.00
     302.335     0.550000         1019         2.22
     325.119     0.600000         1111         2.50
     351.231     0.650000         1200         2.86
     381.695     0.700000         1292         3.33
     411.135     0.750000         1392         4.00
     421.887     0.775000         1430         4.44
     436.735     0.800000         1477         5.00
     450.303     0.825000         1523         5.71
     461.311     0.850000         1570         6.67
     469.503     0.875000         1617         8.00
     476.927     0.887500         1639         8.89
     483.839     0.900000         1662        10.00
     491.519     0.912500         1684        11.43
     502.527     0.925000         1707        13.33
     504.319     0.937500         1731        16.00
     516.095     0.943750         1743        17.78
     518.399     0.950000         1753        20.00
     521.727     0.956250         1766        22.86
     528.383     0.962500         1778        26.67
     530.943     0.968750         1793        32.00
     531.455     0.971875         1800        35.56
     531.455     0.975000         1800        40.00
     534.527     0.978125         1807        45.71
     540.159     0.981250         1815        53.33
     540.671     0.984375         1820        64.00
     540.671     0.985938         1820        71.11
     542.207     0.987500         1824        80.00
     549.887     0.989062         1825        91.43
     550.399     0.990625         1832       106.67
     550.399     0.992188         1832       128.00
     550.911     0.992969         1835       142.22
     550.911     0.993750         1835       160.00
     550.911     0.994531         1835       182.86
     562.687     0.995313         1838       213.33
     562.687     0.996094         1838       256.00
     575.999     0.996484         1839       284.44
     576.511     0.996875         1845       320.00
     576.511     1.000000         1845          inf
#[Mean    =      278.842, StdDeviation   =      151.612]
#[Max     =      576.000, Total count    =         1845]
#[Buckets =           27, SubBuckets     =         2048]
----------------------------------------------------------
  1849 requests in 3.00s, 6.70MB read
Requests/sec:    615.70
Transfer/sec:      2.23MB
[run.sh] /wrk2/wrk -t4 -c4 -d60s -L -s /wrk/scripts/online-boutique/home.lua http://frontend:80
[run.sh] Checking the resource usage
NAME                              CPU(cores)   MEMORY(bytes)   
cart-776c6f6f79-6xphh             223m         8Mi             
checkout-744bff58d5-n5sd6         0m           3Mi             
currency-77cf85dd45-6hwqt         215m         8Mi             
email-5469cfc7d5-p8lbm            0m           3Mi             
frontend-5596756fb5-cflbp         301m         9Mi             
payment-85bbf9fb97-h6s48          0m           3Mi             
productcatalog-745b7cb86d-chb4h   228m         8Mi             
recommendations-59b954559-gvtzj   0m           3Mi             
shipping-8665fcc4f9-wkfht         0m           3Mi             
ubuntu-client-6c977c85d8-t9fbh    11m          1219Mi          
Running 1m test @ http://frontend:80
  4 threads and 4 connections
  Thread calibration: mean lat.: 1028.856ms, rate sampling interval: 3639ms
  Thread calibration: mean lat.: 769.333ms, rate sampling interval: 2863ms
  Thread calibration: mean lat.: 909.924ms, rate sampling interval: 3215ms
  Thread calibration: mean lat.: 792.186ms, rate sampling interval: 2895ms
    Req/Sec   154.27      1.92   159.00     88.71%
  Latency Distribution (HdrHistogram - Recorded Latency)
 50.000%    6.06s 
 75.000%    8.32s 
 90.000%    9.60s 
 99.000%   10.40s 
 99.900%   10.56s 
 99.990%   10.59s 
 99.999%   10.59s 
100.000%   10.59s 

  Detailed Percentile spectrum:
       Value   Percentile   TotalCount 1/(1-Percentile)

    1605.631     0.000000            3         1.00
    2603.007     0.100000         3107         1.11
    3465.215     0.200000         6201         1.25
    4313.087     0.300000         9314         1.43
    5185.535     0.400000        12394         1.67
    6062.079     0.500000        15495         2.00
    6508.543     0.550000        17026         2.22
    6938.623     0.600000        18588         2.50
    7397.375     0.650000        20128         2.86
    7868.415     0.700000        21668         3.33
    8323.071     0.750000        23221         4.00
    8552.447     0.775000        23996         4.44
    8765.439     0.800000        24769         5.00
    8978.431     0.825000        25551         5.71
    9191.423     0.850000        26334         6.67
    9388.031     0.875000        27107         8.00
    9502.719     0.887500        27476         8.89
    9601.023     0.900000        27863        10.00
    9707.519     0.912500        28245        11.43
    9814.015     0.925000        28654        13.33
    9936.895     0.937500        29023        16.00
    9994.239     0.943750        29219        17.78
   10051.583     0.950000        29419        20.00
   10100.735     0.956250        29623        22.86
   10149.887     0.962500        29832        26.67
   10199.039     0.968750        29990        32.00
   10231.807     0.971875        30096        35.56
   10256.383     0.975000        30179        40.00
   10297.343     0.978125        30303        45.71
   10321.919     0.981250        30373        53.33
   10354.687     0.984375        30506        64.00
   10362.879     0.985938        30514        71.11
   10387.455     0.987500        30594        80.00
   10403.839     0.989062        30641        91.43
   10420.223     0.990625        30670       106.67
   10452.991     0.992188        30721       128.00
   10461.183     0.992969        30737       142.22
   10477.567     0.993750        30785       160.00
   10477.567     0.994531        30785       182.86
   10493.951     0.995313        30817       213.33
   10502.143     0.996094        30834       256.00
   10510.335     0.996484        30863       284.44
   10510.335     0.996875        30863       320.00
   10518.527     0.997266        30879       365.71
   10518.527     0.997656        30879       426.67
   10526.719     0.998047        30897       512.00
   10526.719     0.998242        30897       568.89
   10534.911     0.998437        30908       640.00
   10534.911     0.998633        30908       731.43
   10559.487     0.998828        30923       853.33
   10559.487     0.999023        30923      1024.00
   10559.487     0.999121        30923      1137.78
   10567.679     0.999219        30939      1280.00
   10567.679     0.999316        30939      1462.86
   10567.679     0.999414        30939      1706.67
   10567.679     0.999512        30939      2048.00
   10567.679     0.999561        30939      2275.56
   10567.679     0.999609        30939      2560.00
   10567.679     0.999658        30939      2925.71
   10575.871     0.999707        30942      3413.33
   10575.871     0.999756        30942      4096.00
   10592.255     0.999780        30949      4551.11
   10592.255     1.000000        30949          inf
#[Mean    =     6089.021, StdDeviation   =     2539.305]
#[Max     =    10584.064, Total count    =        30949]
#[Buckets =           27, SubBuckets     =         2048]
----------------------------------------------------------
  37151 requests in 1.00m, 134.56MB read
Requests/sec:    619.19
Transfer/sec:      2.24MB
