[run.sh] Running home with 4 threads, 4 connections, and 60 seconds
[run.sh] Deleting all services
service "cart" deleted
deployment.apps "cart" deleted
service "checkout" deleted
deployment.apps "checkout" deleted
service "currency" deleted
deployment.apps "currency" deleted
service "email" deleted
deployment.apps "email" deleted
service "frontend" deleted
deployment.apps "frontend" deleted
service "payment" deleted
deployment.apps "payment" deleted
service "productcatalog" deleted
deployment.apps "productcatalog" deleted
service "recommendations" deleted
deployment.apps "recommendations" deleted
service "shipping" deleted
deployment.apps "shipping" deleted
[run.sh] Waiting for all pods to be deleted
ubuntu-client-6c977c85d8-t9fbh   1/1     Running   0          53m
[run.sh] Waiting for client to be ready
[run.sh] Client is ready
[run.sh] Deploying all services
service/cart created
deployment.apps/cart created
service/checkout created
deployment.apps/checkout created
service/currency created
deployment.apps/currency created
service/email created
deployment.apps/email created
service/frontend created
deployment.apps/frontend created
service/payment created
deployment.apps/payment created
service/productcatalog created
deployment.apps/productcatalog created
service/recommendations created
deployment.apps/recommendations created
service/shipping created
deployment.apps/shipping created
[run.sh] Waiting for all pods to be running
[run.sh] Waiting for all pods to be ready
cart-776c6f6f79-rrqh2 checkout-744bff58d5-ssq6j currency-77cf85dd45-qtvmv email-5469cfc7d5-6rbpz frontend-5596756fb5-9k6tl payment-85bbf9fb97-t7wn9 productcatalog-745b7cb86d-zf8tz recommendations-59b954559-w7h4b shipping-8665fcc4f9-b9jb4
[run.sh] All pods are ready
[run.sh] Checking heartbeat for all services
[run.sh] All services are ready
[run.sh] Running warmup test
Running 3s test @ http://frontend:80
  4 threads and 4 connections
    Req/Sec       -nan      -nan   0.00      0.00%
  Latency Distribution (HdrHistogram - Recorded Latency)
 50.000%    5.88ms
 75.000%    6.14ms
 90.000%    6.30ms
 99.000%   13.76ms
 99.900%   21.97ms
 99.990%   22.38ms
 99.999%   22.38ms
100.000%   22.38ms

  Detailed Percentile spectrum:
       Value   Percentile   TotalCount 1/(1-Percentile)

       5.243     0.000000            1         1.00
       5.455     0.100000          154         1.11
       5.571     0.200000          303         1.25
       5.679     0.300000          456         1.43
       5.775     0.400000          602         1.67
       5.879     0.500000          751         2.00
       5.939     0.550000          828         2.22
       5.991     0.600000          901         2.50
       6.047     0.650000          981         2.86
       6.095     0.700000         1056         3.33
       6.135     0.750000         1125         4.00
       6.159     0.775000         1165         4.44
       6.183     0.800000         1205         5.00
       6.211     0.825000         1239         5.71
       6.247     0.850000         1280         6.67
       6.271     0.875000         1316         8.00
       6.283     0.887500         1333         8.89
       6.299     0.900000         1353        10.00
       6.327     0.912500         1369        11.43
       6.347     0.925000         1391        13.33
       6.359     0.937500         1407        16.00
       6.383     0.943750         1416        17.78
       6.407     0.950000         1425        20.00
       6.443     0.956250         1435        22.86
       6.455     0.962500         1444        26.67
       6.515     0.968750         1454        32.00
       6.547     0.971875         1458        35.56
       6.587     0.975000         1463        40.00
       6.631     0.978125         1469        45.71
       6.683     0.981250         1472        53.33
       9.359     0.984375         1477        64.00
      10.631     0.985938         1479        71.11
      12.407     0.987500         1482        80.00
      13.375     0.989062         1484        91.43
      14.591     0.990625         1486       106.67
      16.151     0.992188         1489       128.00
      16.959     0.992969         1490       142.22
      17.615     0.993750         1491       160.00
      17.727     0.994531         1492       182.86
      18.783     0.995313         1493       213.33
      20.095     0.996094         1495       256.00
      20.095     0.996484         1495       284.44
      20.255     0.996875         1496       320.00
      20.255     0.997266         1496       365.71
      20.863     0.997656         1497       426.67
      21.647     0.998047         1498       512.00
      21.647     0.998242         1498       568.89
      21.647     0.998437         1498       640.00
      21.647     0.998633         1498       731.43
      21.967     0.998828         1499       853.33
      21.967     0.999023         1499      1024.00
      21.967     0.999121         1499      1137.78
      21.967     0.999219         1499      1280.00
      21.967     0.999316         1499      1462.86
      22.383     0.999414         1500      1706.67
      22.383     1.000000         1500          inf
#[Mean    =        6.041, StdDeviation   =        1.410]
#[Max     =       22.368, Total count    =         1500]
#[Buckets =           27, SubBuckets     =         2048]
----------------------------------------------------------
  1504 requests in 3.01s, 5.45MB read
Requests/sec:    500.32
Transfer/sec:      1.81MB
[run.sh] /wrk2/wrk -t4 -c4 -d60s -L -s /wrk/scripts/online-boutique/home.lua http://frontend:80
[run.sh] Checking the resource usage
NAME                              CPU(cores)   MEMORY(bytes)   
cart-776c6f6f79-rrqh2             455m         8Mi             
checkout-744bff58d5-ssq6j         0m           3Mi             
currency-77cf85dd45-qtvmv         177m         8Mi             
email-5469cfc7d5-6rbpz            1m           3Mi             
frontend-5596756fb5-9k6tl         247m         10Mi            
payment-85bbf9fb97-t7wn9          0m           3Mi             
productcatalog-745b7cb86d-zf8tz   460m         8Mi             
recommendations-59b954559-w7h4b   0m           3Mi             
shipping-8665fcc4f9-b9jb4         0m           3Mi             
ubuntu-client-6c977c85d8-t9fbh    27m          1219Mi          
Running 1m test @ http://frontend:80
  4 threads and 4 connections
  Thread calibration: mean lat.: 5.966ms, rate sampling interval: 12ms
  Thread calibration: mean lat.: 5.910ms, rate sampling interval: 12ms
  Thread calibration: mean lat.: 5.933ms, rate sampling interval: 12ms
  Thread calibration: mean lat.: 5.861ms, rate sampling interval: 12ms
    Req/Sec   130.68     44.32   181.00     45.40%
  Latency Distribution (HdrHistogram - Recorded Latency)
 50.000%    5.89ms
 75.000%    6.15ms
 90.000%    6.30ms
 99.000%    6.58ms
 99.900%    6.84ms
 99.990%    7.07ms
 99.999%    7.22ms
100.000%    7.22ms

  Detailed Percentile spectrum:
       Value   Percentile   TotalCount 1/(1-Percentile)

       5.167     0.000000            1         1.00
       5.471     0.100000         2517         1.11
       5.587     0.200000         5046         1.25
       5.691     0.300000         7518         1.43
       5.799     0.400000        10107         1.67
       5.891     0.500000        12561         2.00
       5.939     0.550000        13798         2.22
       5.991     0.600000        15081         2.50
       6.035     0.650000        16279         2.86
       6.095     0.700000        17565         3.33
       6.151     0.750000        18811         4.00
       6.175     0.775000        19479         4.44
       6.195     0.800000        20019         5.00
       6.219     0.825000        20643         5.71
       6.247     0.850000        21331         6.67
       6.271     0.875000        21908         8.00
       6.287     0.887500        22247         8.89
       6.303     0.900000        22531        10.00
       6.327     0.912500        22847        11.43
       6.351     0.925000        23160        13.33
       6.379     0.937500        23476        16.00
       6.391     0.943750        23604        17.78
       6.407     0.950000        23762        20.00
       6.427     0.956250        23933        22.86
       6.443     0.962500        24071        26.67
       6.463     0.968750        24234        32.00
       6.471     0.971875        24297        35.56
       6.487     0.975000        24379        40.00
       6.503     0.978125        24463        45.71
       6.519     0.981250        24542        53.33
       6.539     0.984375        24617        64.00
       6.547     0.985938        24654        71.11
       6.559     0.987500        24700        80.00
       6.571     0.989062        24731        91.43
       6.587     0.990625        24772       106.67
       6.611     0.992188        24813       128.00
       6.619     0.992969        24825       142.22
       6.635     0.993750        24853       160.00
       6.647     0.994531        24868       182.86
       6.655     0.995313        24884       213.33
       6.667     0.996094        24904       256.00
       6.679     0.996484        24913       284.44
       6.695     0.996875        24924       320.00
       6.703     0.997266        24933       365.71
       6.731     0.997656        24943       426.67
       6.747     0.998047        24953       512.00
       6.759     0.998242        24957       568.89
       6.771     0.998437        24961       640.00
       6.791     0.998633        24966       731.43
       6.807     0.998828        24971       853.33
       6.839     0.999023        24979      1024.00
       6.839     0.999121        24979      1137.78
       6.847     0.999219        24981      1280.00
       6.871     0.999316        24984      1462.86
       6.879     0.999414        24989      1706.67
       6.879     0.999512        24989      2048.00
       6.895     0.999561        24990      2275.56
       6.903     0.999609        24991      2560.00
       6.907     0.999658        24993      2925.71
       6.907     0.999707        24993      3413.33
       6.943     0.999756        24994      4096.00
       6.951     0.999780        24995      4551.11
       6.967     0.999805        24996      5120.00
       6.967     0.999829        24996      5851.43
       7.075     0.999854        24997      6826.67
       7.075     0.999878        24997      8192.00
       7.083     0.999890        24998      9102.22
       7.083     0.999902        24998     10240.00
       7.083     0.999915        24998     11702.86
       7.103     0.999927        24999     13653.33
       7.103     0.999939        24999     16384.00
       7.103     0.999945        24999     18204.44
       7.103     0.999951        24999     20480.00
       7.103     0.999957        24999     23405.71
       7.219     0.999963        25000     27306.67
       7.219     1.000000        25000          inf
#[Mean    =        5.895, StdDeviation   =        0.317]
#[Max     =        7.216, Total count    =        25000]
#[Buckets =           27, SubBuckets     =         2048]
----------------------------------------------------------
  30002 requests in 1.00m, 108.67MB read
Requests/sec:    499.98
Transfer/sec:      1.81MB
