[run.sh] Running home with 16 threads, 16 connections, and 60 seconds
[run.sh] Deleting all services
service "cart" deleted
deployment.apps "cart" deleted
service "checkout" deleted
deployment.apps "checkout" deleted
service "currency" deleted
deployment.apps "currency" deleted
service "email" deleted
deployment.apps "email" deleted
service "frontend" deleted
deployment.apps "frontend" deleted
service "payment" deleted
deployment.apps "payment" deleted
service "productcatalog" deleted
deployment.apps "productcatalog" deleted
service "recommendations" deleted
deployment.apps "recommendations" deleted
service "shipping" deleted
deployment.apps "shipping" deleted
[run.sh] Waiting for all pods to be deleted
ubuntu-client-6c977c85d8-t9fbh   1/1     Running   0          49m
[run.sh] Waiting for client to be ready
[run.sh] Client is ready
[run.sh] Deploying all services
service/cart created
deployment.apps/cart created
service/checkout created
deployment.apps/checkout created
service/currency created
deployment.apps/currency created
service/email created
deployment.apps/email created
service/frontend created
deployment.apps/frontend created
service/payment created
deployment.apps/payment created
service/productcatalog created
deployment.apps/productcatalog created
service/recommendations created
deployment.apps/recommendations created
service/shipping created
deployment.apps/shipping created
[run.sh] Waiting for all pods to be running
[run.sh] Waiting for all pods to be ready
cart-776c6f6f79-z5zxj checkout-744bff58d5-b6npr currency-77cf85dd45-9rvzz email-5469cfc7d5-dqwlm frontend-5596756fb5-t2d25 payment-85bbf9fb97-bln9c productcatalog-745b7cb86d-xw25p recommendations-59b954559-z6jzh shipping-8665fcc4f9-snhqd
[run.sh] All pods are ready
[run.sh] Checking heartbeat for all services
[run.sh] All services are ready
[run.sh] Running warmup test
Running 3s test @ http://frontend:80
  16 threads and 16 connections
  Thread Stats   Avg      Stdev     Max   +/- Stdev
    Latency    24.62ms   18.67ms  92.56ms   42.65%
    Req/Sec    41.45      7.37    70.00     55.21%
  Latency Distribution
     50%   25.56ms
     75%   39.98ms
     90%   49.49ms
     99%   56.85ms
  2027 requests in 3.10s, 7.34MB read
Requests/sec:    653.83
Transfer/sec:      2.37MB
[run.sh] /wrk/wrk -t16 -c16 -d60s -L -s /wrk/scripts/online-boutique/home.lua http://frontend:80
[run.sh] Checking the resource usage
NAME                              CPU(cores)   MEMORY(bytes)   
cart-776c6f6f79-z5zxj             229m         9Mi             
checkout-744bff58d5-b6npr         0m           3Mi             
currency-77cf85dd45-9rvzz         235m         9Mi             
email-5469cfc7d5-dqwlm            0m           3Mi             
frontend-5596756fb5-t2d25         317m         13Mi            
payment-85bbf9fb97-bln9c          0m           3Mi             
productcatalog-745b7cb86d-xw25p   235m         9Mi             
recommendations-59b954559-z6jzh   0m           3Mi             
shipping-8665fcc4f9-snhqd         0m           3Mi             
ubuntu-client-6c977c85d8-t9fbh    14m          1218Mi          
Running 1m test @ http://frontend:80
  16 threads and 16 connections
  Thread Stats   Avg      Stdev     Max   +/- Stdev
    Latency    30.84ms   29.23ms 286.51ms   81.38%
    Req/Sec    41.53      6.43    80.00     63.54%
  Latency Distribution
     50%   12.56ms
     75%   58.03ms
     90%   81.79ms
     99%   87.32ms
  39855 requests in 1.00m, 144.36MB read
Requests/sec:    663.74
Transfer/sec:      2.40MB
