[run.sh] Running home with 16 threads, 512 connections, and 60 seconds
[run.sh] Deleting all services
service "cart" deleted
deployment.apps "cart" deleted
service "checkout" deleted
deployment.apps "checkout" deleted
service "currency" deleted
deployment.apps "currency" deleted
service "email" deleted
deployment.apps "email" deleted
service "frontend" deleted
deployment.apps "frontend" deleted
service "payment" deleted
deployment.apps "payment" deleted
service "productcatalog" deleted
deployment.apps "productcatalog" deleted
service "recommendations" deleted
deployment.apps "recommendations" deleted
service "shipping" deleted
deployment.apps "shipping" deleted
[run.sh] Waiting for all pods to be deleted
ubuntu-client-6c977c85d8-t9fbh   1/1     Running   0          35m
[run.sh] Waiting for client to be ready
[run.sh] Client is ready
[run.sh] Deploying all services
service/cart created
deployment.apps/cart created
service/checkout created
deployment.apps/checkout created
service/currency created
deployment.apps/currency created
service/email created
deployment.apps/email created
service/frontend created
deployment.apps/frontend created
service/payment created
deployment.apps/payment created
service/productcatalog created
deployment.apps/productcatalog created
service/recommendations created
deployment.apps/recommendations created
service/shipping created
deployment.apps/shipping created
[run.sh] Waiting for all pods to be running
[run.sh] Waiting for all pods to be ready
cart-776c6f6f79-rxhvg checkout-744bff58d5-lht4b currency-77cf85dd45-w8hxn email-5469cfc7d5-lfcx7 frontend-5596756fb5-6k9rn payment-85bbf9fb97-ps2h7 productcatalog-745b7cb86d-dfvlg recommendations-59b954559-k9cqg shipping-8665fcc4f9-47shn
[run.sh] All pods are ready
[run.sh] Checking heartbeat for all services
[run.sh] cart is not reachable
[run.sh] All services are ready
[run.sh] Running warmup test
Running 3s test @ http://frontend:80
  16 threads and 512 connections
  Thread Stats   Avg      Stdev     Max   +/- Stdev
    Latency   739.09ms  221.51ms   1.61s    64.66%
    Req/Sec    46.67     27.44   212.00     77.31%
  Latency Distribution
     50%  698.91ms
     75%  895.38ms
     90%    1.04s 
     99%    1.33s 
  1842 requests in 3.10s, 6.67MB read
Requests/sec:    594.14
Transfer/sec:      2.15MB
[run.sh] /wrk/wrk -t16 -c512 -d60s -L -s /wrk/scripts/online-boutique/home.lua http://frontend:80
[run.sh] Checking the resource usage
NAME                              CPU(cores)   MEMORY(bytes)   
cart-776c6f6f79-rxhvg             245m         13Mi            
checkout-744bff58d5-lht4b         0m           3Mi             
currency-77cf85dd45-w8hxn         260m         16Mi            
email-5469cfc7d5-lfcx7            0m           3Mi             
frontend-5596756fb5-6k9rn         342m         53Mi            
payment-85bbf9fb97-ps2h7          0m           3Mi             
productcatalog-745b7cb86d-dfvlg   242m         15Mi            
recommendations-59b954559-k9cqg   0m           3Mi             
shipping-8665fcc4f9-47shn         0m           3Mi             
ubuntu-client-6c977c85d8-t9fbh    18m          1227Mi          
Running 1m test @ http://frontend:80
  16 threads and 512 connections
  Thread Stats   Avg      Stdev     Max   +/- Stdev
    Latency   718.59ms  209.61ms   1.98s    70.24%
    Req/Sec    45.11     23.07   380.00     61.12%
  Latency Distribution
     50%  697.62ms
     75%  808.07ms
     90%  999.75ms
     99%    1.39s 
  42542 requests in 1.00m, 154.09MB read
  Socket errors: connect 0, read 0, write 0, timeout 2
Requests/sec:    708.27
Transfer/sec:      2.57MB
