[run.sh] Running home with 16 threads, 256 connections, and 60 seconds
[run.sh] Deleting all services
service "cart" deleted
deployment.apps "cart" deleted
service "checkout" deleted
deployment.apps "checkout" deleted
service "currency" deleted
deployment.apps "currency" deleted
service "email" deleted
deployment.apps "email" deleted
service "frontend" deleted
deployment.apps "frontend" deleted
service "payment" deleted
deployment.apps "payment" deleted
service "productcatalog" deleted
deployment.apps "productcatalog" deleted
service "recommendations" deleted
deployment.apps "recommendations" deleted
service "shipping" deleted
deployment.apps "shipping" deleted
[run.sh] Waiting for all pods to be deleted
ubuntu-client-6c977c85d8-t9fbh   1/1     Running   0          28m
[run.sh] Waiting for client to be ready
[run.sh] Client is ready
[run.sh] Deploying all services
service/cart created
deployment.apps/cart created
service/checkout created
deployment.apps/checkout created
service/currency created
deployment.apps/currency created
service/email created
deployment.apps/email created
service/frontend created
deployment.apps/frontend created
service/payment created
deployment.apps/payment created
service/productcatalog created
deployment.apps/productcatalog created
service/recommendations created
deployment.apps/recommendations created
service/shipping created
deployment.apps/shipping created
[run.sh] Waiting for all pods to be running
[run.sh] Waiting for all pods to be ready
cart-776c6f6f79-q8gsj checkout-744bff58d5-xkgt9 currency-77cf85dd45-v9hnh email-5469cfc7d5-xsqc8 frontend-5596756fb5-ns2sj payment-85bbf9fb97-j8gsg productcatalog-745b7cb86d-fmjmx recommendations-59b954559-tjl86 shipping-8665fcc4f9-rgwrt
[run.sh] All pods are ready
[run.sh] Checking heartbeat for all services
[run.sh] cart is not reachable
[run.sh] cart is not reachable
[run.sh] productcatalog is not reachable
[run.sh] cart is not reachable
[run.sh] All services are ready
[run.sh] Running warmup test
Running 3s test @ http://frontend:80
  16 threads and 256 connections
  Thread Stats   Avg      Stdev     Max   +/- Stdev
    Latency   352.44ms  148.51ms   1.13s    66.17%
    Req/Sec    43.91     21.05   131.00     66.51%
  Latency Distribution
     50%  310.39ms
     75%  422.64ms
     90%  573.85ms
     99%  763.71ms
  2015 requests in 3.10s, 7.30MB read
Requests/sec:    650.01
Transfer/sec:      2.35MB
[run.sh] /wrk/wrk -t16 -c256 -d60s -L -s /wrk/scripts/online-boutique/home.lua http://frontend:80
[run.sh] Checking the resource usage
NAME                              CPU(cores)   MEMORY(bytes)   
cart-776c6f6f79-q8gsj             787m         14Mi            
checkout-744bff58d5-xkgt9         0m           3Mi             
currency-77cf85dd45-v9hnh         771m         15Mi            
email-5469cfc7d5-xsqc8            0m           3Mi             
frontend-5596756fb5-ns2sj         998m         40Mi            
payment-85bbf9fb97-j8gsg          0m           3Mi             
productcatalog-745b7cb86d-fmjmx   805m         15Mi            
recommendations-59b954559-tjl86   0m           3Mi             
shipping-8665fcc4f9-rgwrt         0m           3Mi             
ubuntu-client-6c977c85d8-t9fbh    43m          1226Mi          
Running 1m test @ http://frontend:80
  16 threads and 256 connections
  Thread Stats   Avg      Stdev     Max   +/- Stdev
    Latency   364.35ms  146.47ms   1.40s    68.56%
    Req/Sec    44.42     20.92   131.00     64.42%
  Latency Distribution
     50%  327.23ms
     75%  423.51ms
     90%  574.64ms
     99%  800.13ms
  42266 requests in 1.00m, 153.09MB read
Requests/sec:    703.31
Transfer/sec:      2.55MB
