[run.sh] Running home with 16 threads, 64 connections, and 60 seconds
[run.sh] Deleting all services
service "cart" deleted
deployment.apps "cart" deleted
service "checkout" deleted
deployment.apps "checkout" deleted
service "currency" deleted
deployment.apps "currency" deleted
service "email" deleted
deployment.apps "email" deleted
service "frontend" deleted
deployment.apps "frontend" deleted
service "payment" deleted
deployment.apps "payment" deleted
service "productcatalog" deleted
deployment.apps "productcatalog" deleted
service "recommendations" deleted
deployment.apps "recommendations" deleted
service "shipping" deleted
deployment.apps "shipping" deleted
[run.sh] Waiting for all pods to be deleted
ubuntu-client-6c977c85d8-t9fbh   1/1     Running   0          39m
[run.sh] Waiting for client to be ready
[run.sh] Client is ready
[run.sh] Deploying all services
service/cart created
deployment.apps/cart created
service/checkout created
deployment.apps/checkout created
service/currency created
deployment.apps/currency created
service/email created
deployment.apps/email created
service/frontend created
deployment.apps/frontend created
service/payment created
deployment.apps/payment created
service/productcatalog created
deployment.apps/productcatalog created
service/recommendations created
deployment.apps/recommendations created
service/shipping created
deployment.apps/shipping created
[run.sh] Waiting for all pods to be running
[run.sh] Waiting for all pods to be ready
cart-776c6f6f79-62sks checkout-744bff58d5-4hxpk currency-77cf85dd45-gh7r7 email-5469cfc7d5-8j9qz frontend-5596756fb5-4pbcq payment-85bbf9fb97-2tqst productcatalog-745b7cb86d-lw4j2 recommendations-59b954559-6l5fg shipping-8665fcc4f9-s8nr8
[run.sh] All pods are ready
[run.sh] Checking heartbeat for all services
[run.sh] All services are ready
[run.sh] Running warmup test
Running 3s test @ http://frontend:80
  16 threads and 64 connections
  Thread Stats   Avg      Stdev     Max   +/- Stdev
    Latency    90.65ms   46.36ms 298.13ms   69.67%
    Req/Sec    44.44     12.85    90.00     62.74%
  Latency Distribution
     50%   97.21ms
     75%  102.58ms
     90%  151.32ms
     99%  195.93ms
  2154 requests in 3.10s, 7.80MB read
Requests/sec:    694.82
Transfer/sec:      2.52MB
[run.sh] /wrk/wrk -t16 -c64 -d60s -L -s /wrk/scripts/online-boutique/home.lua http://frontend:80
[run.sh] Checking the resource usage
NAME                              CPU(cores)   MEMORY(bytes)   
cart-776c6f6f79-62sks             791m         10Mi            
checkout-744bff58d5-4hxpk         0m           3Mi             
currency-77cf85dd45-gh7r7         785m         12Mi            
email-5469cfc7d5-8j9qz            0m           3Mi             
frontend-5596756fb5-4pbcq         999m         22Mi            
payment-85bbf9fb97-2tqst          0m           3Mi             
productcatalog-745b7cb86d-lw4j2   815m         11Mi            
recommendations-59b954559-6l5fg   0m           3Mi             
shipping-8665fcc4f9-s8nr8         0m           3Mi             
ubuntu-client-6c977c85d8-t9fbh    43m          1222Mi          
Running 1m test @ http://frontend:80
  16 threads and 64 connections
  Thread Stats   Avg      Stdev     Max   +/- Stdev
    Latency    90.07ms   41.75ms 302.04ms   66.99%
    Req/Sec    44.67     13.30   100.00     57.38%
  Latency Distribution
     50%   96.98ms
     75%  102.81ms
     90%  143.27ms
     99%  194.94ms
  42877 requests in 1.00m, 155.30MB read
Requests/sec:    714.07
Transfer/sec:      2.59MB
