[run.sh] Running home with 16 threads, 16 connections, and 60 seconds
[run.sh] Deleting all services
service "cart" deleted
deployment.apps "cart" deleted
service "checkout" deleted
deployment.apps "checkout" deleted
service "currency" deleted
deployment.apps "currency" deleted
service "email" deleted
deployment.apps "email" deleted
service "frontend" deleted
deployment.apps "frontend" deleted
service "payment" deleted
deployment.apps "payment" deleted
service "productcatalog" deleted
deployment.apps "productcatalog" deleted
service "recommendations" deleted
deployment.apps "recommendations" deleted
service "shipping" deleted
deployment.apps "shipping" deleted
[run.sh] Waiting for all pods to be deleted
ubuntu-client-6c977c85d8-t9fbh   1/1     Running   0          48m
[run.sh] Waiting for client to be ready
[run.sh] Client is ready
[run.sh] Deploying all services
service/cart created
deployment.apps/cart created
service/checkout created
deployment.apps/checkout created
service/currency created
deployment.apps/currency created
service/email created
deployment.apps/email created
service/frontend created
deployment.apps/frontend created
service/payment created
deployment.apps/payment created
service/productcatalog created
deployment.apps/productcatalog created
service/recommendations created
deployment.apps/recommendations created
service/shipping created
deployment.apps/shipping created
[run.sh] Waiting for all pods to be running
[run.sh] Waiting for all pods to be ready
cart-776c6f6f79-cmjft checkout-744bff58d5-cdqlq currency-77cf85dd45-7pd9d email-5469cfc7d5-qfc9f frontend-5596756fb5-ws99g payment-85bbf9fb97-b5m7r productcatalog-745b7cb86d-sg9v5 recommendations-59b954559-zpvz9 shipping-8665fcc4f9-5ffrv
[run.sh] All pods are ready
[run.sh] Checking heartbeat for all services
[run.sh] All services are ready
[run.sh] Running warmup test
Running 3s test @ http://frontend:80
  16 threads and 16 connections
  Thread Stats   Avg      Stdev     Max   +/- Stdev
    Latency    30.14ms   28.56ms  90.26ms   77.87%
    Req/Sec    42.35      6.71    60.00     63.01%
  Latency Distribution
     50%   12.54ms
     75%   57.20ms
     90%   80.70ms
     99%   86.92ms
  2084 requests in 3.10s, 7.55MB read
Requests/sec:    672.22
Transfer/sec:      2.43MB
[run.sh] /wrk/wrk -t16 -c16 -d60s -L -s /wrk/scripts/online-boutique/home.lua http://frontend:80
[run.sh] Checking the resource usage
NAME                              CPU(cores)   MEMORY(bytes)   
cart-776c6f6f79-cmjft             742m         10Mi            
checkout-744bff58d5-cdqlq         1m           3Mi             
currency-77cf85dd45-7pd9d         742m         11Mi            
email-5469cfc7d5-qfc9f            1m           3Mi             
frontend-5596756fb5-ws99g         1003m        15Mi            
payment-85bbf9fb97-b5m7r          1m           3Mi             
productcatalog-745b7cb86d-sg9v5   757m         10Mi            
recommendations-59b954559-zpvz9   1m           3Mi             
shipping-8665fcc4f9-5ffrv         1m           3Mi             
ubuntu-client-6c977c85d8-t9fbh    38m          1220Mi          
Running 1m test @ http://frontend:80
  16 threads and 16 connections
  Thread Stats   Avg      Stdev     Max   +/- Stdev
    Latency    31.13ms   29.51ms  92.65ms   80.56%
    Req/Sec    41.26      6.56    70.00     62.22%
  Latency Distribution
     50%   11.91ms
     75%   58.47ms
     90%   81.99ms
     99%   87.83ms
  39611 requests in 1.00m, 143.47MB read
Requests/sec:    659.56
Transfer/sec:      2.39MB
