[run.sh] Running home with 16 threads, 512 connections, and 60 seconds
[run.sh] Deleting all services
service "cart" deleted
deployment.apps "cart" deleted
service "checkout" deleted
deployment.apps "checkout" deleted
service "currency" deleted
deployment.apps "currency" deleted
service "email" deleted
deployment.apps "email" deleted
service "frontend" deleted
deployment.apps "frontend" deleted
service "payment" deleted
deployment.apps "payment" deleted
service "productcatalog" deleted
deployment.apps "productcatalog" deleted
service "recommendations" deleted
deployment.apps "recommendations" deleted
service "shipping" deleted
deployment.apps "shipping" deleted
[run.sh] Waiting for all pods to be deleted
ubuntu-client-6c977c85d8-t9fbh   1/1     Running   0          43m
[run.sh] Waiting for client to be ready
[run.sh] Client is ready
[run.sh] Deploying all services
service/cart created
deployment.apps/cart created
service/checkout created
deployment.apps/checkout created
service/currency created
deployment.apps/currency created
service/email created
deployment.apps/email created
service/frontend created
deployment.apps/frontend created
service/payment created
deployment.apps/payment created
service/productcatalog created
deployment.apps/productcatalog created
service/recommendations created
deployment.apps/recommendations created
service/shipping created
deployment.apps/shipping created
[run.sh] Waiting for all pods to be running
[run.sh] Waiting for all pods to be ready
cart-776c6f6f79-hz5hj checkout-744bff58d5-p27mq currency-77cf85dd45-7hvcd email-5469cfc7d5-kt74j frontend-5596756fb5-fxpcl payment-85bbf9fb97-zbmtp productcatalog-745b7cb86d-bmzfg recommendations-59b954559-nqgj6 shipping-8665fcc4f9-frgtz
[run.sh] All pods are ready
[run.sh] Checking heartbeat for all services
[run.sh] All services are ready
[run.sh] Running warmup test
Running 3s test @ http://frontend:80
  16 threads and 512 connections
  Thread Stats   Avg      Stdev     Max   +/- Stdev
    Latency   761.61ms  198.80ms   1.67s    70.50%
    Req/Sec    44.09     26.75   170.00     76.49%
  Latency Distribution
     50%  706.13ms
     75%  884.78ms
     90%    1.08s 
     99%    1.29s 
  1800 requests in 3.10s, 6.52MB read
Requests/sec:    580.62
Transfer/sec:      2.10MB
[run.sh] /wrk/wrk -t16 -c512 -d60s -L -s /wrk/scripts/online-boutique/home.lua http://frontend:80
[run.sh] Checking the resource usage
NAME                              CPU(cores)   MEMORY(bytes)   
cart-776c6f6f79-hz5hj             784m         15Mi            
checkout-744bff58d5-p27mq         0m           3Mi             
currency-77cf85dd45-7hvcd         796m         16Mi            
email-5469cfc7d5-kt74j            0m           3Mi             
frontend-5596756fb5-fxpcl         997m         59Mi            
payment-85bbf9fb97-zbmtp          0m           3Mi             
productcatalog-745b7cb86d-bmzfg   813m         15Mi            
recommendations-59b954559-nqgj6   0m           3Mi             
shipping-8665fcc4f9-frgtz         0m           3Mi             
ubuntu-client-6c977c85d8-t9fbh    41m          1232Mi          
Running 1m test @ http://frontend:80
  16 threads and 512 connections
  Thread Stats   Avg      Stdev     Max   +/- Stdev
    Latency   716.62ms  200.20ms   1.97s    70.91%
    Req/Sec    45.33     24.21   828.00     61.39%
  Latency Distribution
     50%  697.73ms
     75%  805.34ms
     90%  990.93ms
     99%    1.31s 
  42628 requests in 1.00m, 154.40MB read
  Socket errors: connect 0, read 0, write 0, timeout 8
Requests/sec:    709.43
Transfer/sec:      2.57MB
