[run.sh] Running home with 16 threads, 512 connections, and 60 seconds
[run.sh] Deleting all services
service "cart" deleted
deployment.apps "cart" deleted
service "checkout" deleted
deployment.apps "checkout" deleted
service "currency" deleted
deployment.apps "currency" deleted
service "email" deleted
deployment.apps "email" deleted
service "frontend" deleted
deployment.apps "frontend" deleted
service "payment" deleted
deployment.apps "payment" deleted
service "productcatalog" deleted
deployment.apps "productcatalog" deleted
service "recommendations" deleted
deployment.apps "recommendations" deleted
service "shipping" deleted
deployment.apps "shipping" deleted
[run.sh] Waiting for all pods to be deleted
ubuntu-client-6c977c85d8-t9fbh   1/1     Running   0          34m
[run.sh] Waiting for client to be ready
[run.sh] Client is ready
[run.sh] Deploying all services
service/cart created
deployment.apps/cart created
service/checkout created
deployment.apps/checkout created
service/currency created
deployment.apps/currency created
service/email created
deployment.apps/email created
service/frontend created
deployment.apps/frontend created
service/payment created
deployment.apps/payment created
service/productcatalog created
deployment.apps/productcatalog created
service/recommendations created
deployment.apps/recommendations created
service/shipping created
deployment.apps/shipping created
[run.sh] Waiting for all pods to be running
[run.sh] Waiting for all pods to be ready
cart-776c6f6f79-jhhml checkout-744bff58d5-mqnh6 currency-77cf85dd45-ctqn4 email-5469cfc7d5-75zkc frontend-5596756fb5-dl4zh payment-85bbf9fb97-c4vcz productcatalog-745b7cb86d-5hjkc recommendations-59b954559-ckkmc shipping-8665fcc4f9-p9bgs
[run.sh] All pods are ready
[run.sh] Checking heartbeat for all services
[run.sh] All services are ready
[run.sh] Running warmup test
Running 3s test @ http://frontend:80
  16 threads and 512 connections
  Thread Stats   Avg      Stdev     Max   +/- Stdev
    Latency   757.80ms  259.29ms   1.68s    66.67%
    Req/Sec    45.19     29.12   240.00     71.85%
  Latency Distribution
     50%  703.04ms
     75%  901.10ms
     90%    1.17s 
     99%    1.38s 
  1794 requests in 3.10s, 6.50MB read
Requests/sec:    578.95
Transfer/sec:      2.10MB
[run.sh] /wrk/wrk -t16 -c512 -d60s -L -s /wrk/scripts/online-boutique/home.lua http://frontend:80
[run.sh] Checking the resource usage
NAME                              CPU(cores)   MEMORY(bytes)   
cart-776c6f6f79-jhhml             786m         16Mi            
checkout-744bff58d5-mqnh6         1m           3Mi             
currency-77cf85dd45-ctqn4         764m         16Mi            
email-5469cfc7d5-75zkc            0m           3Mi             
frontend-5596756fb5-dl4zh         1005m        61Mi            
payment-85bbf9fb97-c4vcz          1m           3Mi             
productcatalog-745b7cb86d-5hjkc   809m         15Mi            
recommendations-59b954559-ckkmc   1m           3Mi             
shipping-8665fcc4f9-p9bgs         1m           3Mi             
ubuntu-client-6c977c85d8-t9fbh    41m          1232Mi          
Running 1m test @ http://frontend:80
  16 threads and 512 connections
  Thread Stats   Avg      Stdev     Max   +/- Stdev
    Latency   717.38ms  212.62ms   2.00s    72.51%
    Req/Sec    45.36     23.56   424.00     61.29%
  Latency Distribution
     50%  697.11ms
     75%  807.21ms
     90%  997.97ms
     99%    1.39s 
  42640 requests in 1.00m, 154.44MB read
  Socket errors: connect 0, read 0, write 0, timeout 6
Requests/sec:    709.75
Transfer/sec:      2.57MB
