[test.py] Running experiment 0...
[test.py] Running home request with the following configuration: {'cart': 0, 'checkout': 0, 'currency': 0, 'email': 0, 'frontend': 0, 'payment': 0, 'product_catalog': 0, 'recommendations': 0, 'shipping': 0}
[test.py] Executing bash run.sh home:
    [run.sh] Running home with 16 threads, 256 connections, and 60 seconds
    [run.sh] Deleting all services
    service "cart" deleted
    deployment.apps "cart" deleted
    service "checkout" deleted
    deployment.apps "checkout" deleted
    service "currency" deleted
    deployment.apps "currency" deleted
    service "email" deleted
    deployment.apps "email" deleted
    service "frontend" deleted
    deployment.apps "frontend" deleted
    service "payment" deleted
    deployment.apps "payment" deleted
    service "productcatalog" deleted
    deployment.apps "productcatalog" deleted
    service "recommendations" deleted
    deployment.apps "recommendations" deleted
    service "shipping" deleted
    deployment.apps "shipping" deleted
    [run.sh] Waiting for all pods to be deleted
    ubuntu-client-6c977c85d8-sv58k   1/1     Running   0          44m
    [run.sh] Waiting for client to be ready
    [run.sh] Client is ready
    [run.sh] Deploying all services
    service/cart created
    deployment.apps/cart created
    service/checkout created
    deployment.apps/checkout created
    service/currency created
    deployment.apps/currency created
    service/email created
    deployment.apps/email created
    service/frontend created
    deployment.apps/frontend created
    service/payment created
    deployment.apps/payment created
    service/productcatalog created
    deployment.apps/productcatalog created
    service/recommendations created
    deployment.apps/recommendations created
    service/shipping created
    deployment.apps/shipping created
    [run.sh] Waiting for all pods to be running
    [run.sh] Waiting for all pods to be ready
    cart-945b86796-25dtb checkout-5bf9848688-ss5wc currency-b8fb98746-f4z2x email-67b8db8cc4-btgbq frontend-56459f699b-fjltc payment-57b9c5bb94-nqvts productcatalog-7dc956dc85-klg5f recommendations-5d8dfff8b-fd5gt shipping-84c775c444-gcv48
    [run.sh] All pods are ready
    [run.sh] Checking heartbeat for all services
    [run.sh] All services are ready
    [run.sh] Running warmup test
    Running 3s test @ http://frontend:80
    16 threads and 256 connections
    Thread Stats   Avg      Stdev     Max   +/- Stdev
    Latency    99.38ms   55.59ms 404.20ms   64.64%
    Req/Sec   159.04     41.43   270.00     70.66%
    Latency Distribution
    50%   98.90ms
    75%  113.65ms
    90%  186.82ms
    99%  256.00ms
    7714 requests in 3.10s, 27.94MB read
    Requests/sec:   2488.79
    Transfer/sec:      9.01MB
    [run.sh] /wrk/wrk -t16 -c256 -d60s -L -s /wrk/scripts/online-boutique/home.lua http://frontend:80
    [run.sh] Checking the resource usage
    NAME                              CPU(cores)   MEMORY(bytes)
    cart-945b86796-25dtb              234m         13Mi
    checkout-5bf9848688-ss5wc         1m           3Mi
    currency-b8fb98746-f4z2x          234m         12Mi
    email-67b8db8cc4-btgbq            1m           3Mi
    frontend-56459f699b-fjltc         1004m        38Mi
    payment-57b9c5bb94-nqvts          1m           3Mi
    productcatalog-7dc956dc85-klg5f   304m         11Mi
    recommendations-5d8dfff8b-fd5gt   1m           3Mi
    shipping-84c775c444-gcv48         1m           3Mi
    ubuntu-client-6c977c85d8-sv58k    145m         1224Mi
    Running 1m test @ http://frontend:80
    16 threads and 256 connections
    Thread Stats   Avg      Stdev     Max   +/- Stdev
    Latency    96.11ms   53.81ms 494.74ms   67.95%
    Req/Sec   169.36     40.17     1.38k    76.59%
    Latency Distribution
    50%   98.71ms
    75%  103.48ms
    90%  191.43ms
    99%  205.62ms
    162075 requests in 1.00m, 587.05MB read
    Requests/sec:   2698.73
    Transfer/sec:      9.77MB
[test.py] Running home request with the following configuration: {'cart': 100, 'checkout': 0, 'currency': 0, 'email': 0, 'frontend': 0, 'payment': 0, 'product_catalog': 0, 'recommendations': 0, 'shipping': 0}
[test.py] Executing bash run.sh home:
    [run.sh] Running home with 16 threads, 256 connections, and 60 seconds
    [run.sh] Deleting all services
    service "cart" deleted
    deployment.apps "cart" deleted
    service "checkout" deleted
    deployment.apps "checkout" deleted
    service "currency" deleted
    deployment.apps "currency" deleted
    service "email" deleted
    deployment.apps "email" deleted
    service "frontend" deleted
    deployment.apps "frontend" deleted
    service "payment" deleted
    deployment.apps "payment" deleted
    service "productcatalog" deleted
    deployment.apps "productcatalog" deleted
    service "recommendations" deleted
    deployment.apps "recommendations" deleted
    service "shipping" deleted
    deployment.apps "shipping" deleted
    [run.sh] Waiting for all pods to be deleted
    ubuntu-client-6c977c85d8-sv58k   1/1     Running   0          45m
    [run.sh] Waiting for client to be ready
    [run.sh] Client is ready
    [run.sh] Deploying all services
    service/cart created
    deployment.apps/cart created
    service/checkout created
    deployment.apps/checkout created
    service/currency created
    deployment.apps/currency created
    service/email created
    deployment.apps/email created
    service/frontend created
    deployment.apps/frontend created
    service/payment created
    deployment.apps/payment created
    service/productcatalog created
    deployment.apps/productcatalog created
    service/recommendations created
    deployment.apps/recommendations created
    service/shipping created
    deployment.apps/shipping created
    [run.sh] Waiting for all pods to be running
    [run.sh] Waiting for all pods to be ready
    cart-5dbb9c7dff-rd4tq checkout-5bf9848688-vhvm9 currency-b8fb98746-vrwdn email-67b8db8cc4-4ww7k frontend-56459f699b-skjl7 payment-57b9c5bb94-bjhkn productcatalog-7dc956dc85-fkbzs recommendations-5d8dfff8b-z868s shipping-84c775c444-psdf6
    [run.sh] All pods are ready
    [run.sh] Checking heartbeat for all services
    [run.sh] cart is not reachable
    [run.sh] cart is not reachable
    [run.sh] cart is not reachable
    [run.sh] cart is not reachable
    [run.sh] All services are ready
    [run.sh] Running warmup test
    Running 3s test @ http://frontend:80
    16 threads and 256 connections
    Thread Stats   Avg      Stdev     Max   +/- Stdev
    Latency     0.00us    0.00us   0.00us    -nan%
    Req/Sec     0.00      0.00     0.00      -nan%
    Latency Distribution
    50%    0.00us
    75%    0.00us
    90%    0.00us
    99%    0.00us
    0 requests in 3.10s, 0.00B read
    Requests/sec:      0.00
    Transfer/sec:       0.00B
    [run.sh] /wrk/wrk -t16 -c256 -d60s -L -s /wrk/scripts/online-boutique/home.lua http://frontend:80
    [run.sh] Checking the resource usage
    NAME                              CPU(cores)   MEMORY(bytes)
    cart-5dbb9c7dff-rd4tq             0m           3Mi
    checkout-5bf9848688-vhvm9         0m           3Mi
    currency-b8fb98746-vrwdn          0m           3Mi
    email-67b8db8cc4-4ww7k            0m           3Mi
    frontend-56459f699b-skjl7         0m           22Mi
    payment-57b9c5bb94-bjhkn          0m           3Mi
    productcatalog-7dc956dc85-fkbzs   0m           3Mi
    recommendations-5d8dfff8b-z868s   0m           3Mi
    shipping-84c775c444-psdf6         1m           3Mi
    ubuntu-client-6c977c85d8-sv58k    2m           1219Mi
    Running 1m test @ http://frontend:80
    16 threads and 256 connections
    Thread Stats   Avg      Stdev     Max   +/- Stdev
    Latency     0.00us    0.00us   0.00us    -nan%
    Req/Sec     0.00      0.00     0.00      -nan%
    Latency Distribution
    50%    0.00us
    75%    0.00us
    90%    0.00us
    99%    0.00us
    0 requests in 1.00m, 0.00B read
    Socket errors: connect 0, read 256, write 0, timeout 0
    Requests/sec:      0.00
    Transfer/sec:       0.00B
[test.py] Running home request with the following configuration: {'cart': 200, 'checkout': 0, 'currency': 0, 'email': 0, 'frontend': 0, 'payment': 0, 'product_catalog': 0, 'recommendations': 0, 'shipping': 0}
[test.py] Executing bash run.sh home:
    [run.sh] Running home with 16 threads, 256 connections, and 60 seconds
    [run.sh] Deleting all services
    service "cart" deleted
    deployment.apps "cart" deleted
    service "checkout" deleted
    deployment.apps "checkout" deleted
    service "currency" deleted
    deployment.apps "currency" deleted
    service "email" deleted
    deployment.apps "email" deleted
    service "frontend" deleted
    deployment.apps "frontend" deleted
    service "payment" deleted
    deployment.apps "payment" deleted
    service "productcatalog" deleted
    deployment.apps "productcatalog" deleted
    service "recommendations" deleted
    deployment.apps "recommendations" deleted
    service "shipping" deleted
    deployment.apps "shipping" deleted
    [run.sh] Waiting for all pods to be deleted
    ubuntu-client-6c977c85d8-sv58k   1/1     Running   0          47m
    [run.sh] Waiting for client to be ready
    [run.sh] Client is ready
    [run.sh] Deploying all services
    service/cart created
    deployment.apps/cart created
    service/checkout created
    deployment.apps/checkout created
    service/currency created
    deployment.apps/currency created
    service/email created
    deployment.apps/email created
    service/frontend created
    deployment.apps/frontend created
    service/payment created
    deployment.apps/payment created
    service/productcatalog created
    deployment.apps/productcatalog created
    service/recommendations created
    deployment.apps/recommendations created
    service/shipping created
    deployment.apps/shipping created
    [run.sh] Waiting for all pods to be running
    [run.sh] Waiting for all pods to be ready
    cart-6dc478855d-f7vw7 checkout-5bf9848688-n57pb currency-b8fb98746-m6xmr email-67b8db8cc4-h9pxm frontend-56459f699b-kl87s payment-57b9c5bb94-6z7l6 productcatalog-7dc956dc85-2f8rb recommendations-5d8dfff8b-l2ww9 shipping-84c775c444-pggps
    [run.sh] All pods are ready
    [run.sh] Checking heartbeat for all services
    [run.sh] All services are ready
    [run.sh] Running warmup test
    Running 3s test @ http://frontend:80
    16 threads and 256 connections
    Thread Stats   Avg      Stdev     Max   +/- Stdev
    Latency    93.68ms   49.65ms 391.40ms   68.22%
    Req/Sec   168.23     41.32   272.00     70.23%
    Latency Distribution
    50%   98.13ms
    75%  105.12ms
    90%  177.40ms
    99%  200.44ms
    8207 requests in 3.10s, 29.73MB read
    Requests/sec:   2647.16
    Transfer/sec:      9.59MB
    [run.sh] /wrk/wrk -t16 -c256 -d60s -L -s /wrk/scripts/online-boutique/home.lua http://frontend:80
    [run.sh] Checking the resource usage
    NAME                              CPU(cores)   MEMORY(bytes)
    cart-6dc478855d-f7vw7             741m         14Mi
    checkout-5bf9848688-n57pb         1m           3Mi
    currency-b8fb98746-m6xmr          238m         13Mi
    email-67b8db8cc4-h9pxm            1m           3Mi
    frontend-56459f699b-kl87s         1002m        39Mi
    payment-57b9c5bb94-6z7l6          1m           3Mi
    productcatalog-7dc956dc85-2f8rb   324m         13Mi
    recommendations-5d8dfff8b-l2ww9   1m           3Mi
    shipping-84c775c444-pggps         1m           3Mi
    ubuntu-client-6c977c85d8-sv58k    155m         1224Mi
    Running 1m test @ http://frontend:80
    16 threads and 256 connections
    Thread Stats   Avg      Stdev     Max   +/- Stdev
    Latency    96.26ms   52.20ms 490.36ms   67.75%
    Req/Sec   168.59     36.38     0.99k    71.24%
    Latency Distribution
    50%   98.61ms
    75%  103.78ms
    90%  182.81ms
    99%  205.36ms
    161348 requests in 1.00m, 584.41MB read
    Requests/sec:   2686.47
    Transfer/sec:      9.73MB
[test.py] Running home request with the following configuration: {'cart': 300, 'checkout': 0, 'currency': 0, 'email': 0, 'frontend': 0, 'payment': 0, 'product_catalog': 0, 'recommendations': 0, 'shipping': 0}
[test.py] Executing bash run.sh home:
    [run.sh] Running home with 16 threads, 256 connections, and 60 seconds
    [run.sh] Deleting all services
    service "cart" deleted
    deployment.apps "cart" deleted
    service "checkout" deleted
    deployment.apps "checkout" deleted
    service "currency" deleted
    deployment.apps "currency" deleted
    service "email" deleted
    deployment.apps "email" deleted
    service "frontend" deleted
    deployment.apps "frontend" deleted
    service "payment" deleted
    deployment.apps "payment" deleted
    service "productcatalog" deleted
    deployment.apps "productcatalog" deleted
    service "recommendations" deleted
    deployment.apps "recommendations" deleted
    service "shipping" deleted
    deployment.apps "shipping" deleted
    [run.sh] Waiting for all pods to be deleted
    ubuntu-client-6c977c85d8-sv58k   1/1     Running   0          48m
    [run.sh] Waiting for client to be ready
    [run.sh] Client is ready
    [run.sh] Deploying all services
    service/cart created
    deployment.apps/cart created
    service/checkout created
    deployment.apps/checkout created
    service/currency created
    deployment.apps/currency created
    service/email created
    deployment.apps/email created
    service/frontend created
    deployment.apps/frontend created
    service/payment created
    deployment.apps/payment created
    service/productcatalog created
    deployment.apps/productcatalog created
    service/recommendations created
    deployment.apps/recommendations created
    service/shipping created
    deployment.apps/shipping created
    [run.sh] Waiting for all pods to be running
    [run.sh] Waiting for all pods to be ready
    cart-5fcdf5cc49-9d86x checkout-5bf9848688-wm8lz currency-b8fb98746-vpb56 email-67b8db8cc4-4zp8q frontend-56459f699b-zzv48 payment-57b9c5bb94-wzcxr productcatalog-7dc956dc85-k4sz9 recommendations-5d8dfff8b-4c4gb shipping-84c775c444-chnlt
    [run.sh] All pods are ready
    [run.sh] Checking heartbeat for all services
    [run.sh] cart is not reachable
    [run.sh] cart is not reachable
    [run.sh] productcatalog is not reachable
    [run.sh] cart is not reachable
    [run.sh] currency is not reachable
    [run.sh] cart is not reachable
    [run.sh] currency is not reachable
    [run.sh] All services are ready
    [run.sh] Running warmup test
    Running 3s test @ http://frontend:80
    16 threads and 256 connections
    Thread Stats   Avg      Stdev     Max   +/- Stdev
    Latency    95.40ms   44.49ms 293.44ms   75.22%
    Req/Sec   165.26     36.44   282.00     74.90%
    Latency Distribution
    50%   98.84ms
    75%  102.78ms
    90%  135.75ms
    99%  199.51ms
    7985 requests in 3.10s, 28.92MB read
    Requests/sec:   2576.79
    Transfer/sec:      9.33MB
    [run.sh] /wrk/wrk -t16 -c256 -d60s -L -s /wrk/scripts/online-boutique/home.lua http://frontend:80
    [run.sh] Checking the resource usage
    NAME                              CPU(cores)   MEMORY(bytes)
    cart-5fcdf5cc49-9d86x             986m         16Mi
    checkout-5bf9848688-wm8lz         1m           3Mi
    currency-b8fb98746-vpb56          229m         12Mi
    email-67b8db8cc4-4zp8q            0m           3Mi
    frontend-56459f699b-zzv48         998m         39Mi
    payment-57b9c5bb94-wzcxr          1m           3Mi
    productcatalog-7dc956dc85-k4sz9   336m         12Mi
    recommendations-5d8dfff8b-4c4gb   1m           3Mi
    shipping-84c775c444-chnlt         1m           3Mi
    ubuntu-client-6c977c85d8-sv58k    167m         1224Mi
    Running 1m test @ http://frontend:80
    16 threads and 256 connections
    Thread Stats   Avg      Stdev     Max   +/- Stdev
    Latency    97.71ms   48.74ms 396.16ms   72.48%
    Req/Sec   165.04     34.92     1.03k    70.53%
    Latency Distribution
    50%   99.00ms
    75%  102.78ms
    90%  189.38ms
    99%  200.97ms
    157928 requests in 1.00m, 572.02MB read
    Requests/sec:   2630.05
    Transfer/sec:      9.53MB
[test.py] Running home request with the following configuration: {'cart': 400, 'checkout': 0, 'currency': 0, 'email': 0, 'frontend': 0, 'payment': 0, 'product_catalog': 0, 'recommendations': 0, 'shipping': 0}
[test.py] Executing bash run.sh home:
    [run.sh] Running home with 16 threads, 256 connections, and 60 seconds
    [run.sh] Deleting all services
    service "cart" deleted
    deployment.apps "cart" deleted
    service "checkout" deleted
    deployment.apps "checkout" deleted
    service "currency" deleted
    deployment.apps "currency" deleted
    service "email" deleted
    deployment.apps "email" deleted
    service "frontend" deleted
    deployment.apps "frontend" deleted
    service "payment" deleted
    deployment.apps "payment" deleted
    service "productcatalog" deleted
    deployment.apps "productcatalog" deleted
    service "recommendations" deleted
    deployment.apps "recommendations" deleted
    service "shipping" deleted
    deployment.apps "shipping" deleted
    [run.sh] Waiting for all pods to be deleted
    ubuntu-client-6c977c85d8-sv58k   1/1     Running   0          50m
    [run.sh] Waiting for client to be ready
    [run.sh] Client is ready
    [run.sh] Deploying all services
    service/cart created
    deployment.apps/cart created
    service/checkout created
    deployment.apps/checkout created
    service/currency created
    deployment.apps/currency created
    service/email created
    deployment.apps/email created
    service/frontend created
    deployment.apps/frontend created
    service/payment created
    deployment.apps/payment created
    service/productcatalog created
    deployment.apps/productcatalog created
    service/recommendations created
    deployment.apps/recommendations created
    service/shipping created
    deployment.apps/shipping created
    [run.sh] Waiting for all pods to be running
    [run.sh] Waiting for all pods to be ready
    cart-5f9566786d-hlnd2 checkout-5bf9848688-p6ksx currency-b8fb98746-sf6xn email-67b8db8cc4-fddx4 frontend-56459f699b-wdthp payment-57b9c5bb94-5jxvn productcatalog-7dc956dc85-r6hz4 recommendations-5d8dfff8b-tvlzp shipping-84c775c444-24kkf
    [run.sh] All pods are ready
    [run.sh] Checking heartbeat for all services
    [run.sh] cart is not reachable
    [run.sh] cart is not reachable
    [run.sh] productcatalog is not reachable
    [run.sh] currency is not reachable
    [run.sh] currency is not reachable
    [run.sh] productcatalog is not reachable
    [run.sh] All services are ready
    [run.sh] Running warmup test
    Running 3s test @ http://frontend:80
    16 threads and 256 connections
    Thread Stats   Avg      Stdev     Max   +/- Stdev
    Latency   117.48ms   44.69ms 298.37ms   69.20%
    Req/Sec   134.22     24.89   220.00     72.16%
    Latency Distribution
    50%  101.54ms
    75%  133.29ms
    90%  194.43ms
    99%  203.38ms
    6546 requests in 3.10s, 23.71MB read
    Requests/sec:   2112.16
    Transfer/sec:      7.65MB
    [run.sh] /wrk/wrk -t16 -c256 -d60s -L -s /wrk/scripts/online-boutique/home.lua http://frontend:80
    [run.sh] Checking the resource usage
    NAME                              CPU(cores)   MEMORY(bytes)
    cart-5f9566786d-hlnd2             1m           14Mi
    checkout-5bf9848688-p6ksx         1m           3Mi
    currency-b8fb98746-sf6xn          1m           11Mi
    email-67b8db8cc4-fddx4            1m           3Mi
    frontend-56459f699b-wdthp         1m           34Mi
    payment-57b9c5bb94-5jxvn          1m           3Mi
    productcatalog-7dc956dc85-r6hz4   1m           10Mi
    recommendations-5d8dfff8b-tvlzp   1m           3Mi
    shipping-84c775c444-24kkf         1m           3Mi
    ubuntu-client-6c977c85d8-sv58k    9m           1222Mi
    Running 1m test @ http://frontend:80
    16 threads and 256 connections
    Thread Stats   Avg      Stdev     Max   +/- Stdev
    Latency   119.58ms   50.48ms 401.05ms   69.75%
    Req/Sec   134.83     21.90   606.00     68.72%
    Latency Distribution
    50%  101.39ms
    75%  158.32ms
    90%  196.45ms
    99%  267.87ms
    128996 requests in 1.00m, 467.23MB read
    Requests/sec:   2147.98
    Transfer/sec:      7.78MB
[test.py] Running home request with the following configuration: {'cart': 500, 'checkout': 0, 'currency': 0, 'email': 0, 'frontend': 0, 'payment': 0, 'product_catalog': 0, 'recommendations': 0, 'shipping': 0}
[test.py] Executing bash run.sh home:
    [run.sh] Running home with 16 threads, 256 connections, and 60 seconds
    [run.sh] Deleting all services
    service "cart" deleted
    deployment.apps "cart" deleted
    service "checkout" deleted
    deployment.apps "checkout" deleted
    service "currency" deleted
    deployment.apps "currency" deleted
    service "email" deleted
    deployment.apps "email" deleted
    service "frontend" deleted
    deployment.apps "frontend" deleted
    service "payment" deleted
    deployment.apps "payment" deleted
    service "productcatalog" deleted
    deployment.apps "productcatalog" deleted
    service "recommendations" deleted
    deployment.apps "recommendations" deleted
    service "shipping" deleted
    deployment.apps "shipping" deleted
    [run.sh] Waiting for all pods to be deleted
    ubuntu-client-6c977c85d8-sv58k   1/1     Running   0          52m
    [run.sh] Waiting for client to be ready
    [run.sh] Client is ready
    [run.sh] Deploying all services
    service/cart created
    deployment.apps/cart created
    service/checkout created
    deployment.apps/checkout created
    service/currency created
    deployment.apps/currency created
    service/email created
    deployment.apps/email created
    service/frontend created
    deployment.apps/frontend created
    service/payment created
    deployment.apps/payment created
    service/productcatalog created
    deployment.apps/productcatalog created
    service/recommendations created
    deployment.apps/recommendations created
    service/shipping created
    deployment.apps/shipping created
    [run.sh] Waiting for all pods to be running
    [run.sh] Waiting for all pods to be ready
    cart-7c7b5d6995-szwpm checkout-5bf9848688-hdnfg currency-b8fb98746-v9gg4 email-67b8db8cc4-jd59z frontend-56459f699b-rw7t6 payment-57b9c5bb94-r4wdq productcatalog-7dc956dc85-rxmct recommendations-5d8dfff8b-w575w shipping-84c775c444-26mwn
    [run.sh] All pods are ready
    [run.sh] Checking heartbeat for all services
    [run.sh] All services are ready
    [run.sh] Running warmup test
    Running 3s test @ http://frontend:80
    16 threads and 256 connections
    Thread Stats   Avg      Stdev     Max   +/- Stdev
    Latency   142.30ms   54.16ms 399.39ms   76.49%
    Req/Sec   108.95     22.48   170.00     77.53%
    Latency Distribution
    50%  107.50ms
    75%  194.80ms
    90%  201.50ms
    99%  298.82ms
    5301 requests in 3.10s, 19.20MB read
    Requests/sec:   1710.51
    Transfer/sec:      6.20MB
    [run.sh] /wrk/wrk -t16 -c256 -d60s -L -s /wrk/scripts/online-boutique/home.lua http://frontend:80
    [run.sh] Checking the resource usage
    NAME                              CPU(cores)   MEMORY(bytes)
    cart-7c7b5d6995-szwpm             996m         17Mi
    checkout-5bf9848688-hdnfg         0m           3Mi
    currency-b8fb98746-v9gg4          155m         11Mi
    email-67b8db8cc4-jd59z            0m           3Mi
    frontend-56459f699b-rw7t6         710m         37Mi
    payment-57b9c5bb94-r4wdq          0m           3Mi
    productcatalog-7dc956dc85-rxmct   223m         10Mi
    recommendations-5d8dfff8b-w575w   0m           3Mi
    shipping-84c775c444-26mwn         0m           3Mi
    ubuntu-client-6c977c85d8-sv58k    97m          1224Mi
    Running 1m test @ http://frontend:80
    16 threads and 256 connections
    Thread Stats   Avg      Stdev     Max   +/- Stdev
    Latency   145.30ms   55.63ms 590.93ms   86.46%
    Req/Sec   110.91     22.43   707.00     79.50%
    Latency Distribution
    50%  107.44ms
    75%  195.31ms
    90%  201.80ms
    99%  301.13ms
    106142 requests in 1.00m, 384.45MB read
    Requests/sec:   1766.08
    Transfer/sec:      6.40MB
[test.py] Running home request with the following configuration: {'cart': 600, 'checkout': 0, 'currency': 0, 'email': 0, 'frontend': 0, 'payment': 0, 'product_catalog': 0, 'recommendations': 0, 'shipping': 0}
[test.py] Executing bash run.sh home:
    [run.sh] Running home with 16 threads, 256 connections, and 60 seconds
    [run.sh] Deleting all services
    service "cart" deleted
    deployment.apps "cart" deleted
    service "checkout" deleted
    deployment.apps "checkout" deleted
    service "currency" deleted
    deployment.apps "currency" deleted
    service "email" deleted
    deployment.apps "email" deleted
    service "frontend" deleted
    deployment.apps "frontend" deleted
    service "payment" deleted
    deployment.apps "payment" deleted
    service "productcatalog" deleted
    deployment.apps "productcatalog" deleted
    service "recommendations" deleted
    deployment.apps "recommendations" deleted
    service "shipping" deleted
    deployment.apps "shipping" deleted
    [run.sh] Waiting for all pods to be deleted
    ubuntu-client-6c977c85d8-sv58k   1/1     Running   0          53m
    [run.sh] Waiting for client to be ready
    [run.sh] Client is ready
    [run.sh] Deploying all services
    service/cart created
    deployment.apps/cart created
    service/checkout created
    deployment.apps/checkout created
    service/currency created
    deployment.apps/currency created
    service/email created
    deployment.apps/email created
    service/frontend created
    deployment.apps/frontend created
    service/payment created
    deployment.apps/payment created
    service/productcatalog created
    deployment.apps/productcatalog created
    service/recommendations created
    deployment.apps/recommendations created
    service/shipping created
    deployment.apps/shipping created
    [run.sh] Waiting for all pods to be running
    [run.sh] Waiting for all pods to be ready
    cart-bc9fc8fcd-qlzjd checkout-5bf9848688-r2bnz currency-b8fb98746-6wxrb email-67b8db8cc4-jfjnc frontend-56459f699b-9lwq5 payment-57b9c5bb94-qqztm productcatalog-7dc956dc85-6twg5 recommendations-5d8dfff8b-v9dsr shipping-84c775c444-twlpn
    [run.sh] All pods are ready
    [run.sh] Checking heartbeat for all services
    [run.sh] All services are ready
    [run.sh] Running warmup test
    Running 3s test @ http://frontend:80
    16 threads and 256 connections
    Thread Stats   Avg      Stdev     Max   +/- Stdev
    Latency   168.12ms   67.52ms 503.26ms   86.84%
    Req/Sec    92.32     21.21   160.00     67.01%
    Latency Distribution
    50%  190.60ms
    75%  199.12ms
    90%  219.17ms
    99%  399.02ms
    4485 requests in 3.10s, 16.24MB read
    Requests/sec:   1446.86
    Transfer/sec:      5.24MB
    [run.sh] /wrk/wrk -t16 -c256 -d60s -L -s /wrk/scripts/online-boutique/home.lua http://frontend:80
    [run.sh] Checking the resource usage
    NAME                              CPU(cores)   MEMORY(bytes)
    cart-bc9fc8fcd-qlzjd              1m           14Mi
    checkout-5bf9848688-r2bnz         0m           3Mi
    currency-b8fb98746-6wxrb          21m          10Mi
    email-67b8db8cc4-jfjnc            1m           3Mi
    frontend-56459f699b-9lwq5         166m         32Mi
    payment-57b9c5bb94-qqztm          0m           3Mi
    recommendations-5d8dfff8b-v9dsr   0m           3Mi
    shipping-84c775c444-twlpn         0m           3Mi
    ubuntu-client-6c977c85d8-sv58k    9m           1214Mi
    Running 1m test @ http://frontend:80
    16 threads and 256 connections
    Thread Stats   Avg      Stdev     Max   +/- Stdev
    Latency   172.09ms   65.53ms 701.14ms   62.16%
    Req/Sec    93.80     21.65   555.00     67.78%
    Latency Distribution
    50%  192.15ms
    75%  200.04ms
    90%  223.02ms
    99%  397.56ms
    89854 requests in 1.00m, 325.46MB read
    Requests/sec:   1496.31
    Transfer/sec:      5.42MB
[test.py] Running home request with the following configuration: {'cart': 700, 'checkout': 0, 'currency': 0, 'email': 0, 'frontend': 0, 'payment': 0, 'product_catalog': 0, 'recommendations': 0, 'shipping': 0}
[test.py] Executing bash run.sh home:
    [run.sh] Running home with 16 threads, 256 connections, and 60 seconds
    [run.sh] Deleting all services
    service "cart" deleted
    deployment.apps "cart" deleted
    service "checkout" deleted
    deployment.apps "checkout" deleted
    service "currency" deleted
    deployment.apps "currency" deleted
    service "email" deleted
    deployment.apps "email" deleted
    service "frontend" deleted
    deployment.apps "frontend" deleted
    service "payment" deleted
    deployment.apps "payment" deleted
    service "productcatalog" deleted
    deployment.apps "productcatalog" deleted
    service "recommendations" deleted
    deployment.apps "recommendations" deleted
    service "shipping" deleted
    deployment.apps "shipping" deleted
    [run.sh] Waiting for all pods to be deleted
    ubuntu-client-6c977c85d8-sv58k   1/1     Running   0          55m
    [run.sh] Waiting for client to be ready
    [run.sh] Client is ready
    [run.sh] Deploying all services
    service/cart created
    deployment.apps/cart created
    service/checkout created
    deployment.apps/checkout created
    service/currency created
    deployment.apps/currency created
    service/email created
    deployment.apps/email created
    service/frontend created
    deployment.apps/frontend created
    service/payment created
    deployment.apps/payment created
    service/productcatalog created
    deployment.apps/productcatalog created
    service/recommendations created
    deployment.apps/recommendations created
    service/shipping created
    deployment.apps/shipping created
    [run.sh] Waiting for all pods to be running
    [run.sh] Waiting for all pods to be ready
    cart-5f8986f-qp6n2 checkout-5bf9848688-jfzh5 currency-b8fb98746-z9c97 email-67b8db8cc4-ssh79 frontend-56459f699b-2h6fz payment-57b9c5bb94-dcw8s productcatalog-7dc956dc85-w889n recommendations-5d8dfff8b-lr4md shipping-84c775c444-hmdwt
    [run.sh] All pods are ready
    [run.sh] Checking heartbeat for all services
    [run.sh] All services are ready
    [run.sh] Running warmup test
    Running 3s test @ http://frontend:80
    16 threads and 256 connections
    Thread Stats   Avg      Stdev     Max   +/- Stdev
    Latency   191.94ms   84.54ms 700.10ms   68.87%
    Req/Sec    81.75     22.92   180.00     78.23%
    Latency Distribution
    50%  195.36ms
    75%  202.79ms
    90%  296.24ms
    99%  505.18ms
    4002 requests in 3.10s, 14.50MB read
    Requests/sec:   1291.37
    Transfer/sec:      4.68MB
    [run.sh] /wrk/wrk -t16 -c256 -d60s -L -s /wrk/scripts/online-boutique/home.lua http://frontend:80
    [run.sh] Checking the resource usage
    NAME                              CPU(cores)   MEMORY(bytes)
    cart-5f8986f-qp6n2                1005m        17Mi
    checkout-5bf9848688-jfzh5         0m           3Mi
    currency-b8fb98746-z9c97          118m         11Mi
    email-67b8db8cc4-ssh79            0m           3Mi
    frontend-56459f699b-2h6fz         573m         33Mi
    payment-57b9c5bb94-dcw8s          0m           3Mi
    productcatalog-7dc956dc85-w889n   168m         11Mi
    recommendations-5d8dfff8b-lr4md   0m           3Mi
    shipping-84c775c444-hmdwt         0m           3Mi
    ubuntu-client-6c977c85d8-sv58k    70m          1225Mi
    Running 1m test @ http://frontend:80
    16 threads and 256 connections
    Thread Stats   Avg      Stdev     Max   +/- Stdev
    Latency   198.06ms   78.27ms 748.63ms   60.15%
    Req/Sec    81.37     20.39   414.00     68.62%
    Latency Distribution
    50%  196.94ms
    75%  204.78ms
    90%  298.95ms
    99%  446.66ms
    78002 requests in 1.00m, 282.53MB read
    Requests/sec:   1298.60
    Transfer/sec:      4.70MB
[test.py] Running home request with the following configuration: {'cart': 800, 'checkout': 0, 'currency': 0, 'email': 0, 'frontend': 0, 'payment': 0, 'product_catalog': 0, 'recommendations': 0, 'shipping': 0}
[test.py] Executing bash run.sh home:
    [run.sh] Running home with 16 threads, 256 connections, and 60 seconds
    [run.sh] Deleting all services
    service "cart" deleted
    deployment.apps "cart" deleted
    service "checkout" deleted
    deployment.apps "checkout" deleted
    service "currency" deleted
    deployment.apps "currency" deleted
    service "email" deleted
    deployment.apps "email" deleted
    service "frontend" deleted
    deployment.apps "frontend" deleted
    service "payment" deleted
    deployment.apps "payment" deleted
    service "productcatalog" deleted
    deployment.apps "productcatalog" deleted
    service "recommendations" deleted
    deployment.apps "recommendations" deleted
    service "shipping" deleted
    deployment.apps "shipping" deleted
    [run.sh] Waiting for all pods to be deleted
    ubuntu-client-6c977c85d8-sv58k   1/1     Running   0          56m
    [run.sh] Waiting for client to be ready
    [run.sh] Client is ready
    [run.sh] Deploying all services
    service/cart created
    deployment.apps/cart created
    service/checkout created
    deployment.apps/checkout created
    service/currency created
    deployment.apps/currency created
    service/email created
    deployment.apps/email created
    service/frontend created
    deployment.apps/frontend created
    service/payment created
    deployment.apps/payment created
    service/productcatalog created
    deployment.apps/productcatalog created
    service/recommendations created
    deployment.apps/recommendations created
    service/shipping created
    deployment.apps/shipping created
    [run.sh] Waiting for all pods to be running
    [run.sh] Waiting for all pods to be ready
    cart-74f696f964-rnfgv checkout-5bf9848688-9wgjd currency-b8fb98746-7hw6z email-67b8db8cc4-lv2hf frontend-56459f699b-km2xl payment-57b9c5bb94-zpd4v productcatalog-7dc956dc85-vlk7j recommendations-5d8dfff8b-mzhtc shipping-84c775c444-8r2kz
    [run.sh] All pods are ready
    [run.sh] Checking heartbeat for all services
    [run.sh] cart is not reachable
    [run.sh] cart is not reachable
    [run.sh] cart is not reachable
    [run.sh] All services are ready
    [run.sh] Running warmup test
    Running 3s test @ http://frontend:80
    16 threads and 256 connections
    Thread Stats   Avg      Stdev     Max   +/- Stdev
    Latency   216.63ms   95.57ms 797.42ms   65.82%
    Req/Sec    69.95     20.73   140.00     78.49%
    Latency Distribution
    50%  198.96ms
    75%  288.19ms
    90%  333.49ms
    99%  505.82ms
    3324 requests in 3.10s, 12.04MB read
    Socket errors: connect 0, read 299, write 0, timeout 0
    Requests/sec:   1072.02
    Transfer/sec:      3.88MB
    [run.sh] /wrk/wrk -t16 -c256 -d60s -L -s /wrk/scripts/online-boutique/home.lua http://frontend:80
    [run.sh] Checking the resource usage
    NAME                              CPU(cores)   MEMORY(bytes)
    cart-74f696f964-rnfgv             50m          15Mi
    checkout-5bf9848688-9wgjd         0m           3Mi
    currency-b8fb98746-7hw6z          37m          10Mi
    email-67b8db8cc4-lv2hf            0m           3Mi
    frontend-56459f699b-km2xl         200m         32Mi
    payment-57b9c5bb94-zpd4v          0m           3Mi
    productcatalog-7dc956dc85-vlk7j   9m           10Mi
    recommendations-5d8dfff8b-mzhtc   0m           3Mi
    shipping-84c775c444-8r2kz         0m           3Mi
    ubuntu-client-6c977c85d8-sv58k    9m           1214Mi
    Running 1m test @ http://frontend:80
    16 threads and 256 connections
    Thread Stats   Avg      Stdev     Max   +/- Stdev
    Latency   225.20ms   96.70ms 997.75ms   68.10%
    Req/Sec    71.83     20.51   440.00     68.84%
    Latency Distribution
    50%  199.88ms
    75%  287.34ms
    90%  383.11ms
    99%  501.68ms
    68909 requests in 1.00m, 249.59MB read
    Requests/sec:   1146.59
    Transfer/sec:      4.15MB
[test.py] Running home request with the following configuration: {'cart': 900, 'checkout': 0, 'currency': 0, 'email': 0, 'frontend': 0, 'payment': 0, 'product_catalog': 0, 'recommendations': 0, 'shipping': 0}
[test.py] Executing bash run.sh home:
    [run.sh] Running home with 16 threads, 256 connections, and 60 seconds
    [run.sh] Deleting all services
    service "cart" deleted
    deployment.apps "cart" deleted
    service "checkout" deleted
    deployment.apps "checkout" deleted
    service "currency" deleted
    deployment.apps "currency" deleted
    service "email" deleted
    deployment.apps "email" deleted
    service "frontend" deleted
    deployment.apps "frontend" deleted
    service "payment" deleted
    deployment.apps "payment" deleted
    service "productcatalog" deleted
    deployment.apps "productcatalog" deleted
    service "recommendations" deleted
    deployment.apps "recommendations" deleted
    service "shipping" deleted
    deployment.apps "shipping" deleted
    [run.sh] Waiting for all pods to be deleted
    ubuntu-client-6c977c85d8-sv58k   1/1     Running   0          58m
    [run.sh] Waiting for client to be ready
    [run.sh] Client is ready
    [run.sh] Deploying all services
    service/cart created
    deployment.apps/cart created
    service/checkout created
    deployment.apps/checkout created
    service/currency created
    deployment.apps/currency created
    service/email created
    deployment.apps/email created
    service/frontend created
    deployment.apps/frontend created
    service/payment created
    deployment.apps/payment created
    service/productcatalog created
    deployment.apps/productcatalog created
    service/recommendations created
    deployment.apps/recommendations created
    service/shipping created
    deployment.apps/shipping created
    [run.sh] Waiting for all pods to be running
    [run.sh] Waiting for all pods to be ready
    cart-57dd4995c5-65gvb checkout-5bf9848688-h7lfk currency-b8fb98746-4d4xc email-67b8db8cc4-92b8f frontend-56459f699b-jt98n payment-57b9c5bb94-hbcfq productcatalog-7dc956dc85-pcw66 recommendations-5d8dfff8b-8gmxx shipping-84c775c444-slwqv
    [run.sh] All pods are ready
    [run.sh] Checking heartbeat for all services
    [run.sh] All services are ready
    [run.sh] Running warmup test
    Running 3s test @ http://frontend:80
    16 threads and 256 connections
    Thread Stats   Avg      Stdev     Max   +/- Stdev
    Latency   234.91ms   98.45ms 593.94ms   71.45%
    Req/Sec    65.72     21.08   141.00     68.11%
    Latency Distribution
    50%  202.53ms
    75%  296.02ms
    90%  395.00ms
    99%  499.04ms
    3218 requests in 3.10s, 11.66MB read
    Requests/sec:   1038.45
    Transfer/sec:      3.76MB
    [run.sh] /wrk/wrk -t16 -c256 -d60s -L -s /wrk/scripts/online-boutique/home.lua http://frontend:80
    [run.sh] Checking the resource usage
    NAME                              CPU(cores)   MEMORY(bytes)
    cart-57dd4995c5-65gvb             1001m        16Mi
    checkout-5bf9848688-h7lfk         0m           3Mi
    currency-b8fb98746-4d4xc          93m          10Mi
    email-67b8db8cc4-92b8f            0m           3Mi
    frontend-56459f699b-jt98n         479m         33Mi
    payment-57b9c5bb94-hbcfq          0m           3Mi
    productcatalog-7dc956dc85-pcw66   136m         9Mi
    recommendations-5d8dfff8b-8gmxx   0m           3Mi
    shipping-84c775c444-slwqv         0m           3Mi
    ubuntu-client-6c977c85d8-sv58k    57m          1224Mi
    Running 1m test @ http://frontend:80
    16 threads and 256 connections
    Thread Stats   Avg      Stdev     Max   +/- Stdev
    Latency   249.21ms   98.54ms 896.03ms   72.24%
    Req/Sec    64.37     20.87   550.00     69.33%
    Latency Distribution
    50%  203.57ms
    75%  298.82ms
    90%  396.23ms
    99%  502.53ms
    61770 requests in 1.00m, 223.73MB read
    Requests/sec:   1027.83
    Transfer/sec:      3.72MB
[test.py] Running home request with the following configuration: {'cart': 1000, 'checkout': 1000, 'currency': 1000, 'email': 1000, 'frontend': 1000, 'payment': 1000, 'product_catalog': 1000, 'recommendations': 1000, 'shipping': 1000}
[test.py] Executing bash run.sh home:
    [run.sh] Running home with 16 threads, 256 connections, and 60 seconds
    [run.sh] Deleting all services
    service "cart" deleted
    deployment.apps "cart" deleted
    service "checkout" deleted
    deployment.apps "checkout" deleted
    service "currency" deleted
    deployment.apps "currency" deleted
    service "email" deleted
    deployment.apps "email" deleted
    service "frontend" deleted
    deployment.apps "frontend" deleted
    service "payment" deleted
    deployment.apps "payment" deleted
    service "productcatalog" deleted
    deployment.apps "productcatalog" deleted
    service "recommendations" deleted
    deployment.apps "recommendations" deleted
    service "shipping" deleted
    deployment.apps "shipping" deleted
    [run.sh] Waiting for all pods to be deleted
    ubuntu-client-6c977c85d8-sv58k   1/1     Running   0          59m
    [run.sh] Waiting for client to be ready
    [run.sh] Client is ready
    [run.sh] Deploying all services
    service/cart created
    deployment.apps/cart created
    service/checkout created
    deployment.apps/checkout created
    service/currency created
    deployment.apps/currency created
    service/email created
    deployment.apps/email created
    service/frontend created
    deployment.apps/frontend created
    service/payment created
    deployment.apps/payment created
    service/productcatalog created
    deployment.apps/productcatalog created
    service/recommendations created
    deployment.apps/recommendations created
    service/shipping created
    deployment.apps/shipping created
    [run.sh] Waiting for all pods to be running
    [run.sh] Waiting for all pods to be ready
    cart-776c6f6f79-8k6jr checkout-744bff58d5-q8wq4 currency-77cf85dd45-5kpjm email-5469cfc7d5-kcdw2 frontend-5596756fb5-rg2km payment-85bbf9fb97-hxcpz productcatalog-745b7cb86d-xxl2d recommendations-59b954559-zv26q shipping-8665fcc4f9-lgnr2
    [run.sh] All pods are ready
    [run.sh] Checking heartbeat for all services
    [run.sh] All services are ready
    [run.sh] Running warmup test
    Running 3s test @ http://frontend:80
    16 threads and 256 connections
    Thread Stats   Avg      Stdev     Max   +/- Stdev
    Latency   347.55ms  144.24ms   1.30s    64.72%
    Req/Sec    46.12     21.77   120.00     63.92%
    Latency Distribution
    50%  309.69ms
    75%  409.06ms
    90%  513.96ms
    99%  792.00ms
    2116 requests in 3.10s, 7.66MB read
    Requests/sec:    682.45
    Transfer/sec:      2.47MB
    [run.sh] /wrk/wrk -t16 -c256 -d60s -L -s /wrk/scripts/online-boutique/home.lua http://frontend:80
    [run.sh] Checking the resource usage
    NAME                              CPU(cores)   MEMORY(bytes)
    cart-776c6f6f79-8k6jr             261m         14Mi
    checkout-744bff58d5-q8wq4         0m           3Mi
    currency-77cf85dd45-5kpjm         262m         12Mi
    email-5469cfc7d5-kcdw2            0m           3Mi
    frontend-5596756fb5-rg2km         337m         40Mi
    payment-85bbf9fb97-hxcpz          0m           3Mi
    productcatalog-745b7cb86d-xxl2d   268m         13Mi
    recommendations-59b954559-zv26q   0m           3Mi
    shipping-8665fcc4f9-lgnr2         0m           3Mi
    ubuntu-client-6c977c85d8-sv58k    18m          1223Mi
    Running 1m test @ http://frontend:80
    16 threads and 256 connections
    Thread Stats   Avg      Stdev     Max   +/- Stdev
    Latency   356.55ms  156.90ms   1.41s    74.21%
    Req/Sec    45.46     20.99   313.00     66.67%
    Latency Distribution
    50%  311.05ms
    75%  416.11ms
    90%  586.89ms
    99%  805.90ms
    43298 requests in 1.00m, 156.83MB read
    Requests/sec:    720.96
    Transfer/sec:      2.61MB
[test.py] Running home request with the following configuration: {'cart': 1000, 'checkout': 900, 'currency': 900, 'email': 900, 'frontend': 900, 'payment': 900, 'product_catalog': 900, 'recommendations': 900, 'shipping': 900}
[test.py] Executing bash run.sh home:
    [run.sh] Running home with 16 threads, 256 connections, and 60 seconds
    [run.sh] Deleting all services
    service "cart" deleted
    deployment.apps "cart" deleted
    service "checkout" deleted
    deployment.apps "checkout" deleted
    service "currency" deleted
    deployment.apps "currency" deleted
    service "email" deleted
    deployment.apps "email" deleted
    service "frontend" deleted
    deployment.apps "frontend" deleted
    service "payment" deleted
    deployment.apps "payment" deleted
    service "productcatalog" deleted
    deployment.apps "productcatalog" deleted
    service "recommendations" deleted
    deployment.apps "recommendations" deleted
    service "shipping" deleted
    deployment.apps "shipping" deleted
    [run.sh] Waiting for all pods to be deleted
    ubuntu-client-6c977c85d8-sv58k   1/1     Running   0          61m
    [run.sh] Waiting for client to be ready
    [run.sh] Client is ready
    [run.sh] Deploying all services
    service/cart created
    deployment.apps/cart created
    service/checkout created
    deployment.apps/checkout created
    service/currency created
    deployment.apps/currency created
    service/email created
    deployment.apps/email created
    service/frontend created
    deployment.apps/frontend created
    service/payment created
    deployment.apps/payment created
    service/productcatalog created
    deployment.apps/productcatalog created
    service/recommendations created
    deployment.apps/recommendations created
    service/shipping created
    deployment.apps/shipping created
    [run.sh] Waiting for all pods to be running
    [run.sh] Waiting for all pods to be ready
    cart-776c6f6f79-f6bbs checkout-7b86dc77f5-dnfnm currency-7c9d5c5fdf-ss27m email-6f44dc7b65-7dzvq frontend-b4c68755-v8p5w payment-8c86ffc57-wsqvp productcatalog-55b47b6df4-c49js recommendations-56f5778bd9-lwxjl shipping-7f48748499-hsvj7
    [run.sh] All pods are ready
    [run.sh] Checking heartbeat for all services
    [run.sh] cart is not reachable
    [run.sh] cart is not reachable
    [run.sh] cart is not reachable
    [run.sh] cart is not reachable
    [run.sh] All services are ready
    [run.sh] Running warmup test
    Running 3s test @ http://frontend:80
    16 threads and 256 connections
    Thread Stats   Avg      Stdev     Max   +/- Stdev
    Latency   327.73ms  133.14ms 991.76ms   72.48%
    Req/Sec    49.15     23.06   141.00     72.97%
    Latency Distribution
    50%  302.83ms
    75%  400.15ms
    90%  499.58ms
    99%  705.12ms
    2275 requests in 3.10s, 8.24MB read
    Requests/sec:    734.02
    Transfer/sec:      2.66MB
    [run.sh] /wrk/wrk -t16 -c256 -d60s -L -s /wrk/scripts/online-boutique/home.lua http://frontend:80
    [run.sh] Checking the resource usage
    NAME                               CPU(cores)   MEMORY(bytes)
    cart-776c6f6f79-f6bbs              857m         15Mi
    checkout-7b86dc77f5-dnfnm          0m           3Mi
    currency-7c9d5c5fdf-ss27m          774m         15Mi
    email-6f44dc7b65-7dzvq             0m           3Mi
    frontend-b4c68755-v8p5w            1004m        39Mi
    payment-8c86ffc57-wsqvp            0m           3Mi
    productcatalog-55b47b6df4-c49js    798m         15Mi
    recommendations-56f5778bd9-lwxjl   0m           3Mi
    shipping-7f48748499-hsvj7          0m           3Mi
    ubuntu-client-6c977c85d8-sv58k     44m          1226Mi
    Running 1m test @ http://frontend:80
    16 threads and 256 connections
    Thread Stats   Avg      Stdev     Max   +/- Stdev
    Latency   330.84ms  133.84ms   1.22s    71.67%
    Req/Sec    48.80     22.03   303.00     73.56%
    Latency Distribution
    50%  302.77ms
    75%  400.51ms
    90%  501.46ms
    99%  705.68ms
    46543 requests in 1.00m, 168.58MB read
    Requests/sec:    774.42
    Transfer/sec:      2.81MB
[test.py] Running home request with the following configuration: {'cart': 1000, 'checkout': 800, 'currency': 800, 'email': 800, 'frontend': 800, 'payment': 800, 'product_catalog': 800, 'recommendations': 800, 'shipping': 800}
[test.py] Executing bash run.sh home:
    [run.sh] Running home with 16 threads, 256 connections, and 60 seconds
    [run.sh] Deleting all services
    service "cart" deleted
    deployment.apps "cart" deleted
    service "checkout" deleted
    deployment.apps "checkout" deleted
    service "currency" deleted
    deployment.apps "currency" deleted
    service "email" deleted
    deployment.apps "email" deleted
    service "frontend" deleted
    deployment.apps "frontend" deleted
    service "payment" deleted
    deployment.apps "payment" deleted
    service "productcatalog" deleted
    deployment.apps "productcatalog" deleted
    service "recommendations" deleted
    deployment.apps "recommendations" deleted
    service "shipping" deleted
    deployment.apps "shipping" deleted
    [run.sh] Waiting for all pods to be deleted
    ubuntu-client-6c977c85d8-sv58k   1/1     Running   0          62m
    [run.sh] Waiting for client to be ready
    [run.sh] Client is ready
    [run.sh] Deploying all services
    service/cart created
    deployment.apps/cart created
    service/checkout created
    deployment.apps/checkout created
    service/currency created
    deployment.apps/currency created
    service/email created
    deployment.apps/email created
    service/frontend created
    deployment.apps/frontend created
    service/payment created
    deployment.apps/payment created
    service/productcatalog created
    deployment.apps/productcatalog created
    service/recommendations created
    deployment.apps/recommendations created
    service/shipping created
    deployment.apps/shipping created
    [run.sh] Waiting for all pods to be running
    [run.sh] Waiting for all pods to be ready
    cart-776c6f6f79-rf9qx checkout-7f655f4856-t4dwd currency-7d9b955674-tl648 email-d47bbd4fd-59krf frontend-7fc98b9c5b-4ph6r payment-69ff794998-jzngm productcatalog-fc9c9b857-6zscx recommendations-78f9b574f4-knx79 shipping-dbc8df556-q7njr
    [run.sh] All pods are ready
    [run.sh] Checking heartbeat for all services
    [run.sh] cart is not reachable
    [run.sh] cart is not reachable
    [run.sh] cart is not reachable
    [run.sh] cart is not reachable
    [run.sh] cart is not reachable
    [run.sh] cart is not reachable
    [run.sh] cart is not reachable
    [run.sh] cart is not reachable
    [run.sh] All services are ready
    [run.sh] Running warmup test
    Running 3s test @ http://frontend:80
    16 threads and 256 connections
    Thread Stats   Avg      Stdev     Max   +/- Stdev
    Latency   296.48ms  120.39ms 936.73ms   78.79%
    Req/Sec    53.47     22.94   121.00     59.78%
    Latency Distribution
    50%  294.68ms
    75%  379.43ms
    90%  438.40ms
    99%  659.65ms
    2492 requests in 3.10s, 9.03MB read
    Requests/sec:    803.86
    Transfer/sec:      2.91MB
    [run.sh] /wrk/wrk -t16 -c256 -d60s -L -s /wrk/scripts/online-boutique/home.lua http://frontend:80
    [run.sh] Checking the resource usage
    NAME                               CPU(cores)   MEMORY(bytes)
    cart-776c6f6f79-rf9qx              937m         16Mi
    checkout-7f655f4856-t4dwd          0m           3Mi
    currency-7d9b955674-tl648          763m         15Mi
    email-d47bbd4fd-59krf              0m           3Mi
    frontend-7fc98b9c5b-4ph6r          1004m        42Mi
    payment-69ff794998-jzngm           0m           3Mi
    productcatalog-fc9c9b857-6zscx     797m         15Mi
    recommendations-78f9b574f4-knx79   0m           3Mi
    shipping-dbc8df556-q7njr           0m           3Mi
    ubuntu-client-6c977c85d8-sv58k     47m          1227Mi
    Running 1m test @ http://frontend:80
    16 threads and 256 connections
    Thread Stats   Avg      Stdev     Max   +/- Stdev
    Latency   302.64ms  127.48ms   1.21s    77.95%
    Req/Sec    53.37     22.74   373.00     61.11%
    Latency Distribution
    50%  297.11ms
    75%  392.36ms
    90%  490.88ms
    99%  697.83ms
    51004 requests in 1.00m, 184.74MB read
    Requests/sec:    849.13
    Transfer/sec:      3.08MB
[test.py] Running home request with the following configuration: {'cart': 1000, 'checkout': 700, 'currency': 700, 'email': 700, 'frontend': 700, 'payment': 700, 'product_catalog': 700, 'recommendations': 700, 'shipping': 700}
[test.py] Executing bash run.sh home:
    [run.sh] Running home with 16 threads, 256 connections, and 60 seconds
    [run.sh] Deleting all services
    service "cart" deleted
    deployment.apps "cart" deleted
    service "checkout" deleted
    deployment.apps "checkout" deleted
    service "currency" deleted
    deployment.apps "currency" deleted
    service "email" deleted
    deployment.apps "email" deleted
    service "frontend" deleted
    deployment.apps "frontend" deleted
    service "payment" deleted
    deployment.apps "payment" deleted
    service "productcatalog" deleted
    deployment.apps "productcatalog" deleted
    service "recommendations" deleted
    deployment.apps "recommendations" deleted
    service "shipping" deleted
    deployment.apps "shipping" deleted
    [run.sh] Waiting for all pods to be deleted
    ubuntu-client-6c977c85d8-sv58k   1/1     Running   0          64m
    [run.sh] Waiting for client to be ready
    [run.sh] Client is ready
    [run.sh] Deploying all services
    service/cart created
    deployment.apps/cart created
    service/checkout created
    deployment.apps/checkout created
    service/currency created
    deployment.apps/currency created
    service/email created
    deployment.apps/email created
    service/frontend created
    deployment.apps/frontend created
    service/payment created
    deployment.apps/payment created
    service/productcatalog created
    deployment.apps/productcatalog created
    service/recommendations created
    deployment.apps/recommendations created
    service/shipping created
    deployment.apps/shipping created
    [run.sh] Waiting for all pods to be running
    [run.sh] Waiting for all pods to be ready
    cart-776c6f6f79-8h6sx checkout-7d4467d9df-rzpwm currency-678888565f-brpw4 email-866f7d495-tn9v2 frontend-5b67f64f8f-wppvj payment-66c8cc4675-29rqh productcatalog-c5878c9b4-l6rzb recommendations-ff96d94c5-lbxjh shipping-6547d7797c-gdt7n
    [run.sh] All pods are ready
    [run.sh] Checking heartbeat for all services
    [run.sh] cart is not reachable
    [run.sh] cart is not reachable
    [run.sh] cart is not reachable
    [run.sh] cart is not reachable
    [run.sh] currency is not reachable
    [run.sh] cart is not reachable
    [run.sh] currency is not reachable
    [run.sh] cart is not reachable
    [run.sh] All services are ready
    [run.sh] Running warmup test
    Running 3s test @ http://frontend:80
    16 threads and 256 connections
    Thread Stats   Avg      Stdev     Max   +/- Stdev
    Latency   285.53ms  116.39ms 799.76ms   79.82%
    Req/Sec    55.97     24.38   121.00     67.03%
    Latency Distribution
    50%  292.87ms
    75%  375.81ms
    90%  406.59ms
    99%  630.14ms
    2618 requests in 3.10s, 9.49MB read
    Requests/sec:    844.74
    Transfer/sec:      3.06MB
    [run.sh] /wrk/wrk -t16 -c256 -d60s -L -s /wrk/scripts/online-boutique/home.lua http://frontend:80
    [run.sh] Checking the resource usage
    NAME                              CPU(cores)   MEMORY(bytes)
    cart-776c6f6f79-8h6sx             310m         13Mi
    checkout-7d4467d9df-rzpwm         1m           3Mi
    currency-678888565f-brpw4         233m         12Mi
    email-866f7d495-tn9v2             1m           3Mi
    frontend-5b67f64f8f-wppvj         330m         38Mi
    payment-66c8cc4675-29rqh          1m           3Mi
    productcatalog-c5878c9b4-l6rzb    236m         13Mi
    recommendations-ff96d94c5-lbxjh   1m           3Mi
    shipping-6547d7797c-gdt7n         1m           3Mi
    ubuntu-client-6c977c85d8-sv58k    19m          1214Mi
    Running 1m test @ http://frontend:80
    16 threads and 256 connections
    Thread Stats   Avg      Stdev     Max   +/- Stdev
    Latency   279.50ms   97.60ms 979.61ms   73.31%
    Req/Sec    57.48     22.66   151.00     71.52%
    Latency Distribution
    50%  292.71ms
    75%  308.77ms
    90%  400.30ms
    99%  586.78ms
    55006 requests in 1.00m, 199.23MB read
    Requests/sec:    916.01
    Transfer/sec:      3.32MB
[test.py] Running home request with the following configuration: {'cart': 1000, 'checkout': 600, 'currency': 600, 'email': 600, 'frontend': 600, 'payment': 600, 'product_catalog': 600, 'recommendations': 600, 'shipping': 600}
[test.py] Executing bash run.sh home:
    [run.sh] Running home with 16 threads, 256 connections, and 60 seconds
    [run.sh] Deleting all services
    service "cart" deleted
    deployment.apps "cart" deleted
    service "checkout" deleted
    deployment.apps "checkout" deleted
    service "currency" deleted
    deployment.apps "currency" deleted
    service "email" deleted
    deployment.apps "email" deleted
    service "frontend" deleted
    deployment.apps "frontend" deleted
    service "payment" deleted
    deployment.apps "payment" deleted
    service "productcatalog" deleted
    deployment.apps "productcatalog" deleted
    service "recommendations" deleted
    deployment.apps "recommendations" deleted
    service "shipping" deleted
    deployment.apps "shipping" deleted
    [run.sh] Waiting for all pods to be deleted
    ubuntu-client-6c977c85d8-sv58k   1/1     Running   0          66m
    [run.sh] Waiting for client to be ready
    [run.sh] Client is ready
    [run.sh] Deploying all services
    service/cart created
    deployment.apps/cart created
    service/checkout created
    deployment.apps/checkout created
    service/currency created
    deployment.apps/currency created
    service/email created
    deployment.apps/email created
    service/frontend created
    deployment.apps/frontend created
    service/payment created
    deployment.apps/payment created
    service/productcatalog created
    deployment.apps/productcatalog created
    service/recommendations created
    deployment.apps/recommendations created
    service/shipping created
    deployment.apps/shipping created
    [run.sh] Waiting for all pods to be running
    [run.sh] Waiting for all pods to be ready
    cart-776c6f6f79-tx597 checkout-699775f86b-c6gpf currency-7b54d795dd-r2zmx email-b959855bd-hc26t frontend-7c964d6678-nfjq7 payment-7976f669d8-dn947 productcatalog-c7db8c895-lkcl8 recommendations-5c47d94d-87w9z shipping-866ddd87cd-n86mm
    [run.sh] All pods are ready
    [run.sh] Checking heartbeat for all services
    [run.sh] cart is not reachable
    [run.sh] currency is not reachable
    [run.sh] cart is not reachable
    [run.sh] All services are ready
    [run.sh] Running warmup test
    Running 3s test @ http://frontend:80
    16 threads and 256 connections
    Thread Stats   Avg      Stdev     Max   +/- Stdev
    Latency     0.00us    0.00us   0.00us    -nan%
    Req/Sec     0.00      0.00     0.00      -nan%
    Latency Distribution
    50%    0.00us
    75%    0.00us
    90%    0.00us
    99%    0.00us
    0 requests in 3.10s, 0.00B read
    Requests/sec:      0.00
    Transfer/sec:       0.00B
    [run.sh] /wrk/wrk -t16 -c256 -d60s -L -s /wrk/scripts/online-boutique/home.lua http://frontend:80
    [run.sh] Checking the resource usage
    NAME                             CPU(cores)   MEMORY(bytes)
    cart-776c6f6f79-tx597            0m           3Mi
    checkout-699775f86b-c6gpf        0m           3Mi
    currency-7b54d795dd-r2zmx        0m           10Mi
    email-b959855bd-hc26t            0m           3Mi
    frontend-7c964d6678-nfjq7        0m           28Mi
    payment-7976f669d8-dn947         0m           3Mi
    productcatalog-c7db8c895-lkcl8   0m           3Mi
    recommendations-5c47d94d-87w9z   0m           3Mi
    shipping-866ddd87cd-n86mm        0m           3Mi
    ubuntu-client-6c977c85d8-sv58k   2m           1219Mi
    Running 1m test @ http://frontend:80
    16 threads and 256 connections
    Thread Stats   Avg      Stdev     Max   +/- Stdev
    Latency     0.00us    0.00us   0.00us    -nan%
    Req/Sec     0.00      0.00     0.00      -nan%
    Latency Distribution
    50%    0.00us
    75%    0.00us
    90%    0.00us
    99%    0.00us
    0 requests in 1.00m, 0.00B read
    Socket errors: connect 0, read 215, write 0, timeout 0
    Requests/sec:      0.00
    Transfer/sec:       0.00B
[test.py] Error: Division by zero
[test.py] Running home request with the following configuration: {'cart': 1000, 'checkout': 500, 'currency': 500, 'email': 500, 'frontend': 500, 'payment': 500, 'product_catalog': 500, 'recommendations': 500, 'shipping': 500}
[test.py] Executing bash run.sh home:
    [run.sh] Running home with 16 threads, 256 connections, and 60 seconds
    [run.sh] Deleting all services
    service "cart" deleted
    deployment.apps "cart" deleted
    service "checkout" deleted
    deployment.apps "checkout" deleted
    service "currency" deleted
    deployment.apps "currency" deleted
    service "email" deleted
    deployment.apps "email" deleted
    service "frontend" deleted
    deployment.apps "frontend" deleted
    service "payment" deleted
    deployment.apps "payment" deleted
    service "productcatalog" deleted
    deployment.apps "productcatalog" deleted
    service "recommendations" deleted
    deployment.apps "recommendations" deleted
    service "shipping" deleted
    deployment.apps "shipping" deleted
    [run.sh] Waiting for all pods to be deleted
    ubuntu-client-6c977c85d8-sv58k   1/1     Running   0          67m
    [run.sh] Waiting for client to be ready
    [run.sh] Client is ready
    [run.sh] Deploying all services
    service/cart created
    deployment.apps/cart created
    service/checkout created
    deployment.apps/checkout created
    service/currency created
    deployment.apps/currency created
    service/email created
    deployment.apps/email created
    service/frontend created
    deployment.apps/frontend created
    service/payment created
    deployment.apps/payment created
    service/productcatalog created
    deployment.apps/productcatalog created
    service/recommendations created
    deployment.apps/recommendations created
    service/shipping created
    deployment.apps/shipping created
    [run.sh] Waiting for all pods to be running
    [run.sh] Waiting for all pods to be ready
    cart-776c6f6f79-s4b8c checkout-566d79fd79-9vjx7 currency-548df977f7-c66jf email-7fd4fd97cc-gftsn frontend-678d4dd9b7-kzdxc payment-6fcd4674cc-prm4c productcatalog-66fd5765bb-njhq7 recommendations-76fb55b6df-qw6d8 shipping-7954c8bd79-ncfjh
    [run.sh] All pods are ready
    [run.sh] Checking heartbeat for all services
    [run.sh] All services are ready
    [run.sh] Running warmup test
    Running 3s test @ http://frontend:80
    16 threads and 256 connections
    Thread Stats   Avg      Stdev     Max   +/- Stdev
    Latency   269.85ms   96.23ms 984.48ms   79.81%
    Req/Sec    58.16     22.34   130.00     75.93%
    Latency Distribution
    50%  256.86ms
    75%  300.96ms
    90%  397.14ms
    99%  602.81ms
    2748 requests in 3.10s, 9.95MB read
    Requests/sec:    886.39
    Transfer/sec:      3.21MB
    [run.sh] /wrk/wrk -t16 -c256 -d60s -L -s /wrk/scripts/online-boutique/home.lua http://frontend:80
    [run.sh] Checking the resource usage
    NAME                               CPU(cores)   MEMORY(bytes)
    cart-776c6f6f79-s4b8c              1m           14Mi
    checkout-566d79fd79-9vjx7          0m           3Mi
    currency-548df977f7-c66jf          182m         10Mi
    email-7fd4fd97cc-gftsn             1m           3Mi
    frontend-678d4dd9b7-kzdxc          283m         34Mi
    payment-6fcd4674cc-prm4c           0m           3Mi
    recommendations-76fb55b6df-qw6d8   0m           3Mi
    shipping-7954c8bd79-ncfjh          0m           3Mi
    ubuntu-client-6c977c85d8-sv58k     9m           1214Mi
    Running 1m test @ http://frontend:80
    16 threads and 256 connections
    Thread Stats   Avg      Stdev     Max   +/- Stdev
    Latency   277.11ms   77.28ms 898.28ms   80.84%
    Req/Sec    57.87     19.66   320.00     69.99%
    Latency Distribution
    50%  253.43ms
    75%  302.21ms
    90%  355.58ms
    99%  545.15ms
    55472 requests in 1.00m, 200.92MB read
    Requests/sec:    923.09
    Transfer/sec:      3.34MB
[test.py] Running home request with the following configuration: {'cart': 1000, 'checkout': 400, 'currency': 400, 'email': 400, 'frontend': 400, 'payment': 400, 'product_catalog': 400, 'recommendations': 400, 'shipping': 400}
[test.py] Executing bash run.sh home:
    [run.sh] Running home with 16 threads, 256 connections, and 60 seconds
    [run.sh] Deleting all services
    service "cart" deleted
    deployment.apps "cart" deleted
    service "checkout" deleted
    deployment.apps "checkout" deleted
    service "currency" deleted
    deployment.apps "currency" deleted
    service "email" deleted
    deployment.apps "email" deleted
    service "frontend" deleted
    deployment.apps "frontend" deleted
    service "payment" deleted
    deployment.apps "payment" deleted
    service "productcatalog" deleted
    deployment.apps "productcatalog" deleted
    service "recommendations" deleted
    deployment.apps "recommendations" deleted
    service "shipping" deleted
    deployment.apps "shipping" deleted
    [run.sh] Waiting for all pods to be deleted
    ubuntu-client-6c977c85d8-sv58k   1/1     Running   0          69m
    [run.sh] Waiting for client to be ready
    [run.sh] Client is ready
    [run.sh] Deploying all services
    service/cart created
    deployment.apps/cart created
    service/checkout created
    deployment.apps/checkout created
    service/currency created
    deployment.apps/currency created
    service/email created
    deployment.apps/email created
    service/frontend created
    deployment.apps/frontend created
    service/payment created
    deployment.apps/payment created
    service/productcatalog created
    deployment.apps/productcatalog created
    service/recommendations created
    deployment.apps/recommendations created
    service/shipping created
    deployment.apps/shipping created
    [run.sh] Waiting for all pods to be running
    [run.sh] Waiting for all pods to be ready
    cart-776c6f6f79-mfm7d checkout-5b79f9d644-g2pgx currency-6d656668c8-plvk5 email-bccc85866-9d4zg frontend-98c7b45cb-8j288 payment-8ff76bbc4-7chjk productcatalog-68989449bf-k94hg recommendations-d4f5c7d74-b59nq shipping-5b958fc46d-ql9xx
    [run.sh] All pods are ready
    [run.sh] Checking heartbeat for all services
    [run.sh] All services are ready
    [run.sh] Running warmup test
    Running 3s test @ http://frontend:80
    16 threads and 256 connections
    Thread Stats   Avg      Stdev     Max   +/- Stdev
    Latency   273.33ms  105.42ms 899.64ms   75.40%
    Req/Sec    57.11     19.77   120.00     67.30%
    Latency Distribution
    50%  215.66ms
    75%  302.20ms
    90%  400.79ms
    99%  598.88ms
    2755 requests in 3.10s, 9.98MB read
    Requests/sec:    888.58
    Transfer/sec:      3.22MB
    [run.sh] /wrk/wrk -t16 -c256 -d60s -L -s /wrk/scripts/online-boutique/home.lua http://frontend:80
    [run.sh] Checking the resource usage
    NAME                              CPU(cores)   MEMORY(bytes)
    cart-776c6f6f79-mfm7d             997m         19Mi
    checkout-5b79f9d644-g2pgx         0m           3Mi
    currency-6d656668c8-plvk5         468m         12Mi
    email-bccc85866-9d4zg             0m           3Mi
    frontend-98c7b45cb-8j288          748m         36Mi
    payment-8ff76bbc4-7chjk           0m           3Mi
    productcatalog-68989449bf-k94hg   501m         12Mi
    recommendations-d4f5c7d74-b59nq   0m           3Mi
    shipping-5b958fc46d-ql9xx         0m           3Mi
    ubuntu-client-6c977c85d8-sv58k    53m          1224Mi
    Running 1m test @ http://frontend:80
    16 threads and 256 connections
    Thread Stats   Avg      Stdev     Max   +/- Stdev
    Latency   276.42ms  103.02ms   1.20s    75.65%
    Req/Sec    58.18     19.00   310.00     72.10%
    Latency Distribution
    50%  290.95ms
    75%  303.34ms
    90%  400.94ms
    99%  598.99ms
    55781 requests in 1.00m, 202.04MB read
    Requests/sec:    928.61
    Transfer/sec:      3.36MB
[test.py] Running home request with the following configuration: {'cart': 1000, 'checkout': 300, 'currency': 300, 'email': 300, 'frontend': 300, 'payment': 300, 'product_catalog': 300, 'recommendations': 300, 'shipping': 300}
[test.py] Executing bash run.sh home:
    [run.sh] Running home with 16 threads, 256 connections, and 60 seconds
    [run.sh] Deleting all services
    service "cart" deleted
    deployment.apps "cart" deleted
    service "checkout" deleted
    deployment.apps "checkout" deleted
    service "currency" deleted
    deployment.apps "currency" deleted
    service "email" deleted
    deployment.apps "email" deleted
    service "frontend" deleted
    deployment.apps "frontend" deleted
    service "payment" deleted
    deployment.apps "payment" deleted
    service "productcatalog" deleted
    deployment.apps "productcatalog" deleted
    service "recommendations" deleted
    deployment.apps "recommendations" deleted
    service "shipping" deleted
    deployment.apps "shipping" deleted
    [run.sh] Waiting for all pods to be deleted
    ubuntu-client-6c977c85d8-sv58k   1/1     Running   0          70m
    [run.sh] Waiting for client to be ready
    [run.sh] Client is ready
    [run.sh] Deploying all services
    service/cart created
    deployment.apps/cart created
    service/checkout created
    deployment.apps/checkout created
    service/currency created
    deployment.apps/currency created
    service/email created
    deployment.apps/email created
    service/frontend created
    deployment.apps/frontend created
    service/payment created
    deployment.apps/payment created
    service/productcatalog created
    deployment.apps/productcatalog created
    service/recommendations created
    deployment.apps/recommendations created
    service/shipping created
    deployment.apps/shipping created
    [run.sh] Waiting for all pods to be running
    [run.sh] Waiting for all pods to be ready
    cart-776c6f6f79-z4hbm checkout-d848d868f-rtzgh currency-5d9856995f-jwv8z email-797879cfbc-svfsv frontend-57dd75bf57-hr8gv payment-74974ff58c-8k2wl productcatalog-d9d89d4bd-tcwz5 recommendations-87b7896d7-ldzmc shipping-dc4bdbf9c-lnczd
    [run.sh] All pods are ready
    [run.sh] Checking heartbeat for all services
    [run.sh] All services are ready
    [run.sh] Running warmup test
    Running 3s test @ http://frontend:80
    16 threads and 256 connections
    Thread Stats   Avg      Stdev     Max   +/- Stdev
    Latency   263.97ms   85.59ms 603.11ms   77.90%
    Req/Sec    57.85     20.84   131.00     67.86%
    Latency Distribution
    50%  260.35ms
    75%  300.08ms
    90%  397.82ms
    99%  501.58ms
    2828 requests in 3.10s, 10.24MB read
    Requests/sec:    912.16
    Transfer/sec:      3.30MB
    [run.sh] /wrk/wrk -t16 -c256 -d60s -L -s /wrk/scripts/online-boutique/home.lua http://frontend:80
    [run.sh] Checking the resource usage
    NAME                              CPU(cores)   MEMORY(bytes)
    cart-776c6f6f79-z4hbm             330m         14Mi
    checkout-d848d868f-rtzgh          0m           3Mi
    currency-5d9856995f-jwv8z         126m         10Mi
    email-797879cfbc-svfsv            0m           3Mi
    frontend-57dd75bf57-hr8gv         249m         30Mi
    payment-74974ff58c-8k2wl          0m           3Mi
    productcatalog-d9d89d4bd-tcwz5    138m         10Mi
    recommendations-87b7896d7-ldzmc   0m           3Mi
    shipping-dc4bdbf9c-lnczd          0m           3Mi
    ubuntu-client-6c977c85d8-sv58k    20m          1220Mi
    Running 1m test @ http://frontend:80
    16 threads and 256 connections
    Thread Stats   Avg      Stdev     Max   +/- Stdev
    Latency   275.35ms   98.16ms   1.00s    76.27%
    Req/Sec    58.27     19.89   435.00     70.89%
    Latency Distribution
    50%  291.54ms
    75%  303.11ms
    90%  400.28ms
    99%  595.46ms
    55867 requests in 1.00m, 202.35MB read
    Requests/sec:    929.66
    Transfer/sec:      3.37MB
[test.py] Running home request with the following configuration: {'cart': 1000, 'checkout': 200, 'currency': 200, 'email': 200, 'frontend': 200, 'payment': 200, 'product_catalog': 200, 'recommendations': 200, 'shipping': 200}
[test.py] Executing bash run.sh home:
    [run.sh] Running home with 16 threads, 256 connections, and 60 seconds
    [run.sh] Deleting all services
    service "cart" deleted
    deployment.apps "cart" deleted
    service "checkout" deleted
    deployment.apps "checkout" deleted
    service "currency" deleted
    deployment.apps "currency" deleted
    service "email" deleted
    deployment.apps "email" deleted
    service "frontend" deleted
    deployment.apps "frontend" deleted
    service "payment" deleted
    deployment.apps "payment" deleted
    service "productcatalog" deleted
    deployment.apps "productcatalog" deleted
    service "recommendations" deleted
    deployment.apps "recommendations" deleted
    service "shipping" deleted
    deployment.apps "shipping" deleted
    [run.sh] Waiting for all pods to be deleted
    ubuntu-client-6c977c85d8-sv58k   1/1     Running   0          72m
    [run.sh] Waiting for client to be ready
    [run.sh] Client is ready
    [run.sh] Deploying all services
    service/cart created
    deployment.apps/cart created
    service/checkout created
    deployment.apps/checkout created
    service/currency created
    deployment.apps/currency created
    service/email created
    deployment.apps/email created
    service/frontend created
    deployment.apps/frontend created
    service/payment created
    deployment.apps/payment created
    service/productcatalog created
    deployment.apps/productcatalog created
    service/recommendations created
    deployment.apps/recommendations created
    service/shipping created
    deployment.apps/shipping created
    [run.sh] Waiting for all pods to be running
    [run.sh] Waiting for all pods to be ready
    cart-776c6f6f79-9v6ck checkout-fdc485d66-785vq currency-df7986f6d-sz4lz email-5f848f454d-7d7ln frontend-589d784d98-ns5gk payment-5b965bbc5b-z2x6x productcatalog-d756bbc6c-6qnqp recommendations-d4fc76796-ntlz6 shipping-9cf6b546-6bh5g
    [run.sh] All pods are ready
    [run.sh] Checking heartbeat for all services
    [run.sh] All services are ready
    [run.sh] Running warmup test
    Running 3s test @ http://frontend:80
    16 threads and 256 connections
    Thread Stats   Avg      Stdev     Max   +/- Stdev
    Latency   265.82ms   87.59ms 899.74ms   79.91%
    Req/Sec    57.86     19.93   120.00     69.36%
    Latency Distribution
    50%  278.20ms
    75%  300.33ms
    90%  379.44ms
    99%  594.90ms
    2808 requests in 3.10s, 10.17MB read
    Requests/sec:    905.82
    Transfer/sec:      3.28MB
    [run.sh] /wrk/wrk -t16 -c256 -d60s -L -s /wrk/scripts/online-boutique/home.lua http://frontend:80
    [run.sh] Checking the resource usage
    NAME                              CPU(cores)   MEMORY(bytes)
    cart-776c6f6f79-9v6ck             1003m        17Mi
    checkout-fdc485d66-785vq          0m           3Mi
    currency-df7986f6d-sz4lz          286m         11Mi
    email-5f848f454d-7d7ln            0m           3Mi
    frontend-589d784d98-ns5gk         578m         34Mi
    payment-5b965bbc5b-z2x6x          0m           3Mi
    productcatalog-d756bbc6c-6qnqp    326m         11Mi
    recommendations-d4fc76796-ntlz6   0m           3Mi
    shipping-9cf6b546-6bh5g           0m           3Mi
    ubuntu-client-6c977c85d8-sv58k    53m          1224Mi
    Running 1m test @ http://frontend:80
    16 threads and 256 connections
    Thread Stats   Avg      Stdev     Max   +/- Stdev
    Latency   275.12ms   99.07ms 900.07ms   75.98%
    Req/Sec    58.29     20.05   464.00     70.74%
    Latency Distribution
    50%  291.44ms
    75%  303.02ms
    90%  400.48ms
    99%  596.05ms
    55938 requests in 1.00m, 202.61MB read
    Requests/sec:    930.77
    Transfer/sec:      3.37MB
[test.py] Running home request with the following configuration: {'cart': 1000, 'checkout': 100, 'currency': 100, 'email': 100, 'frontend': 100, 'payment': 100, 'product_catalog': 100, 'recommendations': 100, 'shipping': 100}
[test.py] Executing bash run.sh home:
    [run.sh] Running home with 16 threads, 256 connections, and 60 seconds
    [run.sh] Deleting all services
    service "cart" deleted
    deployment.apps "cart" deleted
    service "checkout" deleted
    deployment.apps "checkout" deleted
    service "currency" deleted
    deployment.apps "currency" deleted
    service "email" deleted
    deployment.apps "email" deleted
    service "frontend" deleted
    deployment.apps "frontend" deleted
    service "payment" deleted
    deployment.apps "payment" deleted
    service "productcatalog" deleted
    deployment.apps "productcatalog" deleted
    service "recommendations" deleted
    deployment.apps "recommendations" deleted
    service "shipping" deleted
    deployment.apps "shipping" deleted
    [run.sh] Waiting for all pods to be deleted
    ubuntu-client-6c977c85d8-sv58k   1/1     Running   0          73m
    [run.sh] Waiting for client to be ready
    [run.sh] Client is ready
    [run.sh] Deploying all services
    service/cart created
    deployment.apps/cart created
    service/checkout created
    deployment.apps/checkout created
    service/currency created
    deployment.apps/currency created
    service/email created
    deployment.apps/email created
    service/frontend created
    deployment.apps/frontend created
    service/payment created
    deployment.apps/payment created
    service/productcatalog created
    deployment.apps/productcatalog created
    service/recommendations created
    deployment.apps/recommendations created
    service/shipping created
    deployment.apps/shipping created
    [run.sh] Waiting for all pods to be running
    [run.sh] Waiting for all pods to be ready
    cart-776c6f6f79-nc6fx checkout-7d8df54bb7-5j49g currency-bbb78b457-qjgh8 email-5d565d7c-25rj7 frontend-c5c579ff-jqhgj payment-767d9b98b9-t9nfj productcatalog-74d98c677d-dsn44 recommendations-56f4dbbb5-r6ghr shipping-88854456c-7t9bz
    [run.sh] All pods are ready
    [run.sh] Checking heartbeat for all services
    [run.sh] cart is not reachable
    [run.sh] All services are ready
    [run.sh] Running warmup test
    Running 3s test @ http://frontend:80
    16 threads and 256 connections
    Thread Stats   Avg      Stdev     Max   +/- Stdev
    Latency   264.75ms  105.64ms 916.45ms   71.17%
    Req/Sec    57.01     19.25   110.00     69.58%
    Latency Distribution
    50%  205.73ms
    75%  301.56ms
    90%  401.01ms
    99%  598.71ms
    2714 requests in 3.10s, 9.83MB read
    Socket errors: connect 0, read 200, write 0, timeout 0
    Requests/sec:    875.53
    Transfer/sec:      3.17MB
    [run.sh] /wrk/wrk -t16 -c256 -d60s -L -s /wrk/scripts/online-boutique/home.lua http://frontend:80
    [run.sh] Checking the resource usage
    NAME                              CPU(cores)   MEMORY(bytes)
    cart-776c6f6f79-nc6fx             358m         16Mi
    checkout-7d8df54bb7-5j49g         0m           3Mi
    currency-bbb78b457-qjgh8          72m          10Mi
    email-5d565d7c-25rj7              0m           3Mi
    frontend-c5c579ff-jqhgj           190m         35Mi
    payment-767d9b98b9-t9nfj          0m           3Mi
    productcatalog-74d98c677d-dsn44   81m          10Mi
    recommendations-56f4dbbb5-r6ghr   0m           3Mi
    shipping-88854456c-7t9bz          0m           3Mi
    ubuntu-client-6c977c85d8-sv58k    22m          1223Mi
    Running 1m test @ http://frontend:80
    16 threads and 256 connections
    Thread Stats   Avg      Stdev     Max   +/- Stdev
    Latency   275.38ms   97.07ms   1.00s    77.41%
    Req/Sec    58.23     20.12   520.00     70.47%
    Latency Distribution
    50%  292.63ms
    75%  302.78ms
    90%  399.78ms
    99%  596.53ms
    55865 requests in 1.00m, 202.35MB read
    Requests/sec:    929.56
    Transfer/sec:      3.37MB
[test.py] Groundtruth:  [2698.73, 0.0, 2686.47, 2630.05, 2147.98, 1766.08, 1496.31, 1298.6, 1146.59, 1027.83]
[test.py] Slowdown:  [720.96, 774.42, 849.13, 916.01, 0.0, 923.09, 928.61, 929.66, 930.77, 929.56]
[test.py] Predicted:  [2583.7155963302757, 2555.6560249750837, 2647.7723451492993, 2553.031971080818, -1, 1714.3308168742049, 1477.370353635953, 1289.2212197442248, 1143.668458160389, 1024.8234925758838]
[test.py] Error  [-115.01440366972429, 2555.6560249750837, -38.697654850700474, -77.01802891918214, -2148.98, -51.74918312579507, -18.939646364046894, -9.378780255775155, -2.9215418396108817, -3.00650742411608]
[test.py] Summary: 
[test.py] Result for the experiment 0: 
    Groundtruth: [2698.73, 0.0, 2686.47, 2630.05, 2147.98, 1766.08, 1496.31, 1298.6, 1146.59, 1027.83]
    Slowdown:    [720.96, 774.42, 849.13, 916.01, 0.0, 923.09, 928.61, 929.66, 930.77, 929.56]
    Predicted:   [2583.7155963302757, 2555.6560249750837, 2647.7723451492993, 2553.031971080818, -1, 1714.3308168742049, 1477.370353635953, 1289.2212197442248, 1143.668458160389, 1024.8234925758838]
    Error:       [-115.01440366972429, 2555.6560249750837, -38.697654850700474, -77.01802891918214, -2148.98, -51.74918312579507, -18.939646364046894, -9.378780255775155, -2.9215418396108817, -3.00650742411608]
[test.py] Result for the experiment 1: 
