[test.py] Running experiment 0...
[test.py] Running home request with the following configuration: {'cart': 0, 'checkout': 0, 'currency': 0, 'email': 0, 'frontend': 0, 'payment': 0, 'product_catalog': 0, 'recommendations': 0, 'shipping': 0}
[test.py] Executing bash run.sh home:
    [run.sh] Running home with 16 threads, 256 connections, and 60 seconds
    [run.sh] Deleting all services
    service "cart" deleted
    deployment.apps "cart" deleted
    service "checkout" deleted
    deployment.apps "checkout" deleted
    service "currency" deleted
    deployment.apps "currency" deleted
    service "email" deleted
    deployment.apps "email" deleted
    service "frontend" deleted
    deployment.apps "frontend" deleted
    service "payment" deleted
    deployment.apps "payment" deleted
    service "productcatalog" deleted
    deployment.apps "productcatalog" deleted
    service "recommendations" deleted
    deployment.apps "recommendations" deleted
    service "shipping" deleted
    deployment.apps "shipping" deleted
    [run.sh] Waiting for all pods to be deleted
    ubuntu-client-6c977c85d8-sv58k   1/1     Running   0          82m
    [run.sh] Waiting for client to be ready
    [run.sh] Client is ready
    [run.sh] Deploying all services
    service/cart created
    deployment.apps/cart created
    service/checkout created
    deployment.apps/checkout created
    service/currency created
    deployment.apps/currency created
    service/email created
    deployment.apps/email created
    service/frontend created
    deployment.apps/frontend created
    service/payment created
    deployment.apps/payment created
    service/productcatalog created
    deployment.apps/productcatalog created
    service/recommendations created
    deployment.apps/recommendations created
    service/shipping created
    deployment.apps/shipping created
    [run.sh] Waiting for all pods to be running
    [run.sh] Waiting for all pods to be ready
    cart-945b86796-wq7vb checkout-5bf9848688-hxxzh currency-b8fb98746-hcjmz email-67b8db8cc4-8vl58 frontend-56459f699b-l4hfm payment-57b9c5bb94-6rr2r productcatalog-7dc956dc85-qww67 recommendations-5d8dfff8b-dfcxf shipping-84c775c444-dcpf2
    [run.sh] All pods are ready
    [run.sh] Checking heartbeat for all services
    [run.sh] All services are ready
    [run.sh] Running warmup test
    Running 3s test @ http://frontend:80
    16 threads and 256 connections
    Thread Stats   Avg      Stdev     Max   +/- Stdev
    Latency    95.71ms   49.61ms 396.89ms   69.14%
    Req/Sec   166.19     39.98   272.00     69.96%
    Latency Distribution
    50%   97.93ms
    75%  107.28ms
    90%  158.31ms
    99%  205.74ms
    8088 requests in 3.10s, 29.30MB read
    Requests/sec:   2609.03
    Transfer/sec:      9.45MB
    [run.sh] /wrk/wrk -t16 -c256 -d60s -L -s /wrk/scripts/online-boutique/home.lua http://frontend:80
    [run.sh] Checking the resource usage
    NAME                              CPU(cores)   MEMORY(bytes)
    cart-945b86796-wq7vb              156m         12Mi
    checkout-5bf9848688-hxxzh         0m           3Mi
    currency-b8fb98746-hcjmz          103m         13Mi
    email-67b8db8cc4-8vl58            1m           3Mi
    frontend-56459f699b-l4hfm         596m         39Mi
    payment-57b9c5bb94-6rr2r          0m           3Mi
    productcatalog-7dc956dc85-qww67   203m         13Mi
    recommendations-5d8dfff8b-dfcxf   0m           3Mi
    shipping-84c775c444-dcpf2         0m           3Mi
    ubuntu-client-6c977c85d8-sv58k    99m          1224Mi
    Running 1m test @ http://frontend:80
    16 threads and 256 connections
    Thread Stats   Avg      Stdev     Max   +/- Stdev
    Latency    96.81ms   52.15ms 399.80ms   70.23%
    Req/Sec   167.72     36.83     1.03k    73.53%
    Latency Distribution
    50%   98.67ms
    75%  103.92ms
    90%  189.59ms
    99%  206.57ms
    160477 requests in 1.00m, 581.26MB read
    Requests/sec:   2672.20
    Transfer/sec:      9.68MB
[test.py] Running home request with the following configuration: {'cart': 100, 'checkout': 0, 'currency': 0, 'email': 0, 'frontend': 0, 'payment': 0, 'product_catalog': 0, 'recommendations': 0, 'shipping': 0}
[test.py] Executing bash run.sh home:
    [run.sh] Running home with 16 threads, 256 connections, and 60 seconds
    [run.sh] Deleting all services
    service "cart" deleted
    deployment.apps "cart" deleted
    service "checkout" deleted
    deployment.apps "checkout" deleted
    service "currency" deleted
    deployment.apps "currency" deleted
    service "email" deleted
    deployment.apps "email" deleted
    service "frontend" deleted
    deployment.apps "frontend" deleted
    service "payment" deleted
    deployment.apps "payment" deleted
    service "productcatalog" deleted
    deployment.apps "productcatalog" deleted
    service "recommendations" deleted
    deployment.apps "recommendations" deleted
    service "shipping" deleted
    deployment.apps "shipping" deleted
    [run.sh] Waiting for all pods to be deleted
    ubuntu-client-6c977c85d8-sv58k   1/1     Running   0          83m
    [run.sh] Waiting for client to be ready
    [run.sh] Client is ready
    [run.sh] Deploying all services
    service/cart created
    deployment.apps/cart created
    service/checkout created
    deployment.apps/checkout created
    service/currency created
    deployment.apps/currency created
    service/email created
    deployment.apps/email created
    service/frontend created
    deployment.apps/frontend created
    service/payment created
    deployment.apps/payment created
    service/productcatalog created
    deployment.apps/productcatalog created
    service/recommendations created
    deployment.apps/recommendations created
    service/shipping created
    deployment.apps/shipping created
    [run.sh] Waiting for all pods to be running
    [run.sh] Waiting for all pods to be ready
    cart-5dbb9c7dff-mfkvk checkout-5bf9848688-2kh7r currency-b8fb98746-wlc9l email-67b8db8cc4-9lwzs frontend-56459f699b-kxjbv payment-57b9c5bb94-l6wvw productcatalog-7dc956dc85-f2gn7 recommendations-5d8dfff8b-hlgcz shipping-84c775c444-qgjlh
    [run.sh] All pods are ready
    [run.sh] Checking heartbeat for all services
    [run.sh] cart is not reachable
    [run.sh] cart is not reachable
    [run.sh] cart is not reachable
    [run.sh] cart is not reachable
    [run.sh] currency is not reachable
    [run.sh] cart is not reachable
    [run.sh] currency is not reachable
    [run.sh] cart is not reachable
    [run.sh] All services are ready
    [run.sh] Running warmup test
    Running 3s test @ http://frontend:80
    16 threads and 256 connections
    Thread Stats   Avg      Stdev     Max   +/- Stdev
    Latency    97.70ms   53.04ms 297.97ms   65.33%
    Req/Sec   162.90     37.23   272.00     69.83%
    Latency Distribution
    50%   98.56ms
    75%  111.20ms
    90%  182.58ms
    99%  212.61ms
    7939 requests in 3.10s, 28.76MB read
    Requests/sec:   2561.18
    Transfer/sec:      9.28MB
    [run.sh] /wrk/wrk -t16 -c256 -d60s -L -s /wrk/scripts/online-boutique/home.lua http://frontend:80
    [run.sh] Checking the resource usage
    NAME                              CPU(cores)   MEMORY(bytes)
    cart-5dbb9c7dff-mfkvk             535m         13Mi
    checkout-5bf9848688-2kh7r         1m           3Mi
    currency-b8fb98746-wlc9l          243m         14Mi
    email-67b8db8cc4-9lwzs            1m           3Mi
    frontend-56459f699b-kxjbv         1002m        39Mi
    payment-57b9c5bb94-l6wvw          1m           3Mi
    productcatalog-7dc956dc85-f2gn7   339m         13Mi
    recommendations-5d8dfff8b-hlgcz   1m           3Mi
    shipping-84c775c444-qgjlh         1m           3Mi
    ubuntu-client-6c977c85d8-sv58k    164m         1224Mi
    Running 1m test @ http://frontend:80
    16 threads and 256 connections
    Thread Stats   Avg      Stdev     Max   +/- Stdev
    Latency    94.61ms   52.62ms 477.73ms   66.03%
    Req/Sec   172.43     38.59     1.04k    72.19%
    Latency Distribution
    50%   98.16ms
    75%  105.04ms
    90%  175.71ms
    99%  219.11ms
    164982 requests in 1.00m, 597.57MB read
    Requests/sec:   2745.26
    Transfer/sec:      9.94MB
[test.py] Running home request with the following configuration: {'cart': 200, 'checkout': 0, 'currency': 0, 'email': 0, 'frontend': 0, 'payment': 0, 'product_catalog': 0, 'recommendations': 0, 'shipping': 0}
[test.py] Executing bash run.sh home:
    [run.sh] Running home with 16 threads, 256 connections, and 60 seconds
    [run.sh] Deleting all services
    service "cart" deleted
    deployment.apps "cart" deleted
    service "checkout" deleted
    deployment.apps "checkout" deleted
    service "currency" deleted
    deployment.apps "currency" deleted
    service "email" deleted
    deployment.apps "email" deleted
    service "frontend" deleted
    deployment.apps "frontend" deleted
    service "payment" deleted
    deployment.apps "payment" deleted
    service "productcatalog" deleted
    deployment.apps "productcatalog" deleted
    service "recommendations" deleted
    deployment.apps "recommendations" deleted
    service "shipping" deleted
    deployment.apps "shipping" deleted
    [run.sh] Waiting for all pods to be deleted
    ubuntu-client-6c977c85d8-sv58k   1/1     Running   0          85m
    [run.sh] Waiting for client to be ready
    [run.sh] Client is ready
    [run.sh] Deploying all services
    service/cart created
    deployment.apps/cart created
    service/checkout created
    deployment.apps/checkout created
    service/currency created
    deployment.apps/currency created
    service/email created
    deployment.apps/email created
    service/frontend created
    deployment.apps/frontend created
    service/payment created
    deployment.apps/payment created
    service/productcatalog created
    deployment.apps/productcatalog created
    service/recommendations created
    deployment.apps/recommendations created
    service/shipping created
    deployment.apps/shipping created
    [run.sh] Waiting for all pods to be running
    [run.sh] Waiting for all pods to be ready
    cart-6dc478855d-2zlxp checkout-5bf9848688-n4dzs currency-b8fb98746-dgmlc email-67b8db8cc4-29krf frontend-56459f699b-5dm7t payment-57b9c5bb94-l7hg7 productcatalog-7dc956dc85-ljxl7 recommendations-5d8dfff8b-frc5f shipping-84c775c444-f2rjk
    [run.sh] All pods are ready
    [run.sh] Checking heartbeat for all services
    [run.sh] cart is not reachable
    [run.sh] currency is not reachable
    [run.sh] All services are ready
    [run.sh] Running warmup test
    Running 3s test @ http://frontend:80
    16 threads and 256 connections
    Thread Stats   Avg      Stdev     Max   +/- Stdev
    Latency    93.72ms   39.50ms 220.75ms   77.77%
    Req/Sec   168.70     35.33   282.00     71.58%
    Latency Distribution
    50%   98.49ms
    75%  101.49ms
    90%  114.78ms
    99%  195.04ms
    8145 requests in 3.10s, 29.50MB read
    Requests/sec:   2627.45
    Transfer/sec:      9.52MB
    [run.sh] /wrk/wrk -t16 -c256 -d60s -L -s /wrk/scripts/online-boutique/home.lua http://frontend:80
    [run.sh] Checking the resource usage
    NAME                              CPU(cores)   MEMORY(bytes)
    cart-6dc478855d-2zlxp             171m         13Mi
    checkout-5bf9848688-n4dzs         0m           3Mi
    currency-b8fb98746-dgmlc          1m           10Mi
    email-67b8db8cc4-29krf            0m           3Mi
    frontend-56459f699b-5dm7t         1m           37Mi
    payment-57b9c5bb94-l7hg7          1m           3Mi
    productcatalog-7dc956dc85-ljxl7   80m          12Mi
    recommendations-5d8dfff8b-frc5f   1m           3Mi
    shipping-84c775c444-f2rjk         1m           3Mi
    ubuntu-client-6c977c85d8-sv58k    39m          1214Mi
    Running 1m test @ http://frontend:80
    16 threads and 256 connections
    Thread Stats   Avg      Stdev     Max   +/- Stdev
    Latency    95.41ms   37.61ms 293.00ms   81.33%
    Req/Sec   168.37     30.91     1.09k    77.78%
    Latency Distribution
    50%   99.00ms
    75%  101.00ms
    90%  105.16ms
    99%  194.84ms
    161183 requests in 1.00m, 583.81MB read
    Requests/sec:   2681.92
    Transfer/sec:      9.71MB
[test.py] Running home request with the following configuration: {'cart': 300, 'checkout': 0, 'currency': 0, 'email': 0, 'frontend': 0, 'payment': 0, 'product_catalog': 0, 'recommendations': 0, 'shipping': 0}
[test.py] Executing bash run.sh home:
    [run.sh] Running home with 16 threads, 256 connections, and 60 seconds
    [run.sh] Deleting all services
    service "cart" deleted
    deployment.apps "cart" deleted
    service "checkout" deleted
    deployment.apps "checkout" deleted
    service "currency" deleted
    deployment.apps "currency" deleted
    service "email" deleted
    deployment.apps "email" deleted
    service "frontend" deleted
    deployment.apps "frontend" deleted
    service "payment" deleted
    deployment.apps "payment" deleted
    service "productcatalog" deleted
    deployment.apps "productcatalog" deleted
    service "recommendations" deleted
    deployment.apps "recommendations" deleted
    service "shipping" deleted
    deployment.apps "shipping" deleted
    [run.sh] Waiting for all pods to be deleted
    ubuntu-client-6c977c85d8-sv58k   1/1     Running   0          87m
    [run.sh] Waiting for client to be ready
    [run.sh] Client is ready
    [run.sh] Deploying all services
    service/cart created
    deployment.apps/cart created
    service/checkout created
    deployment.apps/checkout created
    service/currency created
    deployment.apps/currency created
    service/email created
    deployment.apps/email created
    service/frontend created
    deployment.apps/frontend created
    service/payment created
    deployment.apps/payment created
    service/productcatalog created
    deployment.apps/productcatalog created
    service/recommendations created
    deployment.apps/recommendations created
    service/shipping created
    deployment.apps/shipping created
    [run.sh] Waiting for all pods to be running
    [run.sh] Waiting for all pods to be ready
    cart-5fcdf5cc49-czjjl checkout-5bf9848688-czbjv currency-b8fb98746-9crw4 email-67b8db8cc4-sncn2 frontend-56459f699b-6pkwz payment-57b9c5bb94-2g7br productcatalog-7dc956dc85-9nfn7 recommendations-5d8dfff8b-mhpbs shipping-84c775c444-pq92w
    [run.sh] All pods are ready
    [run.sh] Checking heartbeat for all services
    [run.sh] cart is not reachable
    [run.sh] cart is not reachable
    [run.sh] cart is not reachable
    [run.sh] cart is not reachable
    [run.sh] cart is not reachable
    [run.sh] cart is not reachable
    [run.sh] productcatalog is not reachable
    [run.sh] cart is not reachable
    [run.sh] All services are ready
    [run.sh] Running warmup test
    Running 3s test @ http://frontend:80
    16 threads and 256 connections
    Thread Stats   Avg      Stdev     Max   +/- Stdev
    Latency    96.50ms   42.21ms 303.77ms   74.48%
    Req/Sec   164.67     35.46   272.00     75.10%
    Latency Distribution
    50%   98.60ms
    75%  103.81ms
    90%  165.28ms
    99%  201.18ms
    7960 requests in 3.10s, 28.83MB read
    Requests/sec:   2567.94
    Transfer/sec:      9.30MB
    [run.sh] /wrk/wrk -t16 -c256 -d60s -L -s /wrk/scripts/online-boutique/home.lua http://frontend:80
    [run.sh] Checking the resource usage
    NAME                              CPU(cores)   MEMORY(bytes)
    cart-5fcdf5cc49-czjjl             811m         16Mi
    checkout-5bf9848688-czbjv         0m           3Mi
    currency-b8fb98746-9crw4          72m          12Mi
    email-67b8db8cc4-sncn2            0m           3Mi
    frontend-56459f699b-6pkwz         418m         39Mi
    payment-57b9c5bb94-2g7br          0m           3Mi
    productcatalog-7dc956dc85-9nfn7   278m         12Mi
    recommendations-5d8dfff8b-mhpbs   0m           3Mi
    shipping-84c775c444-pq92w         0m           3Mi
    ubuntu-client-6c977c85d8-sv58k    129m         1224Mi
    Running 1m test @ http://frontend:80
    16 threads and 256 connections
    Thread Stats   Avg      Stdev     Max   +/- Stdev
    Latency    96.30ms   45.21ms 375.60ms   72.31%
    Req/Sec   167.63     31.31   525.00     69.06%
    Latency Distribution
    50%   98.65ms
    75%  103.25ms
    90%  169.83ms
    99%  201.34ms
    160422 requests in 1.00m, 581.06MB read
    Requests/sec:   2669.32
    Transfer/sec:      9.67MB
[test.py] Running home request with the following configuration: {'cart': 400, 'checkout': 0, 'currency': 0, 'email': 0, 'frontend': 0, 'payment': 0, 'product_catalog': 0, 'recommendations': 0, 'shipping': 0}
[test.py] Executing bash run.sh home:
    [run.sh] Running home with 16 threads, 256 connections, and 60 seconds
    [run.sh] Deleting all services
    service "cart" deleted
    deployment.apps "cart" deleted
    service "checkout" deleted
    deployment.apps "checkout" deleted
    service "currency" deleted
    deployment.apps "currency" deleted
    service "email" deleted
    deployment.apps "email" deleted
    service "frontend" deleted
    deployment.apps "frontend" deleted
    service "payment" deleted
    deployment.apps "payment" deleted
    service "productcatalog" deleted
    deployment.apps "productcatalog" deleted
    service "recommendations" deleted
    deployment.apps "recommendations" deleted
    service "shipping" deleted
    deployment.apps "shipping" deleted
    [run.sh] Waiting for all pods to be deleted
    ubuntu-client-6c977c85d8-sv58k   1/1     Running   0          88m
    [run.sh] Waiting for client to be ready
    [run.sh] Client is ready
    [run.sh] Deploying all services
    service/cart created
    deployment.apps/cart created
    service/checkout created
    deployment.apps/checkout created
    service/currency created
    deployment.apps/currency created
    service/email created
    deployment.apps/email created
    service/frontend created
    deployment.apps/frontend created
    service/payment created
    deployment.apps/payment created
    service/productcatalog created
    deployment.apps/productcatalog created
    service/recommendations created
    deployment.apps/recommendations created
    service/shipping created
    deployment.apps/shipping created
    [run.sh] Waiting for all pods to be running
    [run.sh] Waiting for all pods to be ready
    cart-5f9566786d-bbmmg checkout-5bf9848688-875kf currency-b8fb98746-p5gwp email-67b8db8cc4-gtm2k frontend-56459f699b-vv6ll payment-57b9c5bb94-pgdht productcatalog-7dc956dc85-2pkgn recommendations-5d8dfff8b-f7d2n shipping-84c775c444-ql4nl
    [run.sh] All pods are ready
    [run.sh] Checking heartbeat for all services
    [run.sh] currency is not reachable
    [run.sh] currency is not reachable
    [run.sh] cart is not reachable
    [run.sh] All services are ready
    [run.sh] Running warmup test
    Running 3s test @ http://frontend:80
    16 threads and 256 connections
    Thread Stats   Avg      Stdev     Max   +/- Stdev
    Latency   120.18ms   54.18ms 496.28ms   69.27%
    Req/Sec   133.02     27.12   230.00     77.85%
    Latency Distribution
    50%  101.58ms
    75%  169.43ms
    90%  197.15ms
    99%  276.14ms
    6468 requests in 3.10s, 23.43MB read
    Requests/sec:   2086.22
    Transfer/sec:      7.56MB
    [run.sh] /wrk/wrk -t16 -c256 -d60s -L -s /wrk/scripts/online-boutique/home.lua http://frontend:80
    [run.sh] Checking the resource usage
    NAME                              CPU(cores)   MEMORY(bytes)
    cart-5f9566786d-bbmmg             1004m        17Mi
    checkout-5bf9848688-875kf         1m           3Mi
    currency-b8fb98746-p5gwp          179m         12Mi
    email-67b8db8cc4-gtm2k            1m           3Mi
    frontend-56459f699b-vv6ll         856m         34Mi
    payment-57b9c5bb94-pgdht          0m           3Mi
    productcatalog-7dc956dc85-2pkgn   264m         11Mi
    recommendations-5d8dfff8b-f7d2n   1m           3Mi
    shipping-84c775c444-ql4nl         0m           3Mi
    ubuntu-client-6c977c85d8-sv58k    127m         1224Mi
    Running 1m test @ http://frontend:80
    16 threads and 256 connections
    Thread Stats   Avg      Stdev     Max   +/- Stdev
    Latency   119.66ms   48.85ms 494.38ms   71.03%
    Req/Sec   134.91     22.33   505.00     66.12%
    Latency Distribution
    50%  101.57ms
    75%  140.02ms
    90%  196.04ms
    99%  270.76ms
    129074 requests in 1.00m, 467.51MB read
    Requests/sec:   2148.60
    Transfer/sec:      7.78MB
[test.py] Running home request with the following configuration: {'cart': 500, 'checkout': 0, 'currency': 0, 'email': 0, 'frontend': 0, 'payment': 0, 'product_catalog': 0, 'recommendations': 0, 'shipping': 0}
[test.py] Executing bash run.sh home:
    [run.sh] Running home with 16 threads, 256 connections, and 60 seconds
    [run.sh] Deleting all services
    service "cart" deleted
    deployment.apps "cart" deleted
    service "checkout" deleted
    deployment.apps "checkout" deleted
    service "currency" deleted
    deployment.apps "currency" deleted
    service "email" deleted
    deployment.apps "email" deleted
    service "frontend" deleted
    deployment.apps "frontend" deleted
    service "payment" deleted
    deployment.apps "payment" deleted
    service "productcatalog" deleted
    deployment.apps "productcatalog" deleted
    service "recommendations" deleted
    deployment.apps "recommendations" deleted
    service "shipping" deleted
    deployment.apps "shipping" deleted
    [run.sh] Waiting for all pods to be deleted
    ubuntu-client-6c977c85d8-sv58k   1/1     Running   0          90m
    [run.sh] Waiting for client to be ready
    [run.sh] Client is ready
    [run.sh] Deploying all services
    service/cart created
    deployment.apps/cart created
    service/checkout created
    deployment.apps/checkout created
    service/currency created
    deployment.apps/currency created
    service/email created
    deployment.apps/email created
    service/frontend created
    deployment.apps/frontend created
    service/payment created
    deployment.apps/payment created
    service/productcatalog created
    deployment.apps/productcatalog created
    service/recommendations created
    deployment.apps/recommendations created
    service/shipping created
    deployment.apps/shipping created
    [run.sh] Waiting for all pods to be running
    [run.sh] Waiting for all pods to be ready
    cart-7c7b5d6995-cc58f checkout-5bf9848688-sj2hm currency-b8fb98746-9fpvg email-67b8db8cc4-jkrpz frontend-56459f699b-t744c payment-57b9c5bb94-r6mw7 productcatalog-7dc956dc85-v76fv recommendations-5d8dfff8b-2rrfk shipping-84c775c444-hkwlf
    [run.sh] All pods are ready
    [run.sh] Checking heartbeat for all services
    [run.sh] productcatalog is not reachable
    [run.sh] All services are ready
    [run.sh] Running warmup test
    Running 3s test @ http://frontend:80
    16 threads and 256 connections
    Thread Stats   Avg      Stdev     Max   +/- Stdev
    Latency   142.51ms   59.18ms 515.94ms   86.88%
    Req/Sec   111.27     26.91   212.00     72.20%
    Latency Distribution
    50%  113.39ms
    75%  186.57ms
    90%  202.01ms
    99%  352.96ms
    5390 requests in 3.09s, 19.52MB read
    Requests/sec:   1742.36
    Transfer/sec:      6.31MB
    [run.sh] /wrk/wrk -t16 -c256 -d60s -L -s /wrk/scripts/online-boutique/home.lua http://frontend:80
    [run.sh] Checking the resource usage
    NAME                              CPU(cores)   MEMORY(bytes)
    cart-7c7b5d6995-cc58f             320m         17Mi
    checkout-5bf9848688-sj2hm         0m           3Mi
    currency-b8fb98746-9fpvg          50m          10Mi
    email-67b8db8cc4-jkrpz            0m           3Mi
    frontend-56459f699b-t744c         247m         35Mi
    payment-57b9c5bb94-r6mw7          0m           3Mi
    productcatalog-7dc956dc85-v76fv   71m          9Mi
    recommendations-5d8dfff8b-2rrfk   0m           3Mi
    shipping-84c775c444-hkwlf         0m           3Mi
    ubuntu-client-6c977c85d8-sv58k    32m          1223Mi
    Running 1m test @ http://frontend:80
    16 threads and 256 connections
    Thread Stats   Avg      Stdev     Max   +/- Stdev
    Latency   144.90ms   56.93ms 597.15ms   87.40%
    Req/Sec   111.20     22.43   770.00     79.71%
    Latency Distribution
    50%  106.85ms
    75%  195.04ms
    90%  202.02ms
    99%  301.88ms
    106427 requests in 1.00m, 385.48MB read
    Requests/sec:   1772.07
    Transfer/sec:      6.42MB
[test.py] Running home request with the following configuration: {'cart': 600, 'checkout': 0, 'currency': 0, 'email': 0, 'frontend': 0, 'payment': 0, 'product_catalog': 0, 'recommendations': 0, 'shipping': 0}
[test.py] Executing bash run.sh home:
    [run.sh] Running home with 16 threads, 256 connections, and 60 seconds
    [run.sh] Deleting all services
    service "cart" deleted
    deployment.apps "cart" deleted
    service "checkout" deleted
    deployment.apps "checkout" deleted
    service "currency" deleted
    deployment.apps "currency" deleted
    service "email" deleted
    deployment.apps "email" deleted
    service "frontend" deleted
    deployment.apps "frontend" deleted
    service "payment" deleted
    deployment.apps "payment" deleted
    service "productcatalog" deleted
    deployment.apps "productcatalog" deleted
    service "recommendations" deleted
    deployment.apps "recommendations" deleted
    service "shipping" deleted
    deployment.apps "shipping" deleted
    [run.sh] Waiting for all pods to be deleted
    ubuntu-client-6c977c85d8-sv58k   1/1     Running   0          91m
    [run.sh] Waiting for client to be ready
    [run.sh] Client is ready
    [run.sh] Deploying all services
    service/cart created
    deployment.apps/cart created
    service/checkout created
    deployment.apps/checkout created
    service/currency created
    deployment.apps/currency created
    service/email created
    deployment.apps/email created
    service/frontend created
    deployment.apps/frontend created
    service/payment created
    deployment.apps/payment created
    service/productcatalog created
    deployment.apps/productcatalog created
    service/recommendations created
    deployment.apps/recommendations created
    service/shipping created
    deployment.apps/shipping created
    [run.sh] Waiting for all pods to be running
    [run.sh] Waiting for all pods to be ready
    cart-bc9fc8fcd-f9lmn checkout-5bf9848688-kcd99 currency-b8fb98746-bdrhr email-67b8db8cc4-gt24n frontend-56459f699b-wfcqn payment-57b9c5bb94-j7xtl productcatalog-7dc956dc85-xtrqf recommendations-5d8dfff8b-j2765 shipping-84c775c444-xttnm
    [run.sh] All pods are ready
    [run.sh] Checking heartbeat for all services
    [run.sh] All services are ready
    [run.sh] Running warmup test
    Running 3s test @ http://frontend:80
    16 threads and 256 connections
    Thread Stats   Avg      Stdev     Max   +/- Stdev
    Latency   169.11ms   64.73ms 505.78ms   70.55%
    Req/Sec    92.88     21.67   161.00     66.32%
    Latency Distribution
    50%  173.34ms
    75%  198.50ms
    90%  231.15ms
    99%  400.32ms
    4522 requests in 3.10s, 16.38MB read
    Requests/sec:   1458.99
    Transfer/sec:      5.28MB
    [run.sh] /wrk/wrk -t16 -c256 -d60s -L -s /wrk/scripts/online-boutique/home.lua http://frontend:80
    [run.sh] Checking the resource usage
    NAME                              CPU(cores)   MEMORY(bytes)
    cart-bc9fc8fcd-f9lmn              996m         16Mi
    checkout-5bf9848688-kcd99         0m           3Mi
    currency-b8fb98746-bdrhr          130m         11Mi
    email-67b8db8cc4-gt24n            0m           3Mi
    frontend-56459f699b-wfcqn         669m         33Mi
    payment-57b9c5bb94-j7xtl          0m           3Mi
    productcatalog-7dc956dc85-xtrqf   189m         11Mi
    recommendations-5d8dfff8b-j2765   0m           3Mi
    shipping-84c775c444-xttnm         0m           3Mi
    ubuntu-client-6c977c85d8-sv58k    79m          1224Mi
    Running 1m test @ http://frontend:80
    16 threads and 256 connections
    Thread Stats   Avg      Stdev     Max   +/- Stdev
    Latency   171.34ms   64.93ms 690.44ms   61.71%
    Req/Sec    94.10     21.41   610.00     69.61%
    Latency Distribution
    50%  192.31ms
    75%  200.07ms
    90%  212.55ms
    99%  392.57ms
    90152 requests in 1.00m, 326.54MB read
    Requests/sec:   1500.06
    Transfer/sec:      5.43MB
[test.py] Running home request with the following configuration: {'cart': 700, 'checkout': 0, 'currency': 0, 'email': 0, 'frontend': 0, 'payment': 0, 'product_catalog': 0, 'recommendations': 0, 'shipping': 0}
[test.py] Executing bash run.sh home:
    [run.sh] Running home with 16 threads, 256 connections, and 60 seconds
    [run.sh] Deleting all services
    service "cart" deleted
    deployment.apps "cart" deleted
    service "checkout" deleted
    deployment.apps "checkout" deleted
    service "currency" deleted
    deployment.apps "currency" deleted
    service "email" deleted
    deployment.apps "email" deleted
    service "frontend" deleted
    deployment.apps "frontend" deleted
    service "payment" deleted
    deployment.apps "payment" deleted
    service "productcatalog" deleted
    deployment.apps "productcatalog" deleted
    service "recommendations" deleted
    deployment.apps "recommendations" deleted
    service "shipping" deleted
    deployment.apps "shipping" deleted
    [run.sh] Waiting for all pods to be deleted
    ubuntu-client-6c977c85d8-sv58k   1/1     Running   0          93m
    [run.sh] Waiting for client to be ready
    [run.sh] Client is ready
    [run.sh] Deploying all services
    service/cart created
    deployment.apps/cart created
    service/checkout created
    deployment.apps/checkout created
    service/currency created
    deployment.apps/currency created
    service/email created
    deployment.apps/email created
    service/frontend created
    deployment.apps/frontend created
    service/payment created
    deployment.apps/payment created
    service/productcatalog created
    deployment.apps/productcatalog created
    service/recommendations created
    deployment.apps/recommendations created
    service/shipping created
    deployment.apps/shipping created
    [run.sh] Waiting for all pods to be running
    [run.sh] Waiting for all pods to be ready
    cart-5f8986f-8tgtf checkout-5bf9848688-swhh6 currency-b8fb98746-jxv2j email-67b8db8cc4-2l56v frontend-56459f699b-k4vtg payment-57b9c5bb94-2vhb5 productcatalog-7dc956dc85-qtdc9 recommendations-5d8dfff8b-ww955 shipping-84c775c444-g2gbv
    [run.sh] All pods are ready
    [run.sh] Checking heartbeat for all services
    [run.sh] All services are ready
    [run.sh] Running warmup test
    Running 3s test @ http://frontend:80
    16 threads and 256 connections
    Thread Stats   Avg      Stdev     Max   +/- Stdev
    Latency   195.64ms   71.30ms 501.07ms   60.03%
    Req/Sec    79.91     21.53   140.00     75.10%
    Latency Distribution
    50%  196.76ms
    75%  205.59ms
    90%  297.37ms
    99%  396.58ms
    3894 requests in 3.10s, 14.10MB read
    Requests/sec:   1256.13
    Transfer/sec:      4.55MB
    [run.sh] /wrk/wrk -t16 -c256 -d60s -L -s /wrk/scripts/online-boutique/home.lua http://frontend:80
    [run.sh] Checking the resource usage
    NAME                              CPU(cores)   MEMORY(bytes)
    cart-5f8986f-8tgtf                356m         16Mi
    checkout-5bf9848688-swhh6         0m           3Mi
    currency-b8fb98746-jxv2j          55m          10Mi
    email-67b8db8cc4-2l56v            0m           3Mi
    frontend-56459f699b-k4vtg         350m         34Mi
    payment-57b9c5bb94-2vhb5          0m           3Mi
    productcatalog-7dc956dc85-qtdc9   59m          11Mi
    recommendations-5d8dfff8b-ww955   0m           3Mi
    shipping-84c775c444-g2gbv         0m           3Mi
    ubuntu-client-6c977c85d8-sv58k    28m          1224Mi
    Running 1m test @ http://frontend:80
    16 threads and 256 connections
    Thread Stats   Avg      Stdev     Max   +/- Stdev
    Latency   197.50ms   79.92ms 802.40ms   54.88%
    Req/Sec    81.53     21.47   535.00     68.79%
    Latency Distribution
    50%  197.00ms
    75%  204.50ms
    90%  299.02ms
    99%  406.36ms
    78172 requests in 1.00m, 283.14MB read
    Requests/sec:   1300.75
    Transfer/sec:      4.71MB
[test.py] Running home request with the following configuration: {'cart': 800, 'checkout': 0, 'currency': 0, 'email': 0, 'frontend': 0, 'payment': 0, 'product_catalog': 0, 'recommendations': 0, 'shipping': 0}
[test.py] Executing bash run.sh home:
    [run.sh] Running home with 16 threads, 256 connections, and 60 seconds
    [run.sh] Deleting all services
    service "cart" deleted
    deployment.apps "cart" deleted
    service "checkout" deleted
    deployment.apps "checkout" deleted
    service "currency" deleted
    deployment.apps "currency" deleted
    service "email" deleted
    deployment.apps "email" deleted
    service "frontend" deleted
    deployment.apps "frontend" deleted
    service "payment" deleted
    deployment.apps "payment" deleted
    service "productcatalog" deleted
    deployment.apps "productcatalog" deleted
    service "recommendations" deleted
    deployment.apps "recommendations" deleted
    service "shipping" deleted
    deployment.apps "shipping" deleted
    [run.sh] Waiting for all pods to be deleted
    ubuntu-client-6c977c85d8-sv58k   1/1     Running   0          94m
    [run.sh] Waiting for client to be ready
    [run.sh] Client is ready
    [run.sh] Deploying all services
    service/cart created
    deployment.apps/cart created
    service/checkout created
    deployment.apps/checkout created
    service/currency created
    deployment.apps/currency created
    service/email created
    deployment.apps/email created
    service/frontend created
    deployment.apps/frontend created
    service/payment created
    deployment.apps/payment created
    service/productcatalog created
    deployment.apps/productcatalog created
    service/recommendations created
    deployment.apps/recommendations created
    service/shipping created
    deployment.apps/shipping created
    [run.sh] Waiting for all pods to be running
    [run.sh] Waiting for all pods to be ready
    cart-74f696f964-2vrv2 checkout-5bf9848688-9h4qv currency-b8fb98746-9jgb9 email-67b8db8cc4-w7nc8 frontend-56459f699b-fqnll payment-57b9c5bb94-xwx5l productcatalog-7dc956dc85-lg4zx recommendations-5d8dfff8b-wjznd shipping-84c775c444-6pgsl
    [run.sh] All pods are ready
    [run.sh] Checking heartbeat for all services
    [run.sh] All services are ready
    [run.sh] Running warmup test
    Running 3s test @ http://frontend:80
    16 threads and 256 connections
    Thread Stats   Avg      Stdev     Max   +/- Stdev
    Latency   213.05ms   92.21ms 741.59ms   70.56%
    Req/Sec    72.63     22.41   150.00     62.09%
    Latency Distribution
    50%  199.18ms
    75%  260.15ms
    90%  304.55ms
    99%  503.19ms
    3549 requests in 3.10s, 12.85MB read
    Requests/sec:   1145.11
    Transfer/sec:      4.15MB
    [run.sh] /wrk/wrk -t16 -c256 -d60s -L -s /wrk/scripts/online-boutique/home.lua http://frontend:80
    [run.sh] Checking the resource usage
    NAME                              CPU(cores)   MEMORY(bytes)
    cart-74f696f964-2vrv2             1001m        17Mi
    checkout-5bf9848688-9h4qv         1m           3Mi
    currency-b8fb98746-9jgb9          106m         11Mi
    email-67b8db8cc4-w7nc8            1m           3Mi
    frontend-56459f699b-fqnll         516m         33Mi
    payment-57b9c5bb94-xwx5l          1m           3Mi
    productcatalog-7dc956dc85-lg4zx   148m         9Mi
    recommendations-5d8dfff8b-wjznd   1m           3Mi
    shipping-84c775c444-6pgsl         1m           3Mi
    ubuntu-client-6c977c85d8-sv58k    59m          1225Mi
    Running 1m test @ http://frontend:80
    16 threads and 256 connections
    Thread Stats   Avg      Stdev     Max   +/- Stdev
    Latency   223.92ms   71.67ms 799.49ms   70.01%
    Req/Sec    71.60     21.46   575.00     68.31%
    Latency Distribution
    50%  202.25ms
    75%  278.70ms
    90%  300.73ms
    99%  420.66ms
    68682 requests in 1.00m, 248.77MB read
    Requests/sec:   1143.35
    Transfer/sec:      4.14MB
[test.py] Running home request with the following configuration: {'cart': 900, 'checkout': 0, 'currency': 0, 'email': 0, 'frontend': 0, 'payment': 0, 'product_catalog': 0, 'recommendations': 0, 'shipping': 0}
[test.py] Executing bash run.sh home:
    [run.sh] Running home with 16 threads, 256 connections, and 60 seconds
    [run.sh] Deleting all services
    service "cart" deleted
    deployment.apps "cart" deleted
    service "checkout" deleted
    deployment.apps "checkout" deleted
    service "currency" deleted
    deployment.apps "currency" deleted
    service "email" deleted
    deployment.apps "email" deleted
    service "frontend" deleted
    deployment.apps "frontend" deleted
    service "payment" deleted
    deployment.apps "payment" deleted
    service "productcatalog" deleted
    deployment.apps "productcatalog" deleted
    service "recommendations" deleted
    deployment.apps "recommendations" deleted
    service "shipping" deleted
    deployment.apps "shipping" deleted
    [run.sh] Waiting for all pods to be deleted
    ubuntu-client-6c977c85d8-sv58k   1/1     Running   0          96m
    [run.sh] Waiting for client to be ready
    [run.sh] Client is ready
    [run.sh] Deploying all services
    service/cart created
    deployment.apps/cart created
    service/checkout created
    deployment.apps/checkout created
    service/currency created
    deployment.apps/currency created
    service/email created
    deployment.apps/email created
    service/frontend created
    deployment.apps/frontend created
    service/payment created
    deployment.apps/payment created
    service/productcatalog created
    deployment.apps/productcatalog created
    service/recommendations created
    deployment.apps/recommendations created
    service/shipping created
    deployment.apps/shipping created
    [run.sh] Waiting for all pods to be running
    [run.sh] Waiting for all pods to be ready
    cart-57dd4995c5-dcrjj checkout-5bf9848688-7xf8p currency-b8fb98746-7rqxv email-67b8db8cc4-mc5xb frontend-56459f699b-cgpwf payment-57b9c5bb94-l62kn productcatalog-7dc956dc85-pkwjg recommendations-5d8dfff8b-6s27p shipping-84c775c444-8gt7w
    [run.sh] All pods are ready
    [run.sh] Checking heartbeat for all services
    [run.sh] All services are ready
    [run.sh] Running warmup test
    Running 3s test @ http://frontend:80
    16 threads and 256 connections
    Thread Stats   Avg      Stdev     Max   +/- Stdev
    Latency   236.99ms   93.56ms 599.34ms   72.14%
    Req/Sec    64.17     21.14   151.00     68.25%
    Latency Distribution
    50%  203.21ms
    75%  297.30ms
    90%  392.53ms
    99%  498.40ms
    3125 requests in 3.10s, 11.32MB read
    Requests/sec:   1008.02
    Transfer/sec:      3.65MB
    [run.sh] /wrk/wrk -t16 -c256 -d60s -L -s /wrk/scripts/online-boutique/home.lua http://frontend:80
    [run.sh] Checking the resource usage
    NAME                              CPU(cores)   MEMORY(bytes)
    cart-57dd4995c5-dcrjj             998m         17Mi
    checkout-5bf9848688-7xf8p         1m           3Mi
    currency-b8fb98746-7rqxv          94m          10Mi
    email-67b8db8cc4-mc5xb            1m           3Mi
    frontend-56459f699b-cgpwf         437m         34Mi
    payment-57b9c5bb94-l62kn          1m           3Mi
    productcatalog-7dc956dc85-pkwjg   131m         11Mi
    recommendations-5d8dfff8b-6s27p   1m           3Mi
    shipping-84c775c444-8gt7w         1m           3Mi
    ubuntu-client-6c977c85d8-sv58k    55m          1224Mi
    Running 1m test @ http://frontend:80
    16 threads and 256 connections
    Thread Stats   Avg      Stdev     Max   +/- Stdev
    Latency   248.90ms  100.32ms 908.70ms   71.26%
    Req/Sec    64.56     20.42   570.00     71.43%
    Latency Distribution
    50%  203.12ms
    75%  299.15ms
    90%  396.55ms
    99%  505.40ms
    61944 requests in 1.00m, 224.36MB read
    Requests/sec:   1031.25
    Transfer/sec:      3.74MB
[test.py] Running home request with the following configuration: {'cart': 1000, 'checkout': 1000, 'currency': 1000, 'email': 1000, 'frontend': 1000, 'payment': 1000, 'product_catalog': 1000, 'recommendations': 1000, 'shipping': 1000}
[test.py] Executing bash run.sh home:
    [run.sh] Running home with 16 threads, 256 connections, and 60 seconds
    [run.sh] Deleting all services
    service "cart" deleted
    deployment.apps "cart" deleted
    service "checkout" deleted
    deployment.apps "checkout" deleted
    service "currency" deleted
    deployment.apps "currency" deleted
    service "email" deleted
    deployment.apps "email" deleted
    service "frontend" deleted
    deployment.apps "frontend" deleted
    service "payment" deleted
    deployment.apps "payment" deleted
    service "productcatalog" deleted
    deployment.apps "productcatalog" deleted
    service "recommendations" deleted
    deployment.apps "recommendations" deleted
    service "shipping" deleted
    deployment.apps "shipping" deleted
    [run.sh] Waiting for all pods to be deleted
    ubuntu-client-6c977c85d8-sv58k   1/1     Running   0          97m
    [run.sh] Waiting for client to be ready
    [run.sh] Client is ready
    [run.sh] Deploying all services
    service/cart created
    deployment.apps/cart created
    service/checkout created
    deployment.apps/checkout created
    service/currency created
    deployment.apps/currency created
    service/email created
    deployment.apps/email created
    service/frontend created
    deployment.apps/frontend created
    service/payment created
    deployment.apps/payment created
    service/productcatalog created
    deployment.apps/productcatalog created
    service/recommendations created
    deployment.apps/recommendations created
    service/shipping created
    deployment.apps/shipping created
    [run.sh] Waiting for all pods to be running
    [run.sh] Waiting for all pods to be ready
    cart-776c6f6f79-xwr24 checkout-744bff58d5-qk4hm currency-77cf85dd45-vnbtj email-5469cfc7d5-b6mfh frontend-5596756fb5-2sx8d payment-85bbf9fb97-8dbsk productcatalog-745b7cb86d-vwlft recommendations-59b954559-qr6c5 shipping-8665fcc4f9-tqns4
    [run.sh] All pods are ready
    [run.sh] Checking heartbeat for all services
    [run.sh] cart is not reachable
    [run.sh] All services are ready
    [run.sh] Running warmup test
    Running 3s test @ http://frontend:80
    16 threads and 256 connections
    Thread Stats   Avg      Stdev     Max   +/- Stdev
    Latency   356.88ms  142.44ms   1.20s    62.30%
    Req/Sec    45.83     22.40   111.00     62.50%
    Latency Distribution
    50%  318.38ms
    75%  423.00ms
    90%  518.47ms
    99%  725.42ms
    2020 requests in 3.10s, 7.32MB read
    Socket errors: connect 0, read 100, write 0, timeout 0
    Requests/sec:    651.64
    Transfer/sec:      2.36MB
    [run.sh] /wrk/wrk -t16 -c256 -d60s -L -s /wrk/scripts/online-boutique/home.lua http://frontend:80
    [run.sh] Checking the resource usage
    NAME                              CPU(cores)   MEMORY(bytes)
    cart-776c6f6f79-xwr24             799m         15Mi
    checkout-744bff58d5-qk4hm         1m           3Mi
    currency-77cf85dd45-vnbtj         798m         15Mi
    email-5469cfc7d5-b6mfh            1m           3Mi
    frontend-5596756fb5-2sx8d         999m         40Mi
    payment-85bbf9fb97-8dbsk          1m           3Mi
    productcatalog-745b7cb86d-vwlft   821m         15Mi
    recommendations-59b954559-qr6c5   1m           3Mi
    shipping-8665fcc4f9-tqns4         1m           3Mi
    ubuntu-client-6c977c85d8-sv58k    42m          1227Mi
    Running 1m test @ http://frontend:80
    16 threads and 256 connections
    Thread Stats   Avg      Stdev     Max   +/- Stdev
    Latency   351.94ms  145.94ms   1.49s    65.65%
    Req/Sec    46.04     21.43   240.00     64.32%
    Latency Distribution
    50%  308.49ms
    75%  407.32ms
    90%  520.87ms
    99%  800.24ms
    43831 requests in 1.00m, 158.76MB read
    Requests/sec:    729.75
    Transfer/sec:      2.64MB
[test.py] Running home request with the following configuration: {'cart': 1000, 'checkout': 900, 'currency': 900, 'email': 900, 'frontend': 900, 'payment': 900, 'product_catalog': 900, 'recommendations': 900, 'shipping': 900}
[test.py] Executing bash run.sh home:
    [run.sh] Running home with 16 threads, 256 connections, and 60 seconds
    [run.sh] Deleting all services
    service "cart" deleted
    deployment.apps "cart" deleted
    service "checkout" deleted
    deployment.apps "checkout" deleted
    service "currency" deleted
    deployment.apps "currency" deleted
    service "email" deleted
    deployment.apps "email" deleted
    service "frontend" deleted
    deployment.apps "frontend" deleted
    service "payment" deleted
    deployment.apps "payment" deleted
    service "productcatalog" deleted
    deployment.apps "productcatalog" deleted
    service "recommendations" deleted
    deployment.apps "recommendations" deleted
    service "shipping" deleted
    deployment.apps "shipping" deleted
    [run.sh] Waiting for all pods to be deleted
    ubuntu-client-6c977c85d8-sv58k   1/1     Running   0          99m
    [run.sh] Waiting for client to be ready
    [run.sh] Client is ready
    [run.sh] Deploying all services
    service/cart created
    deployment.apps/cart created
    service/checkout created
    deployment.apps/checkout created
    service/currency created
    deployment.apps/currency created
    service/email created
    deployment.apps/email created
    service/frontend created
    deployment.apps/frontend created
    service/payment created
    deployment.apps/payment created
    service/productcatalog created
    deployment.apps/productcatalog created
    service/recommendations created
    deployment.apps/recommendations created
    service/shipping created
    deployment.apps/shipping created
    [run.sh] Waiting for all pods to be running
    [run.sh] Waiting for all pods to be ready
    cart-776c6f6f79-6st8d checkout-7b86dc77f5-cvqfd currency-7c9d5c5fdf-v4njn email-6f44dc7b65-kcv5f frontend-b4c68755-5kq92 payment-8c86ffc57-jlj75 productcatalog-55b47b6df4-7zrzh recommendations-56f5778bd9-fb4k9 shipping-7f48748499-t7bfn
    [run.sh] All pods are ready
    [run.sh] Checking heartbeat for all services
    [run.sh] cart is not reachable
    [run.sh] cart is not reachable
    [run.sh] currency is not reachable
    [run.sh] currency is not reachable
    [run.sh] cart is not reachable
    [run.sh] cart is not reachable
    [run.sh] All services are ready
    [run.sh] Running warmup test
    Running 3s test @ http://frontend:80
    16 threads and 256 connections
    Thread Stats   Avg      Stdev     Max   +/- Stdev
    Latency   327.69ms  112.21ms 801.41ms   66.65%
    Req/Sec    48.46     24.73   140.00     69.75%
    Latency Distribution
    50%  304.37ms
    75%  401.05ms
    90%  486.95ms
    99%  618.34ms
    2229 requests in 3.09s, 8.07MB read
    Requests/sec:    721.55
    Transfer/sec:      2.61MB
    [run.sh] /wrk/wrk -t16 -c256 -d60s -L -s /wrk/scripts/online-boutique/home.lua http://frontend:80
    [run.sh] Checking the resource usage
    NAME                               CPU(cores)   MEMORY(bytes)
    cart-776c6f6f79-6st8d              344m         14Mi
    checkout-7b86dc77f5-cvqfd          0m           3Mi
    currency-7c9d5c5fdf-v4njn          253m         12Mi
    email-6f44dc7b65-kcv5f             0m           3Mi
    frontend-b4c68755-5kq92            338m         38Mi
    payment-8c86ffc57-jlj75            1m           3Mi
    productcatalog-55b47b6df4-7zrzh    318m         14Mi
    recommendations-56f5778bd9-fb4k9   1m           3Mi
    shipping-7f48748499-t7bfn          1m           3Mi
    ubuntu-client-6c977c85d8-sv58k     20m          1225Mi
    Running 1m test @ http://frontend:80
    16 threads and 256 connections
    Thread Stats   Avg      Stdev     Max   +/- Stdev
    Latency   335.23ms  142.89ms   1.30s    72.97%
    Req/Sec    48.28     21.38   250.00     64.41%
    Latency Distribution
    50%  304.19ms
    75%  402.02ms
    90%  504.95ms
    99%  780.52ms
    46089 requests in 1.00m, 166.94MB read
    Requests/sec:    767.30
    Transfer/sec:      2.78MB
[test.py] Running home request with the following configuration: {'cart': 1000, 'checkout': 800, 'currency': 800, 'email': 800, 'frontend': 800, 'payment': 800, 'product_catalog': 800, 'recommendations': 800, 'shipping': 800}
[test.py] Executing bash run.sh home:
    [run.sh] Running home with 16 threads, 256 connections, and 60 seconds
    [run.sh] Deleting all services
    service "cart" deleted
    deployment.apps "cart" deleted
    service "checkout" deleted
    deployment.apps "checkout" deleted
    service "currency" deleted
    deployment.apps "currency" deleted
    service "email" deleted
    deployment.apps "email" deleted
    service "frontend" deleted
    deployment.apps "frontend" deleted
    service "payment" deleted
    deployment.apps "payment" deleted
    service "productcatalog" deleted
    deployment.apps "productcatalog" deleted
    service "recommendations" deleted
    deployment.apps "recommendations" deleted
    service "shipping" deleted
    deployment.apps "shipping" deleted
    [run.sh] Waiting for all pods to be deleted
    ubuntu-client-6c977c85d8-sv58k   1/1     Running   0          100m
    [run.sh] Waiting for client to be ready
    [run.sh] Client is ready
    [run.sh] Deploying all services
    service/cart created
    deployment.apps/cart created
    service/checkout created
    deployment.apps/checkout created
    service/currency created
    deployment.apps/currency created
    service/email created
    deployment.apps/email created
    service/frontend created
    deployment.apps/frontend created
    service/payment created
    deployment.apps/payment created
    service/productcatalog created
    deployment.apps/productcatalog created
    service/recommendations created
    deployment.apps/recommendations created
    service/shipping created
    deployment.apps/shipping created
    [run.sh] Waiting for all pods to be running
    [run.sh] Waiting for all pods to be ready
    cart-776c6f6f79-wb6wb checkout-7f655f4856-d6r8v currency-7d9b955674-m49xh email-d47bbd4fd-9zxtr frontend-7fc98b9c5b-lpq6s payment-69ff794998-c8zkq productcatalog-fc9c9b857-42k5t recommendations-78f9b574f4-7rbc5 shipping-dbc8df556-8rscf
    [run.sh] All pods are ready
    [run.sh] Checking heartbeat for all services
    [run.sh] currency is not reachable
    [run.sh] currency is not reachable
    [run.sh] cart is not reachable
    [run.sh] currency is not reachable
    [run.sh] cart is not reachable
    [run.sh] cart is not reachable
    [run.sh] productcatalog is not reachable
    [run.sh] currency is not reachable
    [run.sh] productcatalog is not reachable
    [run.sh] All services are ready
    [run.sh] Running warmup test
    Running 3s test @ http://frontend:80
    16 threads and 256 connections
    Thread Stats   Avg      Stdev     Max   +/- Stdev
    Latency   306.24ms  109.44ms 707.53ms   77.84%
    Req/Sec    52.11     22.60   121.00     71.02%
    Latency Distribution
    50%  298.63ms
    75%  390.50ms
    90%  424.21ms
    99%  601.64ms
    2459 requests in 3.10s, 8.91MB read
    Requests/sec:    794.40
    Transfer/sec:      2.88MB
    [run.sh] /wrk/wrk -t16 -c256 -d60s -L -s /wrk/scripts/online-boutique/home.lua http://frontend:80
    [run.sh] Checking the resource usage
    NAME                               CPU(cores)   MEMORY(bytes)
    cart-776c6f6f79-wb6wb              926m         16Mi
    checkout-7f655f4856-d6r8v          0m           3Mi
    currency-7d9b955674-m49xh          759m         15Mi
    email-d47bbd4fd-9zxtr              1m           3Mi
    frontend-7fc98b9c5b-lpq6s          1005m        40Mi
    payment-69ff794998-c8zkq           0m           3Mi
    productcatalog-fc9c9b857-42k5t     784m         15Mi
    recommendations-78f9b574f4-7rbc5   0m           3Mi
    shipping-dbc8df556-8rscf           0m           3Mi
    ubuntu-client-6c977c85d8-sv58k     48m          1225Mi
    Running 1m test @ http://frontend:80
    16 threads and 256 connections
    Thread Stats   Avg      Stdev     Max   +/- Stdev
    Latency   305.16ms  121.02ms 998.91ms   80.16%
    Req/Sec    52.80     22.84   202.00     72.55%
    Latency Distribution
    50%  297.88ms
    75%  392.86ms
    90%  487.69ms
    99%  680.66ms
    50431 requests in 1.00m, 182.66MB read
    Requests/sec:    839.61
    Transfer/sec:      3.04MB
[test.py] Running home request with the following configuration: {'cart': 1000, 'checkout': 700, 'currency': 700, 'email': 700, 'frontend': 700, 'payment': 700, 'product_catalog': 700, 'recommendations': 700, 'shipping': 700}
[test.py] Executing bash run.sh home:
    [run.sh] Running home with 16 threads, 256 connections, and 60 seconds
    [run.sh] Deleting all services
    service "cart" deleted
    deployment.apps "cart" deleted
    service "checkout" deleted
    deployment.apps "checkout" deleted
    service "currency" deleted
    deployment.apps "currency" deleted
    service "email" deleted
    deployment.apps "email" deleted
    service "frontend" deleted
    deployment.apps "frontend" deleted
    service "payment" deleted
    deployment.apps "payment" deleted
    service "productcatalog" deleted
    deployment.apps "productcatalog" deleted
    service "recommendations" deleted
    deployment.apps "recommendations" deleted
    service "shipping" deleted
    deployment.apps "shipping" deleted
    [run.sh] Waiting for all pods to be deleted
    ubuntu-client-6c977c85d8-sv58k   1/1     Running   0          102m
    [run.sh] Waiting for client to be ready
    [run.sh] Client is ready
    [run.sh] Deploying all services
    service/cart created
    deployment.apps/cart created
    service/checkout created
    deployment.apps/checkout created
    service/currency created
    deployment.apps/currency created
    service/email created
    deployment.apps/email created
    service/frontend created
    deployment.apps/frontend created
    service/payment created
    deployment.apps/payment created
    service/productcatalog created
    deployment.apps/productcatalog created
    service/recommendations created
    deployment.apps/recommendations created
    service/shipping created
    deployment.apps/shipping created
    [run.sh] Waiting for all pods to be running
    [run.sh] Waiting for all pods to be ready
    cart-776c6f6f79-gn2gs checkout-7d4467d9df-nfn9k currency-678888565f-7rjrw email-866f7d495-nhrrx frontend-5b67f64f8f-r7szv payment-66c8cc4675-xb4ws productcatalog-c5878c9b4-g8lcj recommendations-ff96d94c5-nh4gp shipping-6547d7797c-p9lpr
    [run.sh] All pods are ready
    [run.sh] Checking heartbeat for all services
    [run.sh] cart is not reachable
    [run.sh] cart is not reachable
    [run.sh] cart is not reachable
    [run.sh] productcatalog is not reachable
    [run.sh] productcatalog is not reachable
    [run.sh] All services are ready
    [run.sh] Running warmup test
    Running 3s test @ http://frontend:80
    16 threads and 256 connections
    Thread Stats   Avg      Stdev     Max   +/- Stdev
    Latency   278.74ms   89.61ms 629.73ms   75.01%
    Req/Sec    56.97     21.27   141.00     64.99%
    Latency Distribution
    50%  268.80ms
    75%  339.58ms
    90%  398.82ms
    99%  521.55ms
    2707 requests in 3.10s, 9.80MB read
    Requests/sec:    873.31
    Transfer/sec:      3.16MB
    [run.sh] /wrk/wrk -t16 -c256 -d60s -L -s /wrk/scripts/online-boutique/home.lua http://frontend:80
    [run.sh] Checking the resource usage
    NAME                              CPU(cores)   MEMORY(bytes)
    cart-776c6f6f79-gn2gs             1006m        18Mi
    checkout-7d4467d9df-nfn9k         0m           3Mi
    currency-678888565f-7rjrw         732m         12Mi
    email-866f7d495-nhrrx             1m           3Mi
    frontend-5b67f64f8f-r7szv         1003m        39Mi
    payment-66c8cc4675-xb4ws          1m           3Mi
    productcatalog-c5878c9b4-g8lcj    769m         14Mi
    recommendations-ff96d94c5-nh4gp   0m           3Mi
    shipping-6547d7797c-p9lpr         1m           3Mi
    ubuntu-client-6c977c85d8-sv58k    48m          1225Mi
    Running 1m test @ http://frontend:80
    16 threads and 256 connections
    Thread Stats   Avg      Stdev     Max   +/- Stdev
    Latency   275.07ms   75.99ms 904.62ms   74.69%
    Req/Sec    58.28     21.86   282.00     74.41%
    Latency Distribution
    50%  291.89ms
    75%  303.06ms
    90%  389.83ms
    99%  495.44ms
    55779 requests in 1.00m, 202.03MB read
    Requests/sec:    928.79
    Transfer/sec:      3.36MB
[test.py] Running home request with the following configuration: {'cart': 1000, 'checkout': 600, 'currency': 600, 'email': 600, 'frontend': 600, 'payment': 600, 'product_catalog': 600, 'recommendations': 600, 'shipping': 600}
[test.py] Executing bash run.sh home:
    [run.sh] Running home with 16 threads, 256 connections, and 60 seconds
    [run.sh] Deleting all services
    service "cart" deleted
    deployment.apps "cart" deleted
    service "checkout" deleted
    deployment.apps "checkout" deleted
    service "currency" deleted
    deployment.apps "currency" deleted
    service "email" deleted
    deployment.apps "email" deleted
    service "frontend" deleted
    deployment.apps "frontend" deleted
    service "payment" deleted
    deployment.apps "payment" deleted
    service "productcatalog" deleted
    deployment.apps "productcatalog" deleted
    service "recommendations" deleted
    deployment.apps "recommendations" deleted
    service "shipping" deleted
    deployment.apps "shipping" deleted
    [run.sh] Waiting for all pods to be deleted
    ubuntu-client-6c977c85d8-sv58k   1/1     Running   0          104m
    [run.sh] Waiting for client to be ready
    [run.sh] Client is ready
    [run.sh] Deploying all services
    service/cart created
    deployment.apps/cart created
    service/checkout created
    deployment.apps/checkout created
    service/currency created
    deployment.apps/currency created
    service/email created
    deployment.apps/email created
    service/frontend created
    deployment.apps/frontend created
    service/payment created
    deployment.apps/payment created
    service/productcatalog created
    deployment.apps/productcatalog created
    service/recommendations created
    deployment.apps/recommendations created
    service/shipping created
    deployment.apps/shipping created
    [run.sh] Waiting for all pods to be running
    [run.sh] Waiting for all pods to be ready
    cart-776c6f6f79-42tf2 checkout-699775f86b-4pb9z currency-7b54d795dd-cc57k email-b959855bd-bg84s frontend-7c964d6678-fx5b6 payment-7976f669d8-8rcgr productcatalog-c7db8c895-9z5x6 recommendations-5c47d94d-r4wp8 shipping-866ddd87cd-tk2qv
    [run.sh] All pods are ready
    [run.sh] Checking heartbeat for all services
    [run.sh] cart is not reachable
    [run.sh] cart is not reachable
    [run.sh] cart is not reachable
    [run.sh] All services are ready
    [run.sh] Running warmup test
    Running 3s test @ http://frontend:80
    16 threads and 256 connections
    Thread Stats   Avg      Stdev     Max   +/- Stdev
    Latency   265.22ms   71.64ms 533.87ms   79.06%
    Req/Sec    59.31     21.49   121.00     74.03%
    Latency Distribution
    50%  278.02ms
    75%  300.41ms
    90%  372.83ms
    99%  479.87ms
    2813 requests in 3.10s, 10.19MB read
    Requests/sec:    907.42
    Transfer/sec:      3.29MB
    [run.sh] /wrk/wrk -t16 -c256 -d60s -L -s /wrk/scripts/online-boutique/home.lua http://frontend:80
    [run.sh] Checking the resource usage
    NAME                             CPU(cores)   MEMORY(bytes)
    cart-776c6f6f79-42tf2            328m         16Mi
    checkout-699775f86b-4pb9z        1m           3Mi
    currency-7b54d795dd-cc57k        220m         11Mi
    email-b959855bd-bg84s            0m           3Mi
    frontend-7c964d6678-fx5b6        325m         38Mi
    payment-7976f669d8-8rcgr         0m           3Mi
    productcatalog-c7db8c895-9z5x6   220m         12Mi
    recommendations-5c47d94d-r4wp8   1m           3Mi
    shipping-866ddd87cd-tk2qv        0m           3Mi
    ubuntu-client-6c977c85d8-sv58k   20m          1223Mi
    Running 1m test @ http://frontend:80
    16 threads and 256 connections
    Thread Stats   Avg      Stdev     Max   +/- Stdev
    Latency   275.75ms   94.94ms   1.00s    79.08%
    Req/Sec    58.30     19.33   252.00     70.06%
    Latency Distribution
    50%  291.82ms
    75%  302.31ms
    90%  399.28ms
    99%  593.77ms
    55827 requests in 1.00m, 202.21MB read
    Requests/sec:    929.57
    Transfer/sec:      3.37MB
[test.py] Running home request with the following configuration: {'cart': 1000, 'checkout': 500, 'currency': 500, 'email': 500, 'frontend': 500, 'payment': 500, 'product_catalog': 500, 'recommendations': 500, 'shipping': 500}
[test.py] Executing bash run.sh home:
    [run.sh] Running home with 16 threads, 256 connections, and 60 seconds
    [run.sh] Deleting all services
    service "cart" deleted
    deployment.apps "cart" deleted
    service "checkout" deleted
    deployment.apps "checkout" deleted
    service "currency" deleted
    deployment.apps "currency" deleted
    service "email" deleted
    deployment.apps "email" deleted
    service "frontend" deleted
    deployment.apps "frontend" deleted
    service "payment" deleted
    deployment.apps "payment" deleted
    service "productcatalog" deleted
    deployment.apps "productcatalog" deleted
    service "recommendations" deleted
    deployment.apps "recommendations" deleted
    service "shipping" deleted
    deployment.apps "shipping" deleted
    [run.sh] Waiting for all pods to be deleted
    ubuntu-client-6c977c85d8-sv58k   1/1     Running   0          106m
    [run.sh] Waiting for client to be ready
    [run.sh] Client is ready
    [run.sh] Deploying all services
    service/cart created
    deployment.apps/cart created
    service/checkout created
    deployment.apps/checkout created
    service/currency created
    deployment.apps/currency created
    service/email created
    deployment.apps/email created
    service/frontend created
    deployment.apps/frontend created
    service/payment created
    deployment.apps/payment created
    service/productcatalog created
    deployment.apps/productcatalog created
    service/recommendations created
    deployment.apps/recommendations created
    service/shipping created
    deployment.apps/shipping created
    [run.sh] Waiting for all pods to be running
    [run.sh] Waiting for all pods to be ready
    cart-776c6f6f79-rwdrf checkout-566d79fd79-wmgfk currency-548df977f7-wdv5s email-7fd4fd97cc-wjkxw frontend-678d4dd9b7-hzl4p payment-6fcd4674cc-m2jr6 productcatalog-66fd5765bb-txw29 recommendations-76fb55b6df-snj64 shipping-7954c8bd79-wpgfm
    [run.sh] All pods are ready
    [run.sh] Checking heartbeat for all services
    [run.sh] cart is not reachable
    [run.sh] All services are ready
    [run.sh] Running warmup test
    Running 3s test @ http://frontend:80
    16 threads and 256 connections
    Thread Stats   Avg      Stdev     Max   +/- Stdev
    Latency   273.67ms   89.14ms 607.24ms   75.61%
    Req/Sec    57.27     22.47   141.00     66.31%
    Latency Distribution
    50%  276.88ms
    75%  301.40ms
    90%  396.75ms
    99%  596.81ms
    2722 requests in 3.10s, 9.86MB read
    Requests/sec:    878.12
    Transfer/sec:      3.18MB
    [run.sh] /wrk/wrk -t16 -c256 -d60s -L -s /wrk/scripts/online-boutique/home.lua http://frontend:80
    [run.sh] Checking the resource usage
    NAME                               CPU(cores)   MEMORY(bytes)
    cart-776c6f6f79-rwdrf              996m         17Mi
    checkout-566d79fd79-wmgfk          0m           3Mi
    currency-548df977f7-wdv5s          557m         11Mi
    email-7fd4fd97cc-wjkxw             0m           3Mi
    frontend-678d4dd9b7-hzl4p          855m         36Mi
    payment-6fcd4674cc-m2jr6           0m           3Mi
    productcatalog-66fd5765bb-txw29    589m         13Mi
    recommendations-76fb55b6df-snj64   0m           3Mi
    shipping-7954c8bd79-wpgfm          0m           3Mi
    ubuntu-client-6c977c85d8-sv58k     53m          1225Mi
    Running 1m test @ http://frontend:80
    16 threads and 256 connections
    Thread Stats   Avg      Stdev     Max   +/- Stdev
    Latency   275.79ms   98.90ms 998.81ms   77.09%
    Req/Sec    58.30     19.98   410.00     70.32%
    Latency Distribution
    50%  291.45ms
    75%  302.98ms
    90%  400.06ms
    99%  598.02ms
    55882 requests in 1.00m, 202.41MB read
    Requests/sec:    930.48
    Transfer/sec:      3.37MB
[test.py] Running home request with the following configuration: {'cart': 1000, 'checkout': 400, 'currency': 400, 'email': 400, 'frontend': 400, 'payment': 400, 'product_catalog': 400, 'recommendations': 400, 'shipping': 400}
[test.py] Executing bash run.sh home:
    [run.sh] Running home with 16 threads, 256 connections, and 60 seconds
    [run.sh] Deleting all services
    service "cart" deleted
    deployment.apps "cart" deleted
    service "checkout" deleted
    deployment.apps "checkout" deleted
    service "currency" deleted
    deployment.apps "currency" deleted
    service "email" deleted
    deployment.apps "email" deleted
    service "frontend" deleted
    deployment.apps "frontend" deleted
    service "payment" deleted
    deployment.apps "payment" deleted
    service "productcatalog" deleted
    deployment.apps "productcatalog" deleted
    service "recommendations" deleted
    deployment.apps "recommendations" deleted
    service "shipping" deleted
    deployment.apps "shipping" deleted
    [run.sh] Waiting for all pods to be deleted
    ubuntu-client-6c977c85d8-sv58k   1/1     Running   0          107m
    [run.sh] Waiting for client to be ready
    [run.sh] Client is ready
    [run.sh] Deploying all services
    service/cart created
    deployment.apps/cart created
    service/checkout created
    deployment.apps/checkout created
    service/currency created
    deployment.apps/currency created
    service/email created
    deployment.apps/email created
    service/frontend created
    deployment.apps/frontend created
    service/payment created
    deployment.apps/payment created
    service/productcatalog created
    deployment.apps/productcatalog created
    service/recommendations created
    deployment.apps/recommendations created
    service/shipping created
    deployment.apps/shipping created
    [run.sh] Waiting for all pods to be running
    [run.sh] Waiting for all pods to be ready
    cart-776c6f6f79-s6hfh checkout-5b79f9d644-czw9k currency-6d656668c8-hps5f email-bccc85866-5ls9l frontend-98c7b45cb-qxwnh payment-8ff76bbc4-mpmc7 productcatalog-68989449bf-w4gs8 recommendations-d4f5c7d74-xfm9d shipping-5b958fc46d-kqzsx
    [run.sh] All pods are ready
    [run.sh] Checking heartbeat for all services
    [run.sh] cart is not reachable
    [run.sh] All services are ready
    [run.sh] Running warmup test
    Running 3s test @ http://frontend:80
    16 threads and 256 connections
    Thread Stats   Avg      Stdev     Max   +/- Stdev
    Latency   270.84ms   83.57ms 694.72ms   77.21%
    Req/Sec    57.55     20.30   130.00     68.20%
    Latency Distribution
    50%  282.57ms
    75%  301.92ms
    90%  397.05ms
    99%  498.84ms
    2720 requests in 3.10s, 9.85MB read
    Socket errors: connect 0, read 100, write 0, timeout 0
    Requests/sec:    877.68
    Transfer/sec:      3.18MB
    [run.sh] /wrk/wrk -t16 -c256 -d60s -L -s /wrk/scripts/online-boutique/home.lua http://frontend:80
    [run.sh] Checking the resource usage
    NAME                              CPU(cores)   MEMORY(bytes)
    cart-776c6f6f79-s6hfh             349m         16Mi
    checkout-5b79f9d644-czw9k         0m           3Mi
    currency-6d656668c8-hps5f         162m         10Mi
    email-bccc85866-5ls9l             0m           3Mi
    frontend-98c7b45cb-qxwnh          361m         36Mi
    payment-8ff76bbc4-mpmc7           0m           3Mi
    productcatalog-68989449bf-w4gs8   175m         12Mi
    recommendations-d4f5c7d74-xfm9d   0m           3Mi
    shipping-5b958fc46d-kqzsx         0m           3Mi
    ubuntu-client-6c977c85d8-sv58k    21m          1224Mi
    Running 1m test @ http://frontend:80
    16 threads and 256 connections
    Thread Stats   Avg      Stdev     Max   +/- Stdev
    Latency   275.12ms   99.62ms 997.76ms   75.89%
    Req/Sec    58.27     19.38   360.00     71.20%
    Latency Distribution
    50%  290.42ms
    75%  303.15ms
    90%  400.77ms
    99%  596.89ms
    55892 requests in 1.00m, 202.44MB read
    Requests/sec:    930.02
    Transfer/sec:      3.37MB
[test.py] Running home request with the following configuration: {'cart': 1000, 'checkout': 300, 'currency': 300, 'email': 300, 'frontend': 300, 'payment': 300, 'product_catalog': 300, 'recommendations': 300, 'shipping': 300}
[test.py] Executing bash run.sh home:
    [run.sh] Running home with 16 threads, 256 connections, and 60 seconds
    [run.sh] Deleting all services
    service "cart" deleted
    deployment.apps "cart" deleted
    service "checkout" deleted
    deployment.apps "checkout" deleted
    service "currency" deleted
    deployment.apps "currency" deleted
    service "email" deleted
    deployment.apps "email" deleted
    service "frontend" deleted
    deployment.apps "frontend" deleted
    service "payment" deleted
    deployment.apps "payment" deleted
    service "productcatalog" deleted
    deployment.apps "productcatalog" deleted
    service "recommendations" deleted
    deployment.apps "recommendations" deleted
    service "shipping" deleted
    deployment.apps "shipping" deleted
    [run.sh] Waiting for all pods to be deleted
    ubuntu-client-6c977c85d8-sv58k   1/1     Running   0          108m
    [run.sh] Waiting for client to be ready
    [run.sh] Client is ready
    [run.sh] Deploying all services
    service/cart created
    deployment.apps/cart created
    service/checkout created
    deployment.apps/checkout created
    service/currency created
    deployment.apps/currency created
    service/email created
    deployment.apps/email created
    service/frontend created
    deployment.apps/frontend created
    service/payment created
    deployment.apps/payment created
    service/productcatalog created
    deployment.apps/productcatalog created
    service/recommendations created
    deployment.apps/recommendations created
    service/shipping created
    deployment.apps/shipping created
    [run.sh] Waiting for all pods to be running
    [run.sh] Waiting for all pods to be ready
    cart-776c6f6f79-jx97k checkout-d848d868f-fqrk5 currency-5d9856995f-724hg email-797879cfbc-68pdg frontend-57dd75bf57-m5w2z payment-74974ff58c-xjxb2 productcatalog-d9d89d4bd-ftck8 recommendations-87b7896d7-xb2r2 shipping-dc4bdbf9c-bdnxt
    [run.sh] All pods are ready
    [run.sh] Checking heartbeat for all services
    [run.sh] All services are ready
    [run.sh] Running warmup test
    Running 3s test @ http://frontend:80
    16 threads and 256 connections
    Thread Stats   Avg      Stdev     Max   +/- Stdev
    Latency   262.90ms   82.31ms 555.31ms   75.86%
    Req/Sec    58.04     22.65   151.00     73.32%
    Latency Distribution
    50%  290.80ms
    75%  300.88ms
    90%  395.96ms
    99%  496.23ms
    2838 requests in 3.10s, 10.28MB read
    Requests/sec:    915.35
    Transfer/sec:      3.32MB
    [run.sh] /wrk/wrk -t16 -c256 -d60s -L -s /wrk/scripts/online-boutique/home.lua http://frontend:80
    [run.sh] Checking the resource usage
    NAME                              CPU(cores)   MEMORY(bytes)
    cart-776c6f6f79-jx97k             996m         18Mi
    checkout-d848d868f-fqrk5          1m           3Mi
    currency-5d9856995f-724hg         376m         11Mi
    email-797879cfbc-68pdg            0m           3Mi
    frontend-57dd75bf57-m5w2z         665m         36Mi
    payment-74974ff58c-xjxb2          0m           3Mi
    productcatalog-d9d89d4bd-ftck8    414m         10Mi
    recommendations-87b7896d7-xb2r2   1m           3Mi
    shipping-dc4bdbf9c-bdnxt          0m           3Mi
    ubuntu-client-6c977c85d8-sv58k    51m          1224Mi
    Running 1m test @ http://frontend:80
    16 threads and 256 connections
    Thread Stats   Avg      Stdev     Max   +/- Stdev
    Latency   274.82ms   95.19ms   1.01s    77.91%
    Req/Sec    58.34     20.19   484.00     70.25%
    Latency Distribution
    50%  292.27ms
    75%  302.62ms
    90%  399.32ms
    99%  594.89ms
    55981 requests in 1.00m, 202.77MB read
    Requests/sec:    931.50
    Transfer/sec:      3.37MB
[test.py] Running home request with the following configuration: {'cart': 1000, 'checkout': 200, 'currency': 200, 'email': 200, 'frontend': 200, 'payment': 200, 'product_catalog': 200, 'recommendations': 200, 'shipping': 200}
[test.py] Executing bash run.sh home:
    [run.sh] Running home with 16 threads, 256 connections, and 60 seconds
    [run.sh] Deleting all services
    service "cart" deleted
    deployment.apps "cart" deleted
    service "checkout" deleted
    deployment.apps "checkout" deleted
    service "currency" deleted
    deployment.apps "currency" deleted
    service "email" deleted
    deployment.apps "email" deleted
    service "frontend" deleted
    deployment.apps "frontend" deleted
    service "payment" deleted
    deployment.apps "payment" deleted
    service "productcatalog" deleted
    deployment.apps "productcatalog" deleted
    service "recommendations" deleted
    deployment.apps "recommendations" deleted
    service "shipping" deleted
    deployment.apps "shipping" deleted
    [run.sh] Waiting for all pods to be deleted
    ubuntu-client-6c977c85d8-sv58k   1/1     Running   0          110m
    [run.sh] Waiting for client to be ready
    [run.sh] Client is ready
    [run.sh] Deploying all services
    service/cart created
    deployment.apps/cart created
    service/checkout created
    deployment.apps/checkout created
    service/currency created
    deployment.apps/currency created
    service/email created
    deployment.apps/email created
    service/frontend created
    deployment.apps/frontend created
    service/payment created
    deployment.apps/payment created
    service/productcatalog created
    deployment.apps/productcatalog created
    service/recommendations created
    deployment.apps/recommendations created
    service/shipping created
    deployment.apps/shipping created
    [run.sh] Waiting for all pods to be running
    [run.sh] Waiting for all pods to be ready
    cart-776c6f6f79-lpp6n checkout-fdc485d66-4hj4n currency-df7986f6d-lqwgk email-5f848f454d-td26h frontend-589d784d98-n5bp5 payment-5b965bbc5b-4q9hj productcatalog-d756bbc6c-gqnhg recommendations-d4fc76796-r4pbs shipping-9cf6b546-27lnh
    [run.sh] All pods are ready
    [run.sh] Checking heartbeat for all services
    [run.sh] cart is not reachable
    [run.sh] All services are ready
    [run.sh] Running warmup test
    Running 3s test @ http://frontend:80
    16 threads and 256 connections
    Thread Stats   Avg      Stdev     Max   +/- Stdev
    Latency   261.62ms  103.54ms 782.17ms   73.62%
    Req/Sec    58.51     23.02   151.00     75.10%
    Latency Distribution
    50%  207.72ms
    75%  300.78ms
    90%  399.07ms
    99%  594.99ms
    2849 requests in 3.10s, 10.32MB read
    Requests/sec:    919.05
    Transfer/sec:      3.33MB
    [run.sh] /wrk/wrk -t16 -c256 -d60s -L -s /wrk/scripts/online-boutique/home.lua http://frontend:80
    [run.sh] Checking the resource usage
    NAME                              CPU(cores)   MEMORY(bytes)
    cart-776c6f6f79-lpp6n             687m         16Mi
    checkout-fdc485d66-4hj4n          1m           3Mi
    currency-df7986f6d-lqwgk          226m         11Mi
    email-5f848f454d-td26h            1m           3Mi
    frontend-589d784d98-n5bp5         540m         34Mi
    payment-5b965bbc5b-4q9hj          1m           3Mi
    productcatalog-d756bbc6c-gqnhg    222m         10Mi
    recommendations-d4fc76796-r4pbs   1m           3Mi
    shipping-9cf6b546-27lnh           1m           3Mi
    ubuntu-client-6c977c85d8-sv58k    40m          1224Mi
    Running 1m test @ http://frontend:80
    16 threads and 256 connections
    Thread Stats   Avg      Stdev     Max   +/- Stdev
    Latency   275.20ms   88.55ms   1.10s    80.94%
    Req/Sec    58.27     19.50   310.00     70.77%
    Latency Distribution
    50%  290.96ms
    75%  301.96ms
    90%  397.41ms
    99%  589.76ms
    55904 requests in 1.00m, 202.49MB read
    Requests/sec:    930.54
    Transfer/sec:      3.37MB
[test.py] Running home request with the following configuration: {'cart': 1000, 'checkout': 100, 'currency': 100, 'email': 100, 'frontend': 100, 'payment': 100, 'product_catalog': 100, 'recommendations': 100, 'shipping': 100}
[test.py] Executing bash run.sh home:
    [run.sh] Running home with 16 threads, 256 connections, and 60 seconds
    [run.sh] Deleting all services
    service "cart" deleted
    deployment.apps "cart" deleted
    service "checkout" deleted
    deployment.apps "checkout" deleted
    service "currency" deleted
    deployment.apps "currency" deleted
    service "email" deleted
    deployment.apps "email" deleted
    service "frontend" deleted
    deployment.apps "frontend" deleted
    service "payment" deleted
    deployment.apps "payment" deleted
    service "productcatalog" deleted
    deployment.apps "productcatalog" deleted
    service "recommendations" deleted
    deployment.apps "recommendations" deleted
    service "shipping" deleted
    deployment.apps "shipping" deleted
    [run.sh] Waiting for all pods to be deleted
    ubuntu-client-6c977c85d8-sv58k   1/1     Running   0          111m
    [run.sh] Waiting for client to be ready
    [run.sh] Client is ready
    [run.sh] Deploying all services
    service/cart created
    deployment.apps/cart created
    service/checkout created
    deployment.apps/checkout created
    service/currency created
    deployment.apps/currency created
    service/email created
    deployment.apps/email created
    service/frontend created
    deployment.apps/frontend created
    service/payment created
    deployment.apps/payment created
    service/productcatalog created
    deployment.apps/productcatalog created
    service/recommendations created
    deployment.apps/recommendations created
    service/shipping created
    deployment.apps/shipping created
    [run.sh] Waiting for all pods to be running
    [run.sh] Waiting for all pods to be ready
    cart-776c6f6f79-bsgzz checkout-7d8df54bb7-gbc6f currency-bbb78b457-nzqz5 email-5d565d7c-hltjk frontend-c5c579ff-4r25d payment-767d9b98b9-ffm6m productcatalog-74d98c677d-4tnxf recommendations-56f4dbbb5-drsmf shipping-88854456c-bwgnl
    [run.sh] All pods are ready
    [run.sh] Checking heartbeat for all services
    [run.sh] All services are ready
    [run.sh] Running warmup test
    Running 3s test @ http://frontend:80
    16 threads and 256 connections
    Thread Stats   Avg      Stdev     Max   +/- Stdev
    Latency   263.33ms  115.92ms 706.75ms   73.03%
    Req/Sec    57.65     22.11   130.00     62.96%
    Latency Distribution
    50%  205.80ms
    75%  300.28ms
    90%  400.52ms
    99%  604.42ms
    2815 requests in 3.10s, 10.20MB read
    Requests/sec:    907.94
    Transfer/sec:      3.29MB
    [run.sh] /wrk/wrk -t16 -c256 -d60s -L -s /wrk/scripts/online-boutique/home.lua http://frontend:80
    [run.sh] Checking the resource usage
    NAME                              CPU(cores)   MEMORY(bytes)
    cart-776c6f6f79-bsgzz             1002m        16Mi
    checkout-7d8df54bb7-gbc6f         1m           3Mi
    currency-bbb78b457-nzqz5          189m         11Mi
    email-5d565d7c-hltjk              1m           3Mi
    frontend-c5c579ff-4r25d           495m         35Mi
    payment-767d9b98b9-ffm6m          1m           3Mi
    productcatalog-74d98c677d-4tnxf   230m         10Mi
    recommendations-56f4dbbb5-drsmf   1m           3Mi
    shipping-88854456c-bwgnl          1m           3Mi
    ubuntu-client-6c977c85d8-sv58k    51m          1224Mi
    Running 1m test @ http://frontend:80
    16 threads and 256 connections
    Thread Stats   Avg      Stdev     Max   +/- Stdev
    Latency   275.80ms  102.62ms 897.84ms   73.41%
    Req/Sec    58.22     20.53   454.00     70.00%
    Latency Distribution
    50%  257.73ms
    75%  303.94ms
    90%  401.36ms
    99%  598.20ms
    55861 requests in 1.00m, 202.33MB read
    Requests/sec:    930.03
    Transfer/sec:      3.37MB
[test.py] Groundtruth:  [2672.2, 2745.26, 2681.92, 2669.32, 2148.6, 1772.07, 1500.06, 1300.75, 1143.35, 1031.25]
[test.py] Slowdown:  [729.75, 767.3, 839.61, 928.79, 929.57, 930.48, 930.02, 931.5, 930.54, 930.03]
[test.py] Predicted:  [2700.2775208140606, 2479.7207769123875, 2557.3539803601457, 2654.846261365683, 2101.8726625634818, 1739.995512005386, 1480.9424323876738, 1292.7624731108178, 1143.3212268949687, 1025.3947918240083]
[test.py] Error  [28.07752081406079, -265.53922308761275, -124.5660196398544, -14.473738634317215, -46.727337436518155, -32.074487994613946, -19.117567612326184, -7.987526889182163, -0.028773105031177693, -5.85520817599172]
[test.py] Summary: 
[test.py] Result for the experiment 0: 
    Groundtruth: [2672.2, 2745.26, 2681.92, 2669.32, 2148.6, 1772.07, 1500.06, 1300.75, 1143.35, 1031.25]
    Slowdown:    [729.75, 767.3, 839.61, 928.79, 929.57, 930.48, 930.02, 931.5, 930.54, 930.03]
    Predicted:   [2700.2775208140606, 2479.7207769123875, 2557.3539803601457, 2654.846261365683, 2101.8726625634818, 1739.995512005386, 1480.9424323876738, 1292.7624731108178, 1143.3212268949687, 1025.3947918240083]
    Error:       [28.07752081406079, -265.53922308761275, -124.5660196398544, -14.473738634317215, -46.727337436518155, -32.074487994613946, -19.117567612326184, -7.987526889182163, -0.028773105031177693, -5.85520817599172]
[test.py] Result for the experiment 1: 
