[run.sh] Running home with 4 threads, 4 connections, and 60 seconds
[run.sh] Deleting all services
service "cart" deleted
deployment.apps "cart" deleted
service "checkout" deleted
deployment.apps "checkout" deleted
service "currency" deleted
deployment.apps "currency" deleted
service "email" deleted
deployment.apps "email" deleted
service "frontend" deleted
deployment.apps "frontend" deleted
service "payment" deleted
deployment.apps "payment" deleted
service "productcatalog" deleted
deployment.apps "productcatalog" deleted
service "recommendations" deleted
deployment.apps "recommendations" deleted
service "shipping" deleted
deployment.apps "shipping" deleted
[run.sh] Waiting for all pods to be deleted
ubuntu-client-6c977c85d8-t9fbh   1/1     Running   0          62m
[run.sh] Waiting for client to be ready
[run.sh] Client is ready
[run.sh] Deploying all services
service/cart created
deployment.apps/cart created
service/checkout created
deployment.apps/checkout created
service/currency created
deployment.apps/currency created
service/email created
deployment.apps/email created
service/frontend created
deployment.apps/frontend created
service/payment created
deployment.apps/payment created
service/productcatalog created
deployment.apps/productcatalog created
service/recommendations created
deployment.apps/recommendations created
service/shipping created
deployment.apps/shipping created
[run.sh] Waiting for all pods to be running
[run.sh] Waiting for all pods to be ready
cart-776c6f6f79-rr5ls checkout-744bff58d5-cng7s currency-77cf85dd45-wsxh9 email-5469cfc7d5-f74mg frontend-5596756fb5-fm7w6 payment-85bbf9fb97-nvfvz productcatalog-745b7cb86d-h6gxc recommendations-59b954559-49ph2 shipping-8665fcc4f9-dcq5d
[run.sh] All pods are ready
[run.sh] Checking heartbeat for all services
[run.sh] All services are ready
[run.sh] Running warmup test
Running 3s test @ http://frontend:80
  4 threads and 4 connections
    Req/Sec       -nan      -nan   0.00      0.00%
  Latency Distribution (HdrHistogram - Recorded Latency)
 50.000%  182.65ms
 75.000%  260.22ms
 90.000%  317.44ms
 99.000%  348.42ms
 99.900%  362.49ms
 99.990%  365.31ms
 99.999%  365.31ms
100.000%  365.31ms

  Detailed Percentile spectrum:
       Value   Percentile   TotalCount 1/(1-Percentile)

      18.095     0.000000            1         1.00
      38.015     0.100000          186         1.11
      82.239     0.200000          372         1.25
     109.439     0.300000          557         1.43
     149.375     0.400000          744         1.67
     182.655     0.500000          928         2.00
     198.783     0.550000         1021         2.22
     214.527     0.600000         1115         2.50
     229.119     0.650000         1207         2.86
     245.375     0.700000         1300         3.33
     260.223     0.750000         1393         4.00
     273.151     0.775000         1439         4.44
     282.111     0.800000         1485         5.00
     289.279     0.825000         1534         5.71
     299.775     0.850000         1579         6.67
     308.735     0.875000         1626         8.00
     311.295     0.887500         1648         8.89
     317.439     0.900000         1673        10.00
     319.743     0.912500         1694        11.43
     321.791     0.925000         1717        13.33
     327.935     0.937500         1740        16.00
     329.727     0.943750         1752        17.78
     331.775     0.950000         1764        20.00
     333.311     0.956250         1775        22.86
     336.895     0.962500         1788        26.67
     339.199     0.968750         1798        32.00
     342.783     0.971875         1804        35.56
     344.319     0.975000         1811        40.00
     345.343     0.978125         1819        45.71
     345.855     0.981250         1823        53.33
     346.367     0.984375         1828        64.00
     346.623     0.985938         1830        71.11
     347.391     0.987500         1833        80.00
     348.159     0.989062         1836        91.43
     349.183     0.990625         1840       106.67
     349.439     0.992188         1842       128.00
     349.695     0.992969         1843       142.22
     350.463     0.993750         1845       160.00
     350.975     0.994531         1846       182.86
     360.703     0.995313         1848       213.33
     360.959     0.996094         1849       256.00
     361.215     0.996484         1850       284.44
     361.727     0.996875         1851       320.00
     361.727     0.997266         1851       365.71
     361.983     0.997656         1852       426.67
     362.495     0.998047         1854       512.00
     362.495     0.998242         1854       568.89
     362.495     0.998437         1854       640.00
     362.495     0.998633         1854       731.43
     362.495     0.998828         1854       853.33
     363.007     0.999023         1855      1024.00
     363.007     0.999121         1855      1137.78
     363.007     0.999219         1855      1280.00
     363.007     0.999316         1855      1462.86
     363.007     0.999414         1855      1706.67
     365.311     0.999512         1856      2048.00
     365.311     1.000000         1856          inf
#[Mean    =      180.200, StdDeviation   =       98.135]
#[Max     =      365.056, Total count    =         1856]
#[Buckets =           27, SubBuckets     =         2048]
----------------------------------------------------------
  1860 requests in 3.00s, 6.74MB read
Requests/sec:    619.53
Transfer/sec:      2.24MB
[run.sh] /wrk2/wrk -t4 -c4 -d60s -L -s /wrk/scripts/online-boutique/home.lua http://frontend:80
[run.sh] Checking the resource usage
NAME                              CPU(cores)   MEMORY(bytes)   
cart-776c6f6f79-rr5ls             719m         8Mi             
checkout-744bff58d5-cng7s         1m           3Mi             
currency-77cf85dd45-wsxh9         717m         8Mi             
email-5469cfc7d5-f74mg            1m           3Mi             
frontend-5596756fb5-fm7w6         1001m        10Mi            
payment-85bbf9fb97-nvfvz          1m           3Mi             
productcatalog-745b7cb86d-h6gxc   737m         8Mi             
recommendations-59b954559-49ph2   1m           3Mi             
shipping-8665fcc4f9-dcq5d         1m           3Mi             
ubuntu-client-6c977c85d8-t9fbh    31m          1219Mi          
Running 1m test @ http://frontend:80
  4 threads and 4 connections
  Thread calibration: mean lat.: 499.646ms, rate sampling interval: 1767ms
  Thread calibration: mean lat.: 665.195ms, rate sampling interval: 2338ms
  Thread calibration: mean lat.: 549.362ms, rate sampling interval: 1964ms
  Thread calibration: mean lat.: 633.768ms, rate sampling interval: 2306ms
    Req/Sec   154.62      4.22   161.00     88.42%
  Latency Distribution (HdrHistogram - Recorded Latency)
 50.000%    4.03s 
 75.000%    5.38s 
 90.000%    6.29s 
 99.000%    6.96s 
 99.900%    7.12s 
 99.990%    7.13s 
 99.999%    7.14s 
100.000%    7.14s 

  Detailed Percentile spectrum:
       Value   Percentile   TotalCount 1/(1-Percentile)

     982.527     0.000000            1         1.00
    1690.623     0.100000         3103         1.11
    2242.559     0.200000         6207         1.25
    2930.687     0.300000         9315         1.43
    3506.175     0.400000        12415         1.67
    4034.559     0.500000        15515         2.00
    4321.279     0.550000        17084         2.22
    4591.615     0.600000        18610         2.50
    4861.951     0.650000        20165         2.86
    5124.095     0.700000        21720         3.33
    5378.047     0.750000        23264         4.00
    5513.215     0.775000        24051         4.44
    5681.151     0.800000        24823         5.00
    5844.991     0.825000        25594         5.71
    5984.255     0.850000        26395         6.67
    6135.807     0.875000        27140         8.00
    6221.823     0.887500        27569         8.89
    6291.455     0.900000        27934        10.00
    6352.895     0.912500        28311        11.43
    6443.007     0.925000        28710        13.33
    6545.407     0.937500        29080        16.00
    6602.751     0.943750        29291        17.78
    6635.519     0.950000        29472        20.00
    6676.479     0.956250        29669        22.86
    6717.439     0.962500        29868        26.67
    6762.495     0.968750        30051        32.00
    6778.879     0.971875        30161        35.56
    6795.263     0.975000        30245        40.00
    6815.743     0.978125        30342        45.71
    6836.223     0.981250        30448        53.33
    6873.087     0.984375        30536        64.00
    6901.759     0.985938        30591        71.11
    6922.239     0.987500        30642        80.00
    6942.719     0.989062        30683        91.43
    6959.103     0.990625        30727       106.67
    6975.487     0.992188        30775       128.00
    6987.775     0.992969        30809       142.22
    7000.063     0.993750        30826       160.00
    7012.351     0.994531        30855       182.86
    7028.735     0.995313        30872       213.33
    7045.119     0.996094        30897       256.00
    7053.311     0.996484        30908       284.44
    7065.599     0.996875        30921       320.00
    7081.983     0.997266        30943       365.71
    7090.175     0.997656        30956       426.67
    7090.175     0.998047        30956       512.00
    7110.655     0.998242        30973       568.89
    7110.655     0.998437        30973       640.00
    7114.751     0.998633        30977       731.43
    7118.847     0.998828        30989       853.33
    7118.847     0.999023        30989      1024.00
    7118.847     0.999121        30989      1137.78
    7122.943     0.999219        30992      1280.00
    7127.039     0.999316        31004      1462.86
    7127.039     0.999414        31004      1706.67
    7127.039     0.999512        31004      2048.00
    7127.039     0.999561        31004      2275.56
    7127.039     0.999609        31004      2560.00
    7131.135     0.999658        31014      2925.71
    7131.135     0.999707        31014      3413.33
    7131.135     0.999756        31014      4096.00
    7131.135     0.999780        31014      4551.11
    7131.135     0.999805        31014      5120.00
    7131.135     0.999829        31014      5851.43
    7131.135     0.999854        31014      6826.67
    7131.135     0.999878        31014      8192.00
    7131.135     0.999890        31014      9102.22
    7131.135     0.999902        31014     10240.00
    7131.135     0.999915        31014     11702.86
    7131.135     0.999927        31014     13653.33
    7135.231     0.999939        31016     16384.00
    7135.231     1.000000        31016          inf
#[Mean    =     4016.754, StdDeviation   =     1653.735]
#[Max     =     7131.136, Total count    =        31016]
#[Buckets =           27, SubBuckets     =         2048]
----------------------------------------------------------
  37210 requests in 1.00m, 134.78MB read
Requests/sec:    620.16
Transfer/sec:      2.25MB
